[2023-05-05 10:30:35,721][train_vgg.py][line:200][INFO] start training!
[2023-05-05 10:32:08,758][train_vgg.py][line:207][INFO] Epoch:[0/200]	 loss=611.96868	 acc=18.911
[2023-05-05 10:32:14,081][train_vgg.py][line:215][INFO] Epoch:[0/200]	 Test acc=28.500
[2023-05-05 10:32:14,081][train_vgg.py][line:224][INFO] Best Test acc=28.500
[2023-05-05 10:33:44,630][train_vgg.py][line:207][INFO] Epoch:[1/200]	 loss=500.56928	 acc=38.656
[2023-05-05 10:33:49,940][train_vgg.py][line:215][INFO] Epoch:[1/200]	 Test acc=45.700
[2023-05-05 10:33:49,940][train_vgg.py][line:224][INFO] Best Test acc=45.700
[2023-05-05 10:35:21,369][train_vgg.py][line:207][INFO] Epoch:[2/200]	 loss=453.65060	 acc=45.533
[2023-05-05 10:35:26,687][train_vgg.py][line:215][INFO] Epoch:[2/200]	 Test acc=55.200
[2023-05-05 10:35:26,688][train_vgg.py][line:224][INFO] Best Test acc=55.200
[2023-05-05 10:36:57,891][train_vgg.py][line:207][INFO] Epoch:[3/200]	 loss=414.12920	 acc=51.411
[2023-05-05 10:37:03,184][train_vgg.py][line:215][INFO] Epoch:[3/200]	 Test acc=46.000
[2023-05-05 10:37:03,184][train_vgg.py][line:224][INFO] Best Test acc=55.200
[2023-05-05 10:38:34,146][train_vgg.py][line:207][INFO] Epoch:[4/200]	 loss=390.25793	 acc=55.333
[2023-05-05 10:38:39,466][train_vgg.py][line:215][INFO] Epoch:[4/200]	 Test acc=44.200
[2023-05-05 10:38:39,466][train_vgg.py][line:224][INFO] Best Test acc=55.200
[2023-05-05 10:40:10,353][train_vgg.py][line:207][INFO] Epoch:[5/200]	 loss=369.65769	 acc=57.989
[2023-05-05 10:40:15,687][train_vgg.py][line:215][INFO] Epoch:[5/200]	 Test acc=48.800
[2023-05-05 10:40:15,687][train_vgg.py][line:224][INFO] Best Test acc=55.200
[2023-05-05 10:41:46,851][train_vgg.py][line:207][INFO] Epoch:[6/200]	 loss=348.52848	 acc=61.578
[2023-05-05 10:41:52,164][train_vgg.py][line:215][INFO] Epoch:[6/200]	 Test acc=57.700
[2023-05-05 10:41:52,164][train_vgg.py][line:224][INFO] Best Test acc=57.700
[2023-05-05 10:43:23,488][train_vgg.py][line:207][INFO] Epoch:[7/200]	 loss=334.50124	 acc=62.689
[2023-05-05 10:43:28,809][train_vgg.py][line:215][INFO] Epoch:[7/200]	 Test acc=60.300
[2023-05-05 10:43:28,809][train_vgg.py][line:224][INFO] Best Test acc=60.300
[2023-05-05 10:45:00,550][train_vgg.py][line:207][INFO] Epoch:[8/200]	 loss=320.33478	 acc=65.122
[2023-05-05 10:45:05,867][train_vgg.py][line:215][INFO] Epoch:[8/200]	 Test acc=64.800
[2023-05-05 10:45:05,867][train_vgg.py][line:224][INFO] Best Test acc=64.800
[2023-05-05 10:46:37,539][train_vgg.py][line:207][INFO] Epoch:[9/200]	 loss=315.43429	 acc=65.589
[2023-05-05 10:46:42,857][train_vgg.py][line:215][INFO] Epoch:[9/200]	 Test acc=33.400
[2023-05-05 10:46:42,858][train_vgg.py][line:224][INFO] Best Test acc=64.800
[2023-05-05 10:48:14,075][train_vgg.py][line:207][INFO] Epoch:[10/200]	 loss=302.26126	 acc=67.500
[2023-05-05 10:48:19,407][train_vgg.py][line:215][INFO] Epoch:[10/200]	 Test acc=64.700
[2023-05-05 10:48:19,407][train_vgg.py][line:224][INFO] Best Test acc=64.800
[2023-05-05 10:49:50,284][train_vgg.py][line:207][INFO] Epoch:[11/200]	 loss=294.20372	 acc=68.322
[2023-05-05 10:49:55,583][train_vgg.py][line:215][INFO] Epoch:[11/200]	 Test acc=63.400
[2023-05-05 10:49:55,583][train_vgg.py][line:224][INFO] Best Test acc=64.800
[2023-05-05 10:51:26,752][train_vgg.py][line:207][INFO] Epoch:[12/200]	 loss=290.61020	 acc=68.878
[2023-05-05 10:51:32,121][train_vgg.py][line:215][INFO] Epoch:[12/200]	 Test acc=64.100
[2023-05-05 10:51:32,121][train_vgg.py][line:224][INFO] Best Test acc=64.800
[2023-05-05 10:53:03,102][train_vgg.py][line:207][INFO] Epoch:[13/200]	 loss=281.03371	 acc=70.222
[2023-05-05 10:53:08,403][train_vgg.py][line:215][INFO] Epoch:[13/200]	 Test acc=54.800
[2023-05-05 10:53:08,403][train_vgg.py][line:224][INFO] Best Test acc=64.800
[2023-05-05 10:54:39,336][train_vgg.py][line:207][INFO] Epoch:[14/200]	 loss=275.66439	 acc=71.000
[2023-05-05 10:54:44,656][train_vgg.py][line:215][INFO] Epoch:[14/200]	 Test acc=64.300
[2023-05-05 10:54:44,656][train_vgg.py][line:224][INFO] Best Test acc=64.800
[2023-05-05 10:56:15,725][train_vgg.py][line:207][INFO] Epoch:[15/200]	 loss=275.02718	 acc=70.778
[2023-05-05 10:56:21,047][train_vgg.py][line:215][INFO] Epoch:[15/200]	 Test acc=62.900
[2023-05-05 10:56:21,047][train_vgg.py][line:224][INFO] Best Test acc=64.800
[2023-05-05 10:57:52,161][train_vgg.py][line:207][INFO] Epoch:[16/200]	 loss=271.99712	 acc=71.778
[2023-05-05 10:57:57,529][train_vgg.py][line:215][INFO] Epoch:[16/200]	 Test acc=66.900
[2023-05-05 10:57:57,529][train_vgg.py][line:224][INFO] Best Test acc=66.900
[2023-05-05 10:59:29,016][train_vgg.py][line:207][INFO] Epoch:[17/200]	 loss=260.52754	 acc=72.489
[2023-05-05 10:59:34,348][train_vgg.py][line:215][INFO] Epoch:[17/200]	 Test acc=60.600
[2023-05-05 10:59:34,348][train_vgg.py][line:224][INFO] Best Test acc=66.900
[2023-05-05 11:01:05,469][train_vgg.py][line:207][INFO] Epoch:[18/200]	 loss=262.70395	 acc=72.511
[2023-05-05 11:01:10,793][train_vgg.py][line:215][INFO] Epoch:[18/200]	 Test acc=53.300
[2023-05-05 11:01:10,793][train_vgg.py][line:224][INFO] Best Test acc=66.900
[2023-05-05 11:02:41,699][train_vgg.py][line:207][INFO] Epoch:[19/200]	 loss=257.04064	 acc=73.267
[2023-05-05 11:02:46,994][train_vgg.py][line:215][INFO] Epoch:[19/200]	 Test acc=62.000
[2023-05-05 11:02:46,994][train_vgg.py][line:224][INFO] Best Test acc=66.900
[2023-05-05 11:04:18,085][train_vgg.py][line:207][INFO] Epoch:[20/200]	 loss=251.16820	 acc=74.133
[2023-05-05 11:04:23,414][train_vgg.py][line:215][INFO] Epoch:[20/200]	 Test acc=58.200
[2023-05-05 11:04:23,414][train_vgg.py][line:224][INFO] Best Test acc=66.900
[2023-05-05 11:05:54,455][train_vgg.py][line:207][INFO] Epoch:[21/200]	 loss=251.48659	 acc=74.389
[2023-05-05 11:05:59,773][train_vgg.py][line:215][INFO] Epoch:[21/200]	 Test acc=61.400
[2023-05-05 11:05:59,773][train_vgg.py][line:224][INFO] Best Test acc=66.900
[2023-05-05 11:07:30,892][train_vgg.py][line:207][INFO] Epoch:[22/200]	 loss=245.88061	 acc=74.844
[2023-05-05 11:07:36,220][train_vgg.py][line:215][INFO] Epoch:[22/200]	 Test acc=71.500
[2023-05-05 11:07:36,220][train_vgg.py][line:224][INFO] Best Test acc=71.500
[2023-05-05 11:09:07,735][train_vgg.py][line:207][INFO] Epoch:[23/200]	 loss=235.75727	 acc=76.300
[2023-05-05 11:09:13,060][train_vgg.py][line:215][INFO] Epoch:[23/200]	 Test acc=60.200
[2023-05-05 11:09:13,061][train_vgg.py][line:224][INFO] Best Test acc=71.500
[2023-05-05 11:10:43,995][train_vgg.py][line:207][INFO] Epoch:[24/200]	 loss=234.89297	 acc=76.644
[2023-05-05 11:10:49,308][train_vgg.py][line:215][INFO] Epoch:[24/200]	 Test acc=53.700
[2023-05-05 11:10:49,308][train_vgg.py][line:224][INFO] Best Test acc=71.500
[2023-05-05 11:12:20,079][train_vgg.py][line:207][INFO] Epoch:[25/200]	 loss=232.45877	 acc=76.289
[2023-05-05 11:12:25,395][train_vgg.py][line:215][INFO] Epoch:[25/200]	 Test acc=68.400
[2023-05-05 11:12:25,395][train_vgg.py][line:224][INFO] Best Test acc=71.500
[2023-05-05 11:13:56,415][train_vgg.py][line:207][INFO] Epoch:[26/200]	 loss=232.35362	 acc=76.478
[2023-05-05 11:14:01,732][train_vgg.py][line:215][INFO] Epoch:[26/200]	 Test acc=64.800
[2023-05-05 11:14:01,732][train_vgg.py][line:224][INFO] Best Test acc=71.500
[2023-05-05 11:15:32,806][train_vgg.py][line:207][INFO] Epoch:[27/200]	 loss=226.52931	 acc=77.744
[2023-05-05 11:15:38,150][train_vgg.py][line:215][INFO] Epoch:[27/200]	 Test acc=68.400
[2023-05-05 11:15:38,150][train_vgg.py][line:224][INFO] Best Test acc=71.500
[2023-05-05 11:17:09,126][train_vgg.py][line:207][INFO] Epoch:[28/200]	 loss=229.12040	 acc=76.767
[2023-05-05 11:17:14,472][train_vgg.py][line:215][INFO] Epoch:[28/200]	 Test acc=75.600
[2023-05-05 11:17:14,472][train_vgg.py][line:224][INFO] Best Test acc=75.600
[2023-05-05 11:18:45,797][train_vgg.py][line:207][INFO] Epoch:[29/200]	 loss=219.47808	 acc=77.600
[2023-05-05 11:18:51,093][train_vgg.py][line:215][INFO] Epoch:[29/200]	 Test acc=49.500
[2023-05-05 11:18:51,093][train_vgg.py][line:224][INFO] Best Test acc=75.600
[2023-05-05 11:20:22,070][train_vgg.py][line:207][INFO] Epoch:[30/200]	 loss=225.20949	 acc=77.533
[2023-05-05 11:20:27,410][train_vgg.py][line:215][INFO] Epoch:[30/200]	 Test acc=74.900
[2023-05-05 11:20:27,410][train_vgg.py][line:224][INFO] Best Test acc=75.600
[2023-05-05 11:21:58,541][train_vgg.py][line:207][INFO] Epoch:[31/200]	 loss=215.51031	 acc=78.933
[2023-05-05 11:22:03,942][train_vgg.py][line:215][INFO] Epoch:[31/200]	 Test acc=70.900
[2023-05-05 11:22:03,943][train_vgg.py][line:224][INFO] Best Test acc=75.600
[2023-05-05 11:23:35,221][train_vgg.py][line:207][INFO] Epoch:[32/200]	 loss=213.33637	 acc=78.656
[2023-05-05 11:23:40,617][train_vgg.py][line:215][INFO] Epoch:[32/200]	 Test acc=68.500
[2023-05-05 11:23:40,617][train_vgg.py][line:224][INFO] Best Test acc=75.600
[2023-05-05 11:25:11,489][train_vgg.py][line:207][INFO] Epoch:[33/200]	 loss=211.94507	 acc=78.822
[2023-05-05 11:25:16,800][train_vgg.py][line:215][INFO] Epoch:[33/200]	 Test acc=69.200
[2023-05-05 11:25:16,800][train_vgg.py][line:224][INFO] Best Test acc=75.600
[2023-05-05 11:26:47,751][train_vgg.py][line:207][INFO] Epoch:[34/200]	 loss=208.18281	 acc=80.356
[2023-05-05 11:26:53,079][train_vgg.py][line:215][INFO] Epoch:[34/200]	 Test acc=63.600
[2023-05-05 11:26:53,079][train_vgg.py][line:224][INFO] Best Test acc=75.600
[2023-05-05 11:28:24,110][train_vgg.py][line:207][INFO] Epoch:[35/200]	 loss=206.57605	 acc=80.189
[2023-05-05 11:28:29,408][train_vgg.py][line:215][INFO] Epoch:[35/200]	 Test acc=66.300
[2023-05-05 11:28:29,408][train_vgg.py][line:224][INFO] Best Test acc=75.600
[2023-05-05 11:30:00,579][train_vgg.py][line:207][INFO] Epoch:[36/200]	 loss=202.16953	 acc=80.400
[2023-05-05 11:30:05,973][train_vgg.py][line:215][INFO] Epoch:[36/200]	 Test acc=70.400
[2023-05-05 11:30:05,974][train_vgg.py][line:224][INFO] Best Test acc=75.600
[2023-05-05 11:31:37,104][train_vgg.py][line:207][INFO] Epoch:[37/200]	 loss=205.76641	 acc=80.022
[2023-05-05 11:31:42,423][train_vgg.py][line:215][INFO] Epoch:[37/200]	 Test acc=67.100
[2023-05-05 11:31:42,424][train_vgg.py][line:224][INFO] Best Test acc=75.600
[2023-05-05 11:33:13,654][train_vgg.py][line:207][INFO] Epoch:[38/200]	 loss=201.77305	 acc=80.267
[2023-05-05 11:33:19,026][train_vgg.py][line:215][INFO] Epoch:[38/200]	 Test acc=74.000
[2023-05-05 11:33:19,027][train_vgg.py][line:224][INFO] Best Test acc=75.600
[2023-05-05 11:34:49,992][train_vgg.py][line:207][INFO] Epoch:[39/200]	 loss=201.46916	 acc=80.956
[2023-05-05 11:34:55,301][train_vgg.py][line:215][INFO] Epoch:[39/200]	 Test acc=73.900
[2023-05-05 11:34:55,301][train_vgg.py][line:224][INFO] Best Test acc=75.600
[2023-05-05 11:36:26,362][train_vgg.py][line:207][INFO] Epoch:[40/200]	 loss=193.58679	 acc=81.411
[2023-05-05 11:36:31,696][train_vgg.py][line:215][INFO] Epoch:[40/200]	 Test acc=70.200
[2023-05-05 11:36:31,696][train_vgg.py][line:224][INFO] Best Test acc=75.600
[2023-05-05 11:38:02,818][train_vgg.py][line:207][INFO] Epoch:[41/200]	 loss=196.51954	 acc=81.500
[2023-05-05 11:38:08,147][train_vgg.py][line:215][INFO] Epoch:[41/200]	 Test acc=73.100
[2023-05-05 11:38:08,148][train_vgg.py][line:224][INFO] Best Test acc=75.600
[2023-05-05 11:39:39,189][train_vgg.py][line:207][INFO] Epoch:[42/200]	 loss=188.21716	 acc=82.678
[2023-05-05 11:39:44,522][train_vgg.py][line:215][INFO] Epoch:[42/200]	 Test acc=68.900
[2023-05-05 11:39:44,522][train_vgg.py][line:224][INFO] Best Test acc=75.600
[2023-05-05 11:41:15,634][train_vgg.py][line:207][INFO] Epoch:[43/200]	 loss=190.64434	 acc=81.944
[2023-05-05 11:41:20,937][train_vgg.py][line:215][INFO] Epoch:[43/200]	 Test acc=71.500
[2023-05-05 11:41:20,937][train_vgg.py][line:224][INFO] Best Test acc=75.600
[2023-05-05 11:42:52,091][train_vgg.py][line:207][INFO] Epoch:[44/200]	 loss=185.70921	 acc=82.811
[2023-05-05 11:42:57,409][train_vgg.py][line:215][INFO] Epoch:[44/200]	 Test acc=65.300
[2023-05-05 11:42:57,409][train_vgg.py][line:224][INFO] Best Test acc=75.600
[2023-05-05 11:44:28,689][train_vgg.py][line:207][INFO] Epoch:[45/200]	 loss=181.56580	 acc=83.278
[2023-05-05 11:44:34,010][train_vgg.py][line:215][INFO] Epoch:[45/200]	 Test acc=70.500
[2023-05-05 11:44:34,011][train_vgg.py][line:224][INFO] Best Test acc=75.600
[2023-05-05 11:46:05,031][train_vgg.py][line:207][INFO] Epoch:[46/200]	 loss=192.01576	 acc=82.433
[2023-05-05 11:46:10,387][train_vgg.py][line:215][INFO] Epoch:[46/200]	 Test acc=73.000
[2023-05-05 11:46:10,387][train_vgg.py][line:224][INFO] Best Test acc=75.600
[2023-05-05 11:47:41,662][train_vgg.py][line:207][INFO] Epoch:[47/200]	 loss=180.09627	 acc=82.956
[2023-05-05 11:47:47,022][train_vgg.py][line:215][INFO] Epoch:[47/200]	 Test acc=70.700
[2023-05-05 11:47:47,022][train_vgg.py][line:224][INFO] Best Test acc=75.600
[2023-05-05 11:49:18,124][train_vgg.py][line:207][INFO] Epoch:[48/200]	 loss=177.02736	 acc=83.722
[2023-05-05 11:49:23,453][train_vgg.py][line:215][INFO] Epoch:[48/200]	 Test acc=71.900
[2023-05-05 11:49:23,453][train_vgg.py][line:224][INFO] Best Test acc=75.600
[2023-05-05 11:50:54,374][train_vgg.py][line:207][INFO] Epoch:[49/200]	 loss=181.24814	 acc=83.500
[2023-05-05 11:50:59,667][train_vgg.py][line:215][INFO] Epoch:[49/200]	 Test acc=73.100
[2023-05-05 11:50:59,668][train_vgg.py][line:224][INFO] Best Test acc=75.600
[2023-05-05 11:52:30,915][train_vgg.py][line:207][INFO] Epoch:[50/200]	 loss=177.98720	 acc=83.867
[2023-05-05 11:52:36,238][train_vgg.py][line:215][INFO] Epoch:[50/200]	 Test acc=72.900
[2023-05-05 11:52:36,239][train_vgg.py][line:224][INFO] Best Test acc=75.600
[2023-05-05 11:54:07,364][train_vgg.py][line:207][INFO] Epoch:[51/200]	 loss=171.04494	 acc=84.244
[2023-05-05 11:54:12,708][train_vgg.py][line:215][INFO] Epoch:[51/200]	 Test acc=77.300
[2023-05-05 11:54:12,709][train_vgg.py][line:224][INFO] Best Test acc=77.300
[2023-05-05 11:55:44,164][train_vgg.py][line:207][INFO] Epoch:[52/200]	 loss=162.99462	 acc=85.678
[2023-05-05 11:55:49,480][train_vgg.py][line:215][INFO] Epoch:[52/200]	 Test acc=72.500
[2023-05-05 11:55:49,480][train_vgg.py][line:224][INFO] Best Test acc=77.300
[2023-05-05 11:57:20,350][train_vgg.py][line:207][INFO] Epoch:[53/200]	 loss=164.67816	 acc=85.300
[2023-05-05 11:57:25,643][train_vgg.py][line:215][INFO] Epoch:[53/200]	 Test acc=71.500
[2023-05-05 11:57:25,643][train_vgg.py][line:224][INFO] Best Test acc=77.300
[2023-05-05 11:58:56,766][train_vgg.py][line:207][INFO] Epoch:[54/200]	 loss=165.27408	 acc=85.367
[2023-05-05 11:59:02,086][train_vgg.py][line:215][INFO] Epoch:[54/200]	 Test acc=60.700
[2023-05-05 11:59:02,086][train_vgg.py][line:224][INFO] Best Test acc=77.300
[2023-05-05 12:00:32,954][train_vgg.py][line:207][INFO] Epoch:[55/200]	 loss=167.97134	 acc=84.989
[2023-05-05 12:00:38,246][train_vgg.py][line:215][INFO] Epoch:[55/200]	 Test acc=70.400
[2023-05-05 12:00:38,246][train_vgg.py][line:224][INFO] Best Test acc=77.300
[2023-05-05 12:02:09,197][train_vgg.py][line:207][INFO] Epoch:[56/200]	 loss=163.98332	 acc=85.733
[2023-05-05 12:02:14,516][train_vgg.py][line:215][INFO] Epoch:[56/200]	 Test acc=73.500
[2023-05-05 12:02:14,516][train_vgg.py][line:224][INFO] Best Test acc=77.300
[2023-05-05 12:03:45,590][train_vgg.py][line:207][INFO] Epoch:[57/200]	 loss=162.50943	 acc=85.411
[2023-05-05 12:03:50,903][train_vgg.py][line:215][INFO] Epoch:[57/200]	 Test acc=69.300
[2023-05-05 12:03:50,903][train_vgg.py][line:224][INFO] Best Test acc=77.300
[2023-05-05 12:05:22,154][train_vgg.py][line:207][INFO] Epoch:[58/200]	 loss=162.94847	 acc=85.478
[2023-05-05 12:05:27,485][train_vgg.py][line:215][INFO] Epoch:[58/200]	 Test acc=74.800
[2023-05-05 12:05:27,485][train_vgg.py][line:224][INFO] Best Test acc=77.300
[2023-05-05 12:06:58,469][train_vgg.py][line:207][INFO] Epoch:[59/200]	 loss=162.70229	 acc=85.422
[2023-05-05 12:07:03,792][train_vgg.py][line:215][INFO] Epoch:[59/200]	 Test acc=75.500
[2023-05-05 12:07:03,792][train_vgg.py][line:224][INFO] Best Test acc=77.300
[2023-05-05 12:08:34,706][train_vgg.py][line:207][INFO] Epoch:[60/200]	 loss=157.84813	 acc=86.200
[2023-05-05 12:08:40,014][train_vgg.py][line:215][INFO] Epoch:[60/200]	 Test acc=74.400
[2023-05-05 12:08:40,015][train_vgg.py][line:224][INFO] Best Test acc=77.300
[2023-05-05 12:10:10,993][train_vgg.py][line:207][INFO] Epoch:[61/200]	 loss=156.62758	 acc=86.944
[2023-05-05 12:10:16,332][train_vgg.py][line:215][INFO] Epoch:[61/200]	 Test acc=72.800
[2023-05-05 12:10:16,333][train_vgg.py][line:224][INFO] Best Test acc=77.300
[2023-05-05 12:11:47,350][train_vgg.py][line:207][INFO] Epoch:[62/200]	 loss=155.07555	 acc=86.556
[2023-05-05 12:11:52,670][train_vgg.py][line:215][INFO] Epoch:[62/200]	 Test acc=77.700
[2023-05-05 12:11:52,670][train_vgg.py][line:224][INFO] Best Test acc=77.700
[2023-05-05 12:13:24,109][train_vgg.py][line:207][INFO] Epoch:[63/200]	 loss=150.20328	 acc=87.122
[2023-05-05 12:13:29,405][train_vgg.py][line:215][INFO] Epoch:[63/200]	 Test acc=77.000
[2023-05-05 12:13:29,405][train_vgg.py][line:224][INFO] Best Test acc=77.700
[2023-05-05 12:15:00,496][train_vgg.py][line:207][INFO] Epoch:[64/200]	 loss=154.60152	 acc=86.467
[2023-05-05 12:15:05,906][train_vgg.py][line:215][INFO] Epoch:[64/200]	 Test acc=75.800
[2023-05-05 12:15:05,906][train_vgg.py][line:224][INFO] Best Test acc=77.700
[2023-05-05 12:16:37,094][train_vgg.py][line:207][INFO] Epoch:[65/200]	 loss=145.98460	 acc=87.600
[2023-05-05 12:16:42,468][train_vgg.py][line:215][INFO] Epoch:[65/200]	 Test acc=68.800
[2023-05-05 12:16:42,468][train_vgg.py][line:224][INFO] Best Test acc=77.700
[2023-05-05 12:18:13,517][train_vgg.py][line:207][INFO] Epoch:[66/200]	 loss=144.33400	 acc=87.722
[2023-05-05 12:18:18,830][train_vgg.py][line:215][INFO] Epoch:[66/200]	 Test acc=73.900
[2023-05-05 12:18:18,831][train_vgg.py][line:224][INFO] Best Test acc=77.700
[2023-05-05 12:19:49,910][train_vgg.py][line:207][INFO] Epoch:[67/200]	 loss=140.48562	 acc=88.067
[2023-05-05 12:19:55,235][train_vgg.py][line:215][INFO] Epoch:[67/200]	 Test acc=73.100
[2023-05-05 12:19:55,235][train_vgg.py][line:224][INFO] Best Test acc=77.700
[2023-05-05 12:21:26,153][train_vgg.py][line:207][INFO] Epoch:[68/200]	 loss=142.10325	 acc=88.033
[2023-05-05 12:21:31,462][train_vgg.py][line:215][INFO] Epoch:[68/200]	 Test acc=77.700
[2023-05-05 12:21:31,463][train_vgg.py][line:224][INFO] Best Test acc=77.700
[2023-05-05 12:23:02,623][train_vgg.py][line:207][INFO] Epoch:[69/200]	 loss=144.06830	 acc=88.111
[2023-05-05 12:23:07,958][train_vgg.py][line:215][INFO] Epoch:[69/200]	 Test acc=75.000
[2023-05-05 12:23:07,958][train_vgg.py][line:224][INFO] Best Test acc=77.700
[2023-05-05 12:24:39,063][train_vgg.py][line:207][INFO] Epoch:[70/200]	 loss=142.69103	 acc=88.322
[2023-05-05 12:24:44,393][train_vgg.py][line:215][INFO] Epoch:[70/200]	 Test acc=74.900
[2023-05-05 12:24:44,393][train_vgg.py][line:224][INFO] Best Test acc=77.700
[2023-05-05 12:26:15,690][train_vgg.py][line:207][INFO] Epoch:[71/200]	 loss=135.22663	 acc=88.756
[2023-05-05 12:26:21,029][train_vgg.py][line:215][INFO] Epoch:[71/200]	 Test acc=76.200
[2023-05-05 12:26:21,029][train_vgg.py][line:224][INFO] Best Test acc=77.700
[2023-05-05 12:27:52,193][train_vgg.py][line:207][INFO] Epoch:[72/200]	 loss=131.04612	 acc=89.622
[2023-05-05 12:27:57,510][train_vgg.py][line:215][INFO] Epoch:[72/200]	 Test acc=67.300
[2023-05-05 12:27:57,511][train_vgg.py][line:224][INFO] Best Test acc=77.700
[2023-05-05 12:29:28,404][train_vgg.py][line:207][INFO] Epoch:[73/200]	 loss=133.45650	 acc=89.444
[2023-05-05 12:29:33,700][train_vgg.py][line:215][INFO] Epoch:[73/200]	 Test acc=75.200
[2023-05-05 12:29:33,700][train_vgg.py][line:224][INFO] Best Test acc=77.700
[2023-05-05 12:31:04,737][train_vgg.py][line:207][INFO] Epoch:[74/200]	 loss=135.52364	 acc=89.133
[2023-05-05 12:31:10,057][train_vgg.py][line:215][INFO] Epoch:[74/200]	 Test acc=75.600
[2023-05-05 12:31:10,057][train_vgg.py][line:224][INFO] Best Test acc=77.700
[2023-05-05 12:32:41,200][train_vgg.py][line:207][INFO] Epoch:[75/200]	 loss=130.94265	 acc=89.589
[2023-05-05 12:32:46,532][train_vgg.py][line:215][INFO] Epoch:[75/200]	 Test acc=73.600
[2023-05-05 12:32:46,532][train_vgg.py][line:224][INFO] Best Test acc=77.700
[2023-05-05 12:34:17,702][train_vgg.py][line:207][INFO] Epoch:[76/200]	 loss=126.51096	 acc=90.189
[2023-05-05 12:34:23,025][train_vgg.py][line:215][INFO] Epoch:[76/200]	 Test acc=72.800
[2023-05-05 12:34:23,026][train_vgg.py][line:224][INFO] Best Test acc=77.700
[2023-05-05 12:35:53,923][train_vgg.py][line:207][INFO] Epoch:[77/200]	 loss=116.91269	 acc=91.178
[2023-05-05 12:35:59,224][train_vgg.py][line:215][INFO] Epoch:[77/200]	 Test acc=74.700
[2023-05-05 12:35:59,225][train_vgg.py][line:224][INFO] Best Test acc=77.700
[2023-05-05 12:37:30,041][train_vgg.py][line:207][INFO] Epoch:[78/200]	 loss=119.21832	 acc=91.000
[2023-05-05 12:37:35,364][train_vgg.py][line:215][INFO] Epoch:[78/200]	 Test acc=74.500
[2023-05-05 12:37:35,364][train_vgg.py][line:224][INFO] Best Test acc=77.700
[2023-05-05 12:39:06,385][train_vgg.py][line:207][INFO] Epoch:[79/200]	 loss=123.06350	 acc=90.456
[2023-05-05 12:39:11,679][train_vgg.py][line:215][INFO] Epoch:[79/200]	 Test acc=73.200
[2023-05-05 12:39:11,679][train_vgg.py][line:224][INFO] Best Test acc=77.700
[2023-05-05 12:40:42,781][train_vgg.py][line:207][INFO] Epoch:[80/200]	 loss=115.82715	 acc=91.589
[2023-05-05 12:40:48,082][train_vgg.py][line:215][INFO] Epoch:[80/200]	 Test acc=76.500
[2023-05-05 12:40:48,082][train_vgg.py][line:224][INFO] Best Test acc=77.700
[2023-05-05 12:42:19,082][train_vgg.py][line:207][INFO] Epoch:[81/200]	 loss=116.10193	 acc=91.378
[2023-05-05 12:42:24,396][train_vgg.py][line:215][INFO] Epoch:[81/200]	 Test acc=75.600
[2023-05-05 12:42:24,397][train_vgg.py][line:224][INFO] Best Test acc=77.700
[2023-05-05 12:43:55,338][train_vgg.py][line:207][INFO] Epoch:[82/200]	 loss=117.60760	 acc=91.189
[2023-05-05 12:44:00,634][train_vgg.py][line:215][INFO] Epoch:[82/200]	 Test acc=73.100
[2023-05-05 12:44:00,634][train_vgg.py][line:224][INFO] Best Test acc=77.700
[2023-05-05 12:45:31,649][train_vgg.py][line:207][INFO] Epoch:[83/200]	 loss=115.21827	 acc=91.600
[2023-05-05 12:45:37,001][train_vgg.py][line:215][INFO] Epoch:[83/200]	 Test acc=73.100
[2023-05-05 12:45:37,002][train_vgg.py][line:224][INFO] Best Test acc=77.700
[2023-05-05 12:47:08,026][train_vgg.py][line:207][INFO] Epoch:[84/200]	 loss=110.49928	 acc=92.144
[2023-05-05 12:47:13,350][train_vgg.py][line:215][INFO] Epoch:[84/200]	 Test acc=76.100
[2023-05-05 12:47:13,350][train_vgg.py][line:224][INFO] Best Test acc=77.700
[2023-05-05 12:48:44,102][train_vgg.py][line:207][INFO] Epoch:[85/200]	 loss=116.29968	 acc=91.100
[2023-05-05 12:48:49,401][train_vgg.py][line:215][INFO] Epoch:[85/200]	 Test acc=76.100
[2023-05-05 12:48:49,401][train_vgg.py][line:224][INFO] Best Test acc=77.700
[2023-05-05 12:50:20,202][train_vgg.py][line:207][INFO] Epoch:[86/200]	 loss=104.75918	 acc=92.489
[2023-05-05 12:50:25,516][train_vgg.py][line:215][INFO] Epoch:[86/200]	 Test acc=73.100
[2023-05-05 12:50:25,516][train_vgg.py][line:224][INFO] Best Test acc=77.700
[2023-05-05 12:51:56,510][train_vgg.py][line:207][INFO] Epoch:[87/200]	 loss=105.67159	 acc=92.544
[2023-05-05 12:52:01,828][train_vgg.py][line:215][INFO] Epoch:[87/200]	 Test acc=78.800
[2023-05-05 12:52:01,828][train_vgg.py][line:224][INFO] Best Test acc=78.800
[2023-05-05 12:53:33,153][train_vgg.py][line:207][INFO] Epoch:[88/200]	 loss=104.70621	 acc=92.711
[2023-05-05 12:53:38,460][train_vgg.py][line:215][INFO] Epoch:[88/200]	 Test acc=60.400
[2023-05-05 12:53:38,460][train_vgg.py][line:224][INFO] Best Test acc=78.800
[2023-05-05 12:55:09,455][train_vgg.py][line:207][INFO] Epoch:[89/200]	 loss=100.78232	 acc=93.400
[2023-05-05 12:55:14,823][train_vgg.py][line:215][INFO] Epoch:[89/200]	 Test acc=77.000
[2023-05-05 12:55:14,823][train_vgg.py][line:224][INFO] Best Test acc=78.800
[2023-05-05 12:56:45,893][train_vgg.py][line:207][INFO] Epoch:[90/200]	 loss=103.68226	 acc=92.678
[2023-05-05 12:56:51,241][train_vgg.py][line:215][INFO] Epoch:[90/200]	 Test acc=76.800
[2023-05-05 12:56:51,242][train_vgg.py][line:224][INFO] Best Test acc=78.800
[2023-05-05 12:58:22,081][train_vgg.py][line:207][INFO] Epoch:[91/200]	 loss=99.51636	 acc=93.200
[2023-05-05 12:58:27,395][train_vgg.py][line:215][INFO] Epoch:[91/200]	 Test acc=78.300
[2023-05-05 12:58:27,396][train_vgg.py][line:224][INFO] Best Test acc=78.800
[2023-05-05 12:59:58,444][train_vgg.py][line:207][INFO] Epoch:[92/200]	 loss=98.77512	 acc=93.489
[2023-05-05 13:00:03,788][train_vgg.py][line:215][INFO] Epoch:[92/200]	 Test acc=72.700
[2023-05-05 13:00:03,788][train_vgg.py][line:224][INFO] Best Test acc=78.800
[2023-05-05 13:01:34,817][train_vgg.py][line:207][INFO] Epoch:[93/200]	 loss=96.36318	 acc=93.867
[2023-05-05 13:01:40,134][train_vgg.py][line:215][INFO] Epoch:[93/200]	 Test acc=78.500
[2023-05-05 13:01:40,135][train_vgg.py][line:224][INFO] Best Test acc=78.800
[2023-05-05 13:03:11,067][train_vgg.py][line:207][INFO] Epoch:[94/200]	 loss=96.79694	 acc=93.500
[2023-05-05 13:03:16,381][train_vgg.py][line:215][INFO] Epoch:[94/200]	 Test acc=78.000
[2023-05-05 13:03:16,381][train_vgg.py][line:224][INFO] Best Test acc=78.800
[2023-05-05 13:04:47,370][train_vgg.py][line:207][INFO] Epoch:[95/200]	 loss=88.60114	 acc=94.389
[2023-05-05 13:04:52,719][train_vgg.py][line:215][INFO] Epoch:[95/200]	 Test acc=77.700
[2023-05-05 13:04:52,720][train_vgg.py][line:224][INFO] Best Test acc=78.800
[2023-05-05 13:06:23,851][train_vgg.py][line:207][INFO] Epoch:[96/200]	 loss=85.31104	 acc=95.133
[2023-05-05 13:06:29,176][train_vgg.py][line:215][INFO] Epoch:[96/200]	 Test acc=72.200
[2023-05-05 13:06:29,177][train_vgg.py][line:224][INFO] Best Test acc=78.800
[2023-05-05 13:08:00,327][train_vgg.py][line:207][INFO] Epoch:[97/200]	 loss=85.62131	 acc=95.056
[2023-05-05 13:08:05,652][train_vgg.py][line:215][INFO] Epoch:[97/200]	 Test acc=79.400
[2023-05-05 13:08:05,652][train_vgg.py][line:224][INFO] Best Test acc=79.400
[2023-05-05 13:09:37,204][train_vgg.py][line:207][INFO] Epoch:[98/200]	 loss=79.63577	 acc=95.689
[2023-05-05 13:09:42,538][train_vgg.py][line:215][INFO] Epoch:[98/200]	 Test acc=78.400
[2023-05-05 13:09:42,538][train_vgg.py][line:224][INFO] Best Test acc=79.400
[2023-05-05 13:11:13,638][train_vgg.py][line:207][INFO] Epoch:[99/200]	 loss=84.85572	 acc=94.944
[2023-05-05 13:11:18,969][train_vgg.py][line:215][INFO] Epoch:[99/200]	 Test acc=75.100
[2023-05-05 13:11:18,970][train_vgg.py][line:224][INFO] Best Test acc=79.400
[2023-05-05 13:12:50,042][train_vgg.py][line:207][INFO] Epoch:[100/200]	 loss=86.56902	 acc=94.456
[2023-05-05 13:12:55,373][train_vgg.py][line:215][INFO] Epoch:[100/200]	 Test acc=76.700
[2023-05-05 13:12:55,373][train_vgg.py][line:224][INFO] Best Test acc=79.400
[2023-05-05 13:14:26,318][train_vgg.py][line:207][INFO] Epoch:[101/200]	 loss=79.32498	 acc=95.667
[2023-05-05 13:14:31,640][train_vgg.py][line:215][INFO] Epoch:[101/200]	 Test acc=79.600
[2023-05-05 13:14:31,640][train_vgg.py][line:224][INFO] Best Test acc=79.600
[2023-05-05 13:16:03,369][train_vgg.py][line:207][INFO] Epoch:[102/200]	 loss=82.78079	 acc=95.189
[2023-05-05 13:16:08,689][train_vgg.py][line:215][INFO] Epoch:[102/200]	 Test acc=74.000
[2023-05-05 13:16:08,689][train_vgg.py][line:224][INFO] Best Test acc=79.600
[2023-05-05 13:17:39,767][train_vgg.py][line:207][INFO] Epoch:[103/200]	 loss=77.08470	 acc=95.678
[2023-05-05 13:17:45,103][train_vgg.py][line:215][INFO] Epoch:[103/200]	 Test acc=78.600
[2023-05-05 13:17:45,103][train_vgg.py][line:224][INFO] Best Test acc=79.600
[2023-05-05 13:19:16,051][train_vgg.py][line:207][INFO] Epoch:[104/200]	 loss=78.99367	 acc=95.622
[2023-05-05 13:19:21,361][train_vgg.py][line:215][INFO] Epoch:[104/200]	 Test acc=78.800
[2023-05-05 13:19:21,361][train_vgg.py][line:224][INFO] Best Test acc=79.600
[2023-05-05 13:20:52,411][train_vgg.py][line:207][INFO] Epoch:[105/200]	 loss=70.10583	 acc=96.467
[2023-05-05 13:20:57,707][train_vgg.py][line:215][INFO] Epoch:[105/200]	 Test acc=76.200
[2023-05-05 13:20:57,707][train_vgg.py][line:224][INFO] Best Test acc=79.600
[2023-05-05 13:22:28,816][train_vgg.py][line:207][INFO] Epoch:[106/200]	 loss=76.83278	 acc=96.000
[2023-05-05 13:22:34,116][train_vgg.py][line:215][INFO] Epoch:[106/200]	 Test acc=76.000
[2023-05-05 13:22:34,116][train_vgg.py][line:224][INFO] Best Test acc=79.600
[2023-05-05 13:24:05,091][train_vgg.py][line:207][INFO] Epoch:[107/200]	 loss=69.23031	 acc=96.556
[2023-05-05 13:24:10,483][train_vgg.py][line:215][INFO] Epoch:[107/200]	 Test acc=74.000
[2023-05-05 13:24:10,483][train_vgg.py][line:224][INFO] Best Test acc=79.600
[2023-05-05 13:25:41,587][train_vgg.py][line:207][INFO] Epoch:[108/200]	 loss=65.87270	 acc=96.900
[2023-05-05 13:25:46,942][train_vgg.py][line:215][INFO] Epoch:[108/200]	 Test acc=78.700
[2023-05-05 13:25:46,942][train_vgg.py][line:224][INFO] Best Test acc=79.600
[2023-05-05 13:27:18,093][train_vgg.py][line:207][INFO] Epoch:[109/200]	 loss=68.29611	 acc=96.556
[2023-05-05 13:27:23,404][train_vgg.py][line:215][INFO] Epoch:[109/200]	 Test acc=78.100
[2023-05-05 13:27:23,404][train_vgg.py][line:224][INFO] Best Test acc=79.600
[2023-05-05 13:28:54,668][train_vgg.py][line:207][INFO] Epoch:[110/200]	 loss=60.78332	 acc=97.344
[2023-05-05 13:28:59,990][train_vgg.py][line:215][INFO] Epoch:[110/200]	 Test acc=78.000
[2023-05-05 13:28:59,990][train_vgg.py][line:224][INFO] Best Test acc=79.600
[2023-05-05 13:30:31,199][train_vgg.py][line:207][INFO] Epoch:[111/200]	 loss=60.71922	 acc=97.022
[2023-05-05 13:30:36,533][train_vgg.py][line:215][INFO] Epoch:[111/200]	 Test acc=78.600
[2023-05-05 13:30:36,534][train_vgg.py][line:224][INFO] Best Test acc=79.600
[2023-05-05 13:32:07,589][train_vgg.py][line:207][INFO] Epoch:[112/200]	 loss=58.98912	 acc=97.411
[2023-05-05 13:32:12,927][train_vgg.py][line:215][INFO] Epoch:[112/200]	 Test acc=76.900
[2023-05-05 13:32:12,927][train_vgg.py][line:224][INFO] Best Test acc=79.600
[2023-05-05 13:33:44,000][train_vgg.py][line:207][INFO] Epoch:[113/200]	 loss=57.40998	 acc=97.456
[2023-05-05 13:33:49,322][train_vgg.py][line:215][INFO] Epoch:[113/200]	 Test acc=78.700
[2023-05-05 13:33:49,323][train_vgg.py][line:224][INFO] Best Test acc=79.600
[2023-05-05 13:35:20,457][train_vgg.py][line:207][INFO] Epoch:[114/200]	 loss=56.04908	 acc=97.778
[2023-05-05 13:35:25,750][train_vgg.py][line:215][INFO] Epoch:[114/200]	 Test acc=78.500
[2023-05-05 13:35:25,750][train_vgg.py][line:224][INFO] Best Test acc=79.600
[2023-05-05 13:36:56,856][train_vgg.py][line:207][INFO] Epoch:[115/200]	 loss=52.42895	 acc=98.089
[2023-05-05 13:37:02,211][train_vgg.py][line:215][INFO] Epoch:[115/200]	 Test acc=78.500
[2023-05-05 13:37:02,211][train_vgg.py][line:224][INFO] Best Test acc=79.600
[2023-05-05 13:38:33,058][train_vgg.py][line:207][INFO] Epoch:[116/200]	 loss=57.78591	 acc=97.444
[2023-05-05 13:38:38,403][train_vgg.py][line:215][INFO] Epoch:[116/200]	 Test acc=78.600
[2023-05-05 13:38:38,403][train_vgg.py][line:224][INFO] Best Test acc=79.600
[2023-05-05 13:40:09,535][train_vgg.py][line:207][INFO] Epoch:[117/200]	 loss=51.94168	 acc=97.989
[2023-05-05 13:40:14,918][train_vgg.py][line:215][INFO] Epoch:[117/200]	 Test acc=79.700
[2023-05-05 13:40:14,919][train_vgg.py][line:224][INFO] Best Test acc=79.700
[2023-05-05 13:41:46,300][train_vgg.py][line:207][INFO] Epoch:[118/200]	 loss=48.74973	 acc=98.311
[2023-05-05 13:41:51,617][train_vgg.py][line:215][INFO] Epoch:[118/200]	 Test acc=79.000
[2023-05-05 13:41:51,618][train_vgg.py][line:224][INFO] Best Test acc=79.700
[2023-05-05 13:43:22,617][train_vgg.py][line:207][INFO] Epoch:[119/200]	 loss=43.88452	 acc=98.544
[2023-05-05 13:43:27,952][train_vgg.py][line:215][INFO] Epoch:[119/200]	 Test acc=77.600
[2023-05-05 13:43:27,953][train_vgg.py][line:224][INFO] Best Test acc=79.700
[2023-05-05 13:44:58,962][train_vgg.py][line:207][INFO] Epoch:[120/200]	 loss=48.74649	 acc=98.200
[2023-05-05 13:45:04,394][train_vgg.py][line:215][INFO] Epoch:[120/200]	 Test acc=80.100
[2023-05-05 13:45:04,395][train_vgg.py][line:224][INFO] Best Test acc=80.100
[2023-05-05 13:46:35,766][train_vgg.py][line:207][INFO] Epoch:[121/200]	 loss=50.18352	 acc=97.856
[2023-05-05 13:46:41,078][train_vgg.py][line:215][INFO] Epoch:[121/200]	 Test acc=81.300
[2023-05-05 13:46:41,078][train_vgg.py][line:224][INFO] Best Test acc=81.300
[2023-05-05 13:48:12,312][train_vgg.py][line:207][INFO] Epoch:[122/200]	 loss=41.64374	 acc=98.667
[2023-05-05 13:48:17,642][train_vgg.py][line:215][INFO] Epoch:[122/200]	 Test acc=80.300
[2023-05-05 13:48:17,643][train_vgg.py][line:224][INFO] Best Test acc=81.300
[2023-05-05 13:49:48,697][train_vgg.py][line:207][INFO] Epoch:[123/200]	 loss=40.10534	 acc=98.922
[2023-05-05 13:49:54,018][train_vgg.py][line:215][INFO] Epoch:[123/200]	 Test acc=80.100
[2023-05-05 13:49:54,019][train_vgg.py][line:224][INFO] Best Test acc=81.300
[2023-05-05 13:51:24,962][train_vgg.py][line:207][INFO] Epoch:[124/200]	 loss=40.94257	 acc=98.733
[2023-05-05 13:51:30,311][train_vgg.py][line:215][INFO] Epoch:[124/200]	 Test acc=79.500
[2023-05-05 13:51:30,312][train_vgg.py][line:224][INFO] Best Test acc=81.300
[2023-05-05 13:53:01,210][train_vgg.py][line:207][INFO] Epoch:[125/200]	 loss=34.84341	 acc=99.278
[2023-05-05 13:53:06,556][train_vgg.py][line:215][INFO] Epoch:[125/200]	 Test acc=81.700
[2023-05-05 13:53:06,556][train_vgg.py][line:224][INFO] Best Test acc=81.700
[2023-05-05 13:54:37,843][train_vgg.py][line:207][INFO] Epoch:[126/200]	 loss=33.74191	 acc=99.289
[2023-05-05 13:54:43,152][train_vgg.py][line:215][INFO] Epoch:[126/200]	 Test acc=80.800
[2023-05-05 13:54:43,153][train_vgg.py][line:224][INFO] Best Test acc=81.700
[2023-05-05 13:56:14,051][train_vgg.py][line:207][INFO] Epoch:[127/200]	 loss=30.78756	 acc=99.356
[2023-05-05 13:56:19,374][train_vgg.py][line:215][INFO] Epoch:[127/200]	 Test acc=80.900
[2023-05-05 13:56:19,374][train_vgg.py][line:224][INFO] Best Test acc=81.700
[2023-05-05 13:57:50,176][train_vgg.py][line:207][INFO] Epoch:[128/200]	 loss=34.72330	 acc=99.000
[2023-05-05 13:57:55,469][train_vgg.py][line:215][INFO] Epoch:[128/200]	 Test acc=79.500
[2023-05-05 13:57:55,470][train_vgg.py][line:224][INFO] Best Test acc=81.700
[2023-05-05 13:59:26,322][train_vgg.py][line:207][INFO] Epoch:[129/200]	 loss=32.34644	 acc=99.133
[2023-05-05 13:59:31,638][train_vgg.py][line:215][INFO] Epoch:[129/200]	 Test acc=79.200
[2023-05-05 13:59:31,638][train_vgg.py][line:224][INFO] Best Test acc=81.700
[2023-05-05 14:01:02,709][train_vgg.py][line:207][INFO] Epoch:[130/200]	 loss=41.11273	 acc=98.756
[2023-05-05 14:01:08,026][train_vgg.py][line:215][INFO] Epoch:[130/200]	 Test acc=79.300
[2023-05-05 14:01:08,026][train_vgg.py][line:224][INFO] Best Test acc=81.700
[2023-05-05 14:02:39,179][train_vgg.py][line:207][INFO] Epoch:[131/200]	 loss=38.02271	 acc=98.967
[2023-05-05 14:02:44,516][train_vgg.py][line:215][INFO] Epoch:[131/200]	 Test acc=76.600
[2023-05-05 14:02:44,517][train_vgg.py][line:224][INFO] Best Test acc=81.700
[2023-05-05 14:04:15,683][train_vgg.py][line:207][INFO] Epoch:[132/200]	 loss=29.10411	 acc=99.511
[2023-05-05 14:04:20,991][train_vgg.py][line:215][INFO] Epoch:[132/200]	 Test acc=82.000
[2023-05-05 14:04:20,991][train_vgg.py][line:224][INFO] Best Test acc=82.000
[2023-05-05 14:05:52,562][train_vgg.py][line:207][INFO] Epoch:[133/200]	 loss=22.49544	 acc=99.756
[2023-05-05 14:05:57,880][train_vgg.py][line:215][INFO] Epoch:[133/200]	 Test acc=80.600
[2023-05-05 14:05:57,880][train_vgg.py][line:224][INFO] Best Test acc=82.000
[2023-05-05 14:07:28,969][train_vgg.py][line:207][INFO] Epoch:[134/200]	 loss=23.24367	 acc=99.733
[2023-05-05 14:07:34,277][train_vgg.py][line:215][INFO] Epoch:[134/200]	 Test acc=84.400
[2023-05-05 14:07:34,277][train_vgg.py][line:224][INFO] Best Test acc=84.400
[2023-05-05 14:09:06,121][train_vgg.py][line:207][INFO] Epoch:[135/200]	 loss=20.35658	 acc=99.767
[2023-05-05 14:09:11,458][train_vgg.py][line:215][INFO] Epoch:[135/200]	 Test acc=82.400
[2023-05-05 14:09:11,458][train_vgg.py][line:224][INFO] Best Test acc=84.400
[2023-05-05 14:10:42,489][train_vgg.py][line:207][INFO] Epoch:[136/200]	 loss=17.58022	 acc=99.911
[2023-05-05 14:10:47,798][train_vgg.py][line:215][INFO] Epoch:[136/200]	 Test acc=83.400
[2023-05-05 14:10:47,798][train_vgg.py][line:224][INFO] Best Test acc=84.400
[2023-05-05 14:12:18,634][train_vgg.py][line:207][INFO] Epoch:[137/200]	 loss=15.35786	 acc=99.944
[2023-05-05 14:12:23,972][train_vgg.py][line:215][INFO] Epoch:[137/200]	 Test acc=84.300
[2023-05-05 14:12:23,972][train_vgg.py][line:224][INFO] Best Test acc=84.400
[2023-05-05 14:13:55,070][train_vgg.py][line:207][INFO] Epoch:[138/200]	 loss=13.05110	 acc=99.978
[2023-05-05 14:14:00,400][train_vgg.py][line:215][INFO] Epoch:[138/200]	 Test acc=84.100
[2023-05-05 14:14:00,400][train_vgg.py][line:224][INFO] Best Test acc=84.400
[2023-05-05 14:15:31,582][train_vgg.py][line:207][INFO] Epoch:[139/200]	 loss=11.70651	 acc=99.978
[2023-05-05 14:15:36,897][train_vgg.py][line:215][INFO] Epoch:[139/200]	 Test acc=82.600
[2023-05-05 14:15:36,897][train_vgg.py][line:224][INFO] Best Test acc=84.400
[2023-05-05 14:17:08,080][train_vgg.py][line:207][INFO] Epoch:[140/200]	 loss=11.35252	 acc=100.000
[2023-05-05 14:17:13,412][train_vgg.py][line:215][INFO] Epoch:[140/200]	 Test acc=82.600
[2023-05-05 14:17:13,412][train_vgg.py][line:224][INFO] Best Test acc=84.400
[2023-05-05 14:18:44,520][train_vgg.py][line:207][INFO] Epoch:[141/200]	 loss=9.97527	 acc=100.000
[2023-05-05 14:18:49,838][train_vgg.py][line:215][INFO] Epoch:[141/200]	 Test acc=82.600
[2023-05-05 14:18:49,838][train_vgg.py][line:224][INFO] Best Test acc=84.400
[2023-05-05 14:20:21,051][train_vgg.py][line:207][INFO] Epoch:[142/200]	 loss=9.22699	 acc=100.000
[2023-05-05 14:20:26,370][train_vgg.py][line:215][INFO] Epoch:[142/200]	 Test acc=83.800
[2023-05-05 14:20:26,370][train_vgg.py][line:224][INFO] Best Test acc=84.400
[2023-05-05 14:21:57,417][train_vgg.py][line:207][INFO] Epoch:[143/200]	 loss=11.20709	 acc=99.978
[2023-05-05 14:22:02,752][train_vgg.py][line:215][INFO] Epoch:[143/200]	 Test acc=84.300
[2023-05-05 14:22:02,753][train_vgg.py][line:224][INFO] Best Test acc=84.400
[2023-05-05 14:23:33,726][train_vgg.py][line:207][INFO] Epoch:[144/200]	 loss=9.66594	 acc=100.000
[2023-05-05 14:23:39,042][train_vgg.py][line:215][INFO] Epoch:[144/200]	 Test acc=84.600
[2023-05-05 14:23:39,042][train_vgg.py][line:224][INFO] Best Test acc=84.600
[2023-05-05 14:25:10,648][train_vgg.py][line:207][INFO] Epoch:[145/200]	 loss=8.63725	 acc=100.000
[2023-05-05 14:25:15,980][train_vgg.py][line:215][INFO] Epoch:[145/200]	 Test acc=83.900
[2023-05-05 14:25:15,980][train_vgg.py][line:224][INFO] Best Test acc=84.600
[2023-05-05 14:26:46,954][train_vgg.py][line:207][INFO] Epoch:[146/200]	 loss=8.05012	 acc=100.000
[2023-05-05 14:26:52,275][train_vgg.py][line:215][INFO] Epoch:[146/200]	 Test acc=84.800
[2023-05-05 14:26:52,275][train_vgg.py][line:224][INFO] Best Test acc=84.800
[2023-05-05 14:28:23,726][train_vgg.py][line:207][INFO] Epoch:[147/200]	 loss=7.27257	 acc=100.000
[2023-05-05 14:28:29,044][train_vgg.py][line:215][INFO] Epoch:[147/200]	 Test acc=84.500
[2023-05-05 14:28:29,044][train_vgg.py][line:224][INFO] Best Test acc=84.800
[2023-05-05 14:30:00,075][train_vgg.py][line:207][INFO] Epoch:[148/200]	 loss=7.54643	 acc=99.989
[2023-05-05 14:30:05,454][train_vgg.py][line:215][INFO] Epoch:[148/200]	 Test acc=84.300
[2023-05-05 14:30:05,455][train_vgg.py][line:224][INFO] Best Test acc=84.800
[2023-05-05 14:31:36,260][train_vgg.py][line:207][INFO] Epoch:[149/200]	 loss=7.02086	 acc=100.000
[2023-05-05 14:31:41,577][train_vgg.py][line:215][INFO] Epoch:[149/200]	 Test acc=85.400
[2023-05-05 14:31:41,577][train_vgg.py][line:224][INFO] Best Test acc=85.400
[2023-05-05 14:33:13,048][train_vgg.py][line:207][INFO] Epoch:[150/200]	 loss=7.08822	 acc=100.000
[2023-05-05 14:33:18,389][train_vgg.py][line:215][INFO] Epoch:[150/200]	 Test acc=84.500
[2023-05-05 14:33:18,389][train_vgg.py][line:224][INFO] Best Test acc=85.400
[2023-05-05 14:34:49,514][train_vgg.py][line:207][INFO] Epoch:[151/200]	 loss=6.90131	 acc=100.000
[2023-05-05 14:34:54,866][train_vgg.py][line:215][INFO] Epoch:[151/200]	 Test acc=84.300
[2023-05-05 14:34:54,866][train_vgg.py][line:224][INFO] Best Test acc=85.400
[2023-05-05 14:36:25,667][train_vgg.py][line:207][INFO] Epoch:[152/200]	 loss=7.06188	 acc=100.000
[2023-05-05 14:36:30,978][train_vgg.py][line:215][INFO] Epoch:[152/200]	 Test acc=84.700
[2023-05-05 14:36:30,979][train_vgg.py][line:224][INFO] Best Test acc=85.400
[2023-05-05 14:38:02,029][train_vgg.py][line:207][INFO] Epoch:[153/200]	 loss=6.67853	 acc=100.000
[2023-05-05 14:38:07,362][train_vgg.py][line:215][INFO] Epoch:[153/200]	 Test acc=84.900
[2023-05-05 14:38:07,363][train_vgg.py][line:224][INFO] Best Test acc=85.400
[2023-05-05 14:39:38,340][train_vgg.py][line:207][INFO] Epoch:[154/200]	 loss=6.85742	 acc=100.000
[2023-05-05 14:39:43,728][train_vgg.py][line:215][INFO] Epoch:[154/200]	 Test acc=84.800
[2023-05-05 14:39:43,729][train_vgg.py][line:224][INFO] Best Test acc=85.400
[2023-05-05 14:41:14,388][train_vgg.py][line:207][INFO] Epoch:[155/200]	 loss=6.55362	 acc=100.000
[2023-05-05 14:41:19,704][train_vgg.py][line:215][INFO] Epoch:[155/200]	 Test acc=84.900
[2023-05-05 14:41:19,704][train_vgg.py][line:224][INFO] Best Test acc=85.400
[2023-05-05 14:42:50,664][train_vgg.py][line:207][INFO] Epoch:[156/200]	 loss=6.58121	 acc=100.000
[2023-05-05 14:42:55,986][train_vgg.py][line:215][INFO] Epoch:[156/200]	 Test acc=85.300
[2023-05-05 14:42:55,986][train_vgg.py][line:224][INFO] Best Test acc=85.400
[2023-05-05 14:44:26,722][train_vgg.py][line:207][INFO] Epoch:[157/200]	 loss=5.97723	 acc=100.000
[2023-05-05 14:44:32,058][train_vgg.py][line:215][INFO] Epoch:[157/200]	 Test acc=84.500
[2023-05-05 14:44:32,058][train_vgg.py][line:224][INFO] Best Test acc=85.400
[2023-05-05 14:46:02,880][train_vgg.py][line:207][INFO] Epoch:[158/200]	 loss=6.15163	 acc=100.000
[2023-05-05 14:46:08,210][train_vgg.py][line:215][INFO] Epoch:[158/200]	 Test acc=85.500
[2023-05-05 14:46:08,210][train_vgg.py][line:224][INFO] Best Test acc=85.500
[2023-05-05 14:47:39,689][train_vgg.py][line:207][INFO] Epoch:[159/200]	 loss=6.31891	 acc=100.000
[2023-05-05 14:47:45,014][train_vgg.py][line:215][INFO] Epoch:[159/200]	 Test acc=85.100
[2023-05-05 14:47:45,015][train_vgg.py][line:224][INFO] Best Test acc=85.500
[2023-05-05 14:49:16,162][train_vgg.py][line:207][INFO] Epoch:[160/200]	 loss=6.08023	 acc=100.000
[2023-05-05 14:49:21,487][train_vgg.py][line:215][INFO] Epoch:[160/200]	 Test acc=84.900
[2023-05-05 14:49:21,487][train_vgg.py][line:224][INFO] Best Test acc=85.500
[2023-05-05 14:50:52,529][train_vgg.py][line:207][INFO] Epoch:[161/200]	 loss=5.52806	 acc=100.000
[2023-05-05 14:50:57,862][train_vgg.py][line:215][INFO] Epoch:[161/200]	 Test acc=84.700
[2023-05-05 14:50:57,862][train_vgg.py][line:224][INFO] Best Test acc=85.500
[2023-05-05 14:52:28,756][train_vgg.py][line:207][INFO] Epoch:[162/200]	 loss=5.42914	 acc=100.000
[2023-05-05 14:52:34,053][train_vgg.py][line:215][INFO] Epoch:[162/200]	 Test acc=85.300
[2023-05-05 14:52:34,053][train_vgg.py][line:224][INFO] Best Test acc=85.500
[2023-05-05 14:54:05,096][train_vgg.py][line:207][INFO] Epoch:[163/200]	 loss=5.42776	 acc=100.000
[2023-05-05 14:54:10,470][train_vgg.py][line:215][INFO] Epoch:[163/200]	 Test acc=83.800
[2023-05-05 14:54:10,470][train_vgg.py][line:224][INFO] Best Test acc=85.500
[2023-05-05 14:55:41,461][train_vgg.py][line:207][INFO] Epoch:[164/200]	 loss=5.37284	 acc=100.000
[2023-05-05 14:55:46,868][train_vgg.py][line:215][INFO] Epoch:[164/200]	 Test acc=84.700
[2023-05-05 14:55:46,868][train_vgg.py][line:224][INFO] Best Test acc=85.500
[2023-05-05 14:57:17,779][train_vgg.py][line:207][INFO] Epoch:[165/200]	 loss=5.83424	 acc=100.000
[2023-05-05 14:57:23,095][train_vgg.py][line:215][INFO] Epoch:[165/200]	 Test acc=84.300
[2023-05-05 14:57:23,095][train_vgg.py][line:224][INFO] Best Test acc=85.500
[2023-05-05 14:58:54,100][train_vgg.py][line:207][INFO] Epoch:[166/200]	 loss=5.53852	 acc=100.000
[2023-05-05 14:58:59,433][train_vgg.py][line:215][INFO] Epoch:[166/200]	 Test acc=84.900
[2023-05-05 14:58:59,433][train_vgg.py][line:224][INFO] Best Test acc=85.500
[2023-05-05 15:00:30,262][train_vgg.py][line:207][INFO] Epoch:[167/200]	 loss=5.56000	 acc=100.000
[2023-05-05 15:00:35,569][train_vgg.py][line:215][INFO] Epoch:[167/200]	 Test acc=85.200
[2023-05-05 15:00:35,569][train_vgg.py][line:224][INFO] Best Test acc=85.500
[2023-05-05 15:02:06,577][train_vgg.py][line:207][INFO] Epoch:[168/200]	 loss=5.31934	 acc=100.000
[2023-05-05 15:02:11,913][train_vgg.py][line:215][INFO] Epoch:[168/200]	 Test acc=84.000
[2023-05-05 15:02:11,914][train_vgg.py][line:224][INFO] Best Test acc=85.500
[2023-05-05 15:03:42,827][train_vgg.py][line:207][INFO] Epoch:[169/200]	 loss=5.26279	 acc=100.000
[2023-05-05 15:03:48,139][train_vgg.py][line:215][INFO] Epoch:[169/200]	 Test acc=84.000
[2023-05-05 15:03:48,139][train_vgg.py][line:224][INFO] Best Test acc=85.500
[2023-05-05 15:05:19,118][train_vgg.py][line:207][INFO] Epoch:[170/200]	 loss=5.29203	 acc=100.000
[2023-05-05 15:05:24,427][train_vgg.py][line:215][INFO] Epoch:[170/200]	 Test acc=84.900
[2023-05-05 15:05:24,428][train_vgg.py][line:224][INFO] Best Test acc=85.500
[2023-05-05 15:06:55,486][train_vgg.py][line:207][INFO] Epoch:[171/200]	 loss=5.27244	 acc=100.000
[2023-05-05 15:07:00,856][train_vgg.py][line:215][INFO] Epoch:[171/200]	 Test acc=85.300
[2023-05-05 15:07:00,857][train_vgg.py][line:224][INFO] Best Test acc=85.500
[2023-05-05 15:08:31,813][train_vgg.py][line:207][INFO] Epoch:[172/200]	 loss=5.47520	 acc=100.000
[2023-05-05 15:08:37,116][train_vgg.py][line:215][INFO] Epoch:[172/200]	 Test acc=85.900
[2023-05-05 15:08:37,117][train_vgg.py][line:224][INFO] Best Test acc=85.900
[2023-05-05 15:10:08,558][train_vgg.py][line:207][INFO] Epoch:[173/200]	 loss=5.24932	 acc=100.000
[2023-05-05 15:10:13,895][train_vgg.py][line:215][INFO] Epoch:[173/200]	 Test acc=85.500
[2023-05-05 15:10:13,895][train_vgg.py][line:224][INFO] Best Test acc=85.900
[2023-05-05 15:11:44,815][train_vgg.py][line:207][INFO] Epoch:[174/200]	 loss=5.28154	 acc=100.000
[2023-05-05 15:11:50,166][train_vgg.py][line:215][INFO] Epoch:[174/200]	 Test acc=85.000
[2023-05-05 15:11:50,167][train_vgg.py][line:224][INFO] Best Test acc=85.900
[2023-05-05 15:13:20,876][train_vgg.py][line:207][INFO] Epoch:[175/200]	 loss=5.55781	 acc=100.000
[2023-05-05 15:13:26,190][train_vgg.py][line:215][INFO] Epoch:[175/200]	 Test acc=84.900
[2023-05-05 15:13:26,190][train_vgg.py][line:224][INFO] Best Test acc=85.900
[2023-05-05 15:14:57,007][train_vgg.py][line:207][INFO] Epoch:[176/200]	 loss=5.36626	 acc=100.000
[2023-05-05 15:15:02,315][train_vgg.py][line:215][INFO] Epoch:[176/200]	 Test acc=85.000
[2023-05-05 15:15:02,315][train_vgg.py][line:224][INFO] Best Test acc=85.900
[2023-05-05 15:16:33,026][train_vgg.py][line:207][INFO] Epoch:[177/200]	 loss=5.16117	 acc=100.000
[2023-05-05 15:16:38,323][train_vgg.py][line:215][INFO] Epoch:[177/200]	 Test acc=85.400
[2023-05-05 15:16:38,324][train_vgg.py][line:224][INFO] Best Test acc=85.900
[2023-05-05 15:18:09,078][train_vgg.py][line:207][INFO] Epoch:[178/200]	 loss=4.97508	 acc=100.000
[2023-05-05 15:18:14,373][train_vgg.py][line:215][INFO] Epoch:[178/200]	 Test acc=84.900
[2023-05-05 15:18:14,373][train_vgg.py][line:224][INFO] Best Test acc=85.900
[2023-05-05 15:19:45,107][train_vgg.py][line:207][INFO] Epoch:[179/200]	 loss=4.92328	 acc=100.000
[2023-05-05 15:19:50,423][train_vgg.py][line:215][INFO] Epoch:[179/200]	 Test acc=85.100
[2023-05-05 15:19:50,423][train_vgg.py][line:224][INFO] Best Test acc=85.900
[2023-05-05 15:21:21,478][train_vgg.py][line:207][INFO] Epoch:[180/200]	 loss=4.83227	 acc=100.000
[2023-05-05 15:21:26,816][train_vgg.py][line:215][INFO] Epoch:[180/200]	 Test acc=85.100
[2023-05-05 15:21:26,817][train_vgg.py][line:224][INFO] Best Test acc=85.900
[2023-05-05 15:22:57,740][train_vgg.py][line:207][INFO] Epoch:[181/200]	 loss=4.79688	 acc=100.000
[2023-05-05 15:23:03,043][train_vgg.py][line:215][INFO] Epoch:[181/200]	 Test acc=85.900
[2023-05-05 15:23:03,043][train_vgg.py][line:224][INFO] Best Test acc=85.900
[2023-05-05 15:24:33,994][train_vgg.py][line:207][INFO] Epoch:[182/200]	 loss=4.97532	 acc=100.000
[2023-05-05 15:24:39,316][train_vgg.py][line:215][INFO] Epoch:[182/200]	 Test acc=84.700
[2023-05-05 15:24:39,316][train_vgg.py][line:224][INFO] Best Test acc=85.900
[2023-05-05 15:26:10,389][train_vgg.py][line:207][INFO] Epoch:[183/200]	 loss=5.05576	 acc=100.000
[2023-05-05 15:26:15,725][train_vgg.py][line:215][INFO] Epoch:[183/200]	 Test acc=84.200
[2023-05-05 15:26:15,725][train_vgg.py][line:224][INFO] Best Test acc=85.900
[2023-05-05 15:27:46,582][train_vgg.py][line:207][INFO] Epoch:[184/200]	 loss=4.85032	 acc=100.000
[2023-05-05 15:27:51,893][train_vgg.py][line:215][INFO] Epoch:[184/200]	 Test acc=85.300
[2023-05-05 15:27:51,893][train_vgg.py][line:224][INFO] Best Test acc=85.900
[2023-05-05 15:29:22,840][train_vgg.py][line:207][INFO] Epoch:[185/200]	 loss=5.10736	 acc=100.000
[2023-05-05 15:29:28,173][train_vgg.py][line:215][INFO] Epoch:[185/200]	 Test acc=85.100
[2023-05-05 15:29:28,173][train_vgg.py][line:224][INFO] Best Test acc=85.900
[2023-05-05 15:30:59,043][train_vgg.py][line:207][INFO] Epoch:[186/200]	 loss=4.89751	 acc=100.000
[2023-05-05 15:31:04,354][train_vgg.py][line:215][INFO] Epoch:[186/200]	 Test acc=85.300
[2023-05-05 15:31:04,354][train_vgg.py][line:224][INFO] Best Test acc=85.900
[2023-05-05 15:32:35,413][train_vgg.py][line:207][INFO] Epoch:[187/200]	 loss=4.94062	 acc=100.000
[2023-05-05 15:32:40,759][train_vgg.py][line:215][INFO] Epoch:[187/200]	 Test acc=84.700
[2023-05-05 15:32:40,760][train_vgg.py][line:224][INFO] Best Test acc=85.900
[2023-05-05 15:34:11,511][train_vgg.py][line:207][INFO] Epoch:[188/200]	 loss=4.87882	 acc=100.000
[2023-05-05 15:34:16,839][train_vgg.py][line:215][INFO] Epoch:[188/200]	 Test acc=85.600
[2023-05-05 15:34:16,840][train_vgg.py][line:224][INFO] Best Test acc=85.900
[2023-05-05 15:35:47,846][train_vgg.py][line:207][INFO] Epoch:[189/200]	 loss=4.94453	 acc=100.000
[2023-05-05 15:35:53,181][train_vgg.py][line:215][INFO] Epoch:[189/200]	 Test acc=85.200
[2023-05-05 15:35:53,181][train_vgg.py][line:224][INFO] Best Test acc=85.900
[2023-05-05 15:37:23,906][train_vgg.py][line:207][INFO] Epoch:[190/200]	 loss=4.93432	 acc=100.000
[2023-05-05 15:37:29,202][train_vgg.py][line:215][INFO] Epoch:[190/200]	 Test acc=84.400
[2023-05-05 15:37:29,202][train_vgg.py][line:224][INFO] Best Test acc=85.900
[2023-05-05 15:39:00,003][train_vgg.py][line:207][INFO] Epoch:[191/200]	 loss=4.83646	 acc=100.000
[2023-05-05 15:39:05,352][train_vgg.py][line:215][INFO] Epoch:[191/200]	 Test acc=85.200
[2023-05-05 15:39:05,353][train_vgg.py][line:224][INFO] Best Test acc=85.900
[2023-05-05 15:40:36,354][train_vgg.py][line:207][INFO] Epoch:[192/200]	 loss=4.84127	 acc=100.000
[2023-05-05 15:40:41,715][train_vgg.py][line:215][INFO] Epoch:[192/200]	 Test acc=85.500
[2023-05-05 15:40:41,716][train_vgg.py][line:224][INFO] Best Test acc=85.900
[2023-05-05 15:42:12,660][train_vgg.py][line:207][INFO] Epoch:[193/200]	 loss=4.94884	 acc=100.000
[2023-05-05 15:42:17,993][train_vgg.py][line:215][INFO] Epoch:[193/200]	 Test acc=85.300
[2023-05-05 15:42:17,993][train_vgg.py][line:224][INFO] Best Test acc=85.900
[2023-05-05 15:43:48,905][train_vgg.py][line:207][INFO] Epoch:[194/200]	 loss=4.69186	 acc=100.000
[2023-05-05 15:43:54,266][train_vgg.py][line:215][INFO] Epoch:[194/200]	 Test acc=84.800
[2023-05-05 15:43:54,267][train_vgg.py][line:224][INFO] Best Test acc=85.900
[2023-05-05 15:45:25,330][train_vgg.py][line:207][INFO] Epoch:[195/200]	 loss=4.88328	 acc=100.000
[2023-05-05 15:45:30,647][train_vgg.py][line:215][INFO] Epoch:[195/200]	 Test acc=84.700
[2023-05-05 15:45:30,647][train_vgg.py][line:224][INFO] Best Test acc=85.900
[2023-05-05 15:47:01,740][train_vgg.py][line:207][INFO] Epoch:[196/200]	 loss=4.73374	 acc=100.000
[2023-05-05 15:47:07,057][train_vgg.py][line:215][INFO] Epoch:[196/200]	 Test acc=85.000
[2023-05-05 15:47:07,058][train_vgg.py][line:224][INFO] Best Test acc=85.900
[2023-05-05 15:48:38,070][train_vgg.py][line:207][INFO] Epoch:[197/200]	 loss=4.77318	 acc=100.000
[2023-05-05 15:48:43,420][train_vgg.py][line:215][INFO] Epoch:[197/200]	 Test acc=84.700
[2023-05-05 15:48:43,421][train_vgg.py][line:224][INFO] Best Test acc=85.900
[2023-05-05 15:50:14,535][train_vgg.py][line:207][INFO] Epoch:[198/200]	 loss=4.83680	 acc=100.000
[2023-05-05 15:50:19,873][train_vgg.py][line:215][INFO] Epoch:[198/200]	 Test acc=84.400
[2023-05-05 15:50:19,874][train_vgg.py][line:224][INFO] Best Test acc=85.900
[2023-05-05 15:51:50,840][train_vgg.py][line:207][INFO] Epoch:[199/200]	 loss=4.82899	 acc=100.000
[2023-05-05 15:51:56,161][train_vgg.py][line:215][INFO] Epoch:[199/200]	 Test acc=85.500
[2023-05-05 15:51:56,161][train_vgg.py][line:224][INFO] Best Test acc=85.900
