[2023-05-06 09:54:45,722][train_vgg.py][line:200][INFO] start training!
[2023-05-06 09:55:37,449][train_vgg.py][line:207][INFO] Epoch:[0/200]	 loss=568.90672	 acc=27.156
[2023-05-06 09:55:40,899][train_vgg.py][line:215][INFO] Epoch:[0/200]	 Test acc=37.300
[2023-05-06 09:55:40,899][train_vgg.py][line:224][INFO] Best Test acc=37.300
[2023-05-06 09:56:30,148][train_vgg.py][line:207][INFO] Epoch:[1/200]	 loss=486.09156	 acc=40.833
[2023-05-06 09:56:33,596][train_vgg.py][line:215][INFO] Epoch:[1/200]	 Test acc=42.500
[2023-05-06 09:56:33,596][train_vgg.py][line:224][INFO] Best Test acc=42.500
[2023-05-06 09:57:23,762][train_vgg.py][line:207][INFO] Epoch:[2/200]	 loss=455.01125	 acc=44.278
[2023-05-06 09:57:27,167][train_vgg.py][line:215][INFO] Epoch:[2/200]	 Test acc=51.500
[2023-05-06 09:57:27,168][train_vgg.py][line:224][INFO] Best Test acc=51.500
[2023-05-06 09:58:17,072][train_vgg.py][line:207][INFO] Epoch:[3/200]	 loss=425.60804	 acc=49.111
[2023-05-06 09:58:20,467][train_vgg.py][line:215][INFO] Epoch:[3/200]	 Test acc=50.900
[2023-05-06 09:58:20,467][train_vgg.py][line:224][INFO] Best Test acc=51.500
[2023-05-06 09:59:10,213][train_vgg.py][line:207][INFO] Epoch:[4/200]	 loss=397.97154	 acc=52.911
[2023-05-06 09:59:13,823][train_vgg.py][line:215][INFO] Epoch:[4/200]	 Test acc=51.200
[2023-05-06 09:59:13,824][train_vgg.py][line:224][INFO] Best Test acc=51.500
[2023-05-06 10:00:04,239][train_vgg.py][line:207][INFO] Epoch:[5/200]	 loss=377.66822	 acc=55.156
[2023-05-06 10:00:07,839][train_vgg.py][line:215][INFO] Epoch:[5/200]	 Test acc=49.600
[2023-05-06 10:00:07,839][train_vgg.py][line:224][INFO] Best Test acc=51.500
[2023-05-06 10:00:58,387][train_vgg.py][line:207][INFO] Epoch:[6/200]	 loss=364.37808	 acc=57.244
[2023-05-06 10:01:01,778][train_vgg.py][line:215][INFO] Epoch:[6/200]	 Test acc=56.900
[2023-05-06 10:01:01,779][train_vgg.py][line:224][INFO] Best Test acc=56.900
[2023-05-06 10:01:52,096][train_vgg.py][line:207][INFO] Epoch:[7/200]	 loss=346.60315	 acc=60.033
[2023-05-06 10:01:55,499][train_vgg.py][line:215][INFO] Epoch:[7/200]	 Test acc=61.300
[2023-05-06 10:01:55,500][train_vgg.py][line:224][INFO] Best Test acc=61.300
[2023-05-06 10:02:45,922][train_vgg.py][line:207][INFO] Epoch:[8/200]	 loss=338.51563	 acc=61.367
[2023-05-06 10:02:49,481][train_vgg.py][line:215][INFO] Epoch:[8/200]	 Test acc=54.400
[2023-05-06 10:02:49,482][train_vgg.py][line:224][INFO] Best Test acc=61.300
[2023-05-06 10:03:39,160][train_vgg.py][line:207][INFO] Epoch:[9/200]	 loss=335.18567	 acc=60.711
[2023-05-06 10:03:42,633][train_vgg.py][line:215][INFO] Epoch:[9/200]	 Test acc=57.100
[2023-05-06 10:03:42,634][train_vgg.py][line:224][INFO] Best Test acc=61.300
[2023-05-06 10:04:32,185][train_vgg.py][line:207][INFO] Epoch:[10/200]	 loss=322.53776	 acc=63.678
[2023-05-06 10:04:35,616][train_vgg.py][line:215][INFO] Epoch:[10/200]	 Test acc=61.000
[2023-05-06 10:04:35,616][train_vgg.py][line:224][INFO] Best Test acc=61.300
[2023-05-06 10:05:25,486][train_vgg.py][line:207][INFO] Epoch:[11/200]	 loss=311.75997	 acc=64.233
[2023-05-06 10:05:28,903][train_vgg.py][line:215][INFO] Epoch:[11/200]	 Test acc=62.800
[2023-05-06 10:05:28,903][train_vgg.py][line:224][INFO] Best Test acc=62.800
[2023-05-06 10:06:19,019][train_vgg.py][line:207][INFO] Epoch:[12/200]	 loss=309.75225	 acc=64.933
[2023-05-06 10:06:22,452][train_vgg.py][line:215][INFO] Epoch:[12/200]	 Test acc=57.200
[2023-05-06 10:06:22,453][train_vgg.py][line:224][INFO] Best Test acc=62.800
[2023-05-06 10:07:12,365][train_vgg.py][line:207][INFO] Epoch:[13/200]	 loss=309.82619	 acc=65.167
[2023-05-06 10:07:15,770][train_vgg.py][line:215][INFO] Epoch:[13/200]	 Test acc=60.400
[2023-05-06 10:07:15,770][train_vgg.py][line:224][INFO] Best Test acc=62.800
[2023-05-06 10:08:05,786][train_vgg.py][line:207][INFO] Epoch:[14/200]	 loss=299.61530	 acc=65.711
[2023-05-06 10:08:09,292][train_vgg.py][line:215][INFO] Epoch:[14/200]	 Test acc=59.200
[2023-05-06 10:08:09,292][train_vgg.py][line:224][INFO] Best Test acc=62.800
[2023-05-06 10:08:58,917][train_vgg.py][line:207][INFO] Epoch:[15/200]	 loss=296.52402	 acc=66.678
[2023-05-06 10:09:02,361][train_vgg.py][line:215][INFO] Epoch:[15/200]	 Test acc=67.300
[2023-05-06 10:09:02,362][train_vgg.py][line:224][INFO] Best Test acc=67.300
[2023-05-06 10:09:52,954][train_vgg.py][line:207][INFO] Epoch:[16/200]	 loss=293.35366	 acc=67.122
[2023-05-06 10:09:56,364][train_vgg.py][line:215][INFO] Epoch:[16/200]	 Test acc=59.900
[2023-05-06 10:09:56,364][train_vgg.py][line:224][INFO] Best Test acc=67.300
[2023-05-06 10:10:46,018][train_vgg.py][line:207][INFO] Epoch:[17/200]	 loss=290.30692	 acc=67.522
[2023-05-06 10:10:49,409][train_vgg.py][line:215][INFO] Epoch:[17/200]	 Test acc=61.000
[2023-05-06 10:10:49,409][train_vgg.py][line:224][INFO] Best Test acc=67.300
[2023-05-06 10:11:39,375][train_vgg.py][line:207][INFO] Epoch:[18/200]	 loss=277.81730	 acc=68.211
[2023-05-06 10:11:42,767][train_vgg.py][line:215][INFO] Epoch:[18/200]	 Test acc=56.400
[2023-05-06 10:11:42,767][train_vgg.py][line:224][INFO] Best Test acc=67.300
[2023-05-06 10:12:32,501][train_vgg.py][line:207][INFO] Epoch:[19/200]	 loss=284.27246	 acc=68.244
[2023-05-06 10:12:35,868][train_vgg.py][line:215][INFO] Epoch:[19/200]	 Test acc=60.100
[2023-05-06 10:12:35,869][train_vgg.py][line:224][INFO] Best Test acc=67.300
[2023-05-06 10:13:25,318][train_vgg.py][line:207][INFO] Epoch:[20/200]	 loss=278.71513	 acc=68.833
[2023-05-06 10:13:28,711][train_vgg.py][line:215][INFO] Epoch:[20/200]	 Test acc=63.600
[2023-05-06 10:13:28,711][train_vgg.py][line:224][INFO] Best Test acc=67.300
[2023-05-06 10:14:18,432][train_vgg.py][line:207][INFO] Epoch:[21/200]	 loss=272.75494	 acc=69.300
[2023-05-06 10:14:21,883][train_vgg.py][line:215][INFO] Epoch:[21/200]	 Test acc=63.400
[2023-05-06 10:14:21,883][train_vgg.py][line:224][INFO] Best Test acc=67.300
[2023-05-06 10:15:11,877][train_vgg.py][line:207][INFO] Epoch:[22/200]	 loss=270.10827	 acc=70.422
[2023-05-06 10:15:15,248][train_vgg.py][line:215][INFO] Epoch:[22/200]	 Test acc=67.100
[2023-05-06 10:15:15,249][train_vgg.py][line:224][INFO] Best Test acc=67.300
[2023-05-06 10:16:05,034][train_vgg.py][line:207][INFO] Epoch:[23/200]	 loss=261.03012	 acc=71.422
[2023-05-06 10:16:08,477][train_vgg.py][line:215][INFO] Epoch:[23/200]	 Test acc=64.000
[2023-05-06 10:16:08,478][train_vgg.py][line:224][INFO] Best Test acc=67.300
[2023-05-06 10:16:58,120][train_vgg.py][line:207][INFO] Epoch:[24/200]	 loss=266.52352	 acc=70.378
[2023-05-06 10:17:01,718][train_vgg.py][line:215][INFO] Epoch:[24/200]	 Test acc=65.900
[2023-05-06 10:17:01,719][train_vgg.py][line:224][INFO] Best Test acc=67.300
[2023-05-06 10:17:51,647][train_vgg.py][line:207][INFO] Epoch:[25/200]	 loss=264.18257	 acc=70.344
[2023-05-06 10:17:55,067][train_vgg.py][line:215][INFO] Epoch:[25/200]	 Test acc=59.700
[2023-05-06 10:17:55,068][train_vgg.py][line:224][INFO] Best Test acc=67.300
[2023-05-06 10:18:44,808][train_vgg.py][line:207][INFO] Epoch:[26/200]	 loss=258.02477	 acc=71.389
[2023-05-06 10:18:48,173][train_vgg.py][line:215][INFO] Epoch:[26/200]	 Test acc=47.700
[2023-05-06 10:18:48,174][train_vgg.py][line:224][INFO] Best Test acc=67.300
[2023-05-06 10:19:37,977][train_vgg.py][line:207][INFO] Epoch:[27/200]	 loss=256.72893	 acc=72.422
[2023-05-06 10:19:41,346][train_vgg.py][line:215][INFO] Epoch:[27/200]	 Test acc=58.600
[2023-05-06 10:19:41,346][train_vgg.py][line:224][INFO] Best Test acc=67.300
[2023-05-06 10:20:31,407][train_vgg.py][line:207][INFO] Epoch:[28/200]	 loss=249.28044	 acc=72.544
[2023-05-06 10:20:34,860][train_vgg.py][line:215][INFO] Epoch:[28/200]	 Test acc=67.300
[2023-05-06 10:20:34,860][train_vgg.py][line:224][INFO] Best Test acc=67.300
[2023-05-06 10:21:24,878][train_vgg.py][line:207][INFO] Epoch:[29/200]	 loss=242.88277	 acc=73.411
[2023-05-06 10:21:28,312][train_vgg.py][line:215][INFO] Epoch:[29/200]	 Test acc=52.200
[2023-05-06 10:21:28,312][train_vgg.py][line:224][INFO] Best Test acc=67.300
[2023-05-06 10:22:19,163][train_vgg.py][line:207][INFO] Epoch:[30/200]	 loss=249.82226	 acc=72.478
[2023-05-06 10:22:22,544][train_vgg.py][line:215][INFO] Epoch:[30/200]	 Test acc=69.400
[2023-05-06 10:22:22,545][train_vgg.py][line:224][INFO] Best Test acc=69.400
[2023-05-06 10:23:13,077][train_vgg.py][line:207][INFO] Epoch:[31/200]	 loss=245.37536	 acc=73.444
[2023-05-06 10:23:16,476][train_vgg.py][line:215][INFO] Epoch:[31/200]	 Test acc=70.300
[2023-05-06 10:23:16,476][train_vgg.py][line:224][INFO] Best Test acc=70.300
[2023-05-06 10:24:06,679][train_vgg.py][line:207][INFO] Epoch:[32/200]	 loss=234.92789	 acc=74.633
[2023-05-06 10:24:10,099][train_vgg.py][line:215][INFO] Epoch:[32/200]	 Test acc=69.800
[2023-05-06 10:24:10,099][train_vgg.py][line:224][INFO] Best Test acc=70.300
[2023-05-06 10:25:00,100][train_vgg.py][line:207][INFO] Epoch:[33/200]	 loss=236.69061	 acc=73.856
[2023-05-06 10:25:03,522][train_vgg.py][line:215][INFO] Epoch:[33/200]	 Test acc=58.200
[2023-05-06 10:25:03,522][train_vgg.py][line:224][INFO] Best Test acc=70.300
[2023-05-06 10:25:53,564][train_vgg.py][line:207][INFO] Epoch:[34/200]	 loss=233.21682	 acc=74.600
[2023-05-06 10:25:56,967][train_vgg.py][line:215][INFO] Epoch:[34/200]	 Test acc=70.700
[2023-05-06 10:25:56,968][train_vgg.py][line:224][INFO] Best Test acc=70.700
[2023-05-06 10:26:47,160][train_vgg.py][line:207][INFO] Epoch:[35/200]	 loss=231.63944	 acc=75.322
[2023-05-06 10:26:50,600][train_vgg.py][line:215][INFO] Epoch:[35/200]	 Test acc=65.800
[2023-05-06 10:26:50,600][train_vgg.py][line:224][INFO] Best Test acc=70.700
[2023-05-06 10:27:40,580][train_vgg.py][line:207][INFO] Epoch:[36/200]	 loss=227.92721	 acc=75.567
[2023-05-06 10:27:44,005][train_vgg.py][line:215][INFO] Epoch:[36/200]	 Test acc=64.300
[2023-05-06 10:27:44,006][train_vgg.py][line:224][INFO] Best Test acc=70.700
[2023-05-06 10:28:33,667][train_vgg.py][line:207][INFO] Epoch:[37/200]	 loss=227.50614	 acc=75.278
[2023-05-06 10:28:37,050][train_vgg.py][line:215][INFO] Epoch:[37/200]	 Test acc=70.300
[2023-05-06 10:28:37,050][train_vgg.py][line:224][INFO] Best Test acc=70.700
[2023-05-06 10:29:26,605][train_vgg.py][line:207][INFO] Epoch:[38/200]	 loss=222.79196	 acc=75.622
[2023-05-06 10:29:29,979][train_vgg.py][line:215][INFO] Epoch:[38/200]	 Test acc=63.900
[2023-05-06 10:29:29,980][train_vgg.py][line:224][INFO] Best Test acc=70.700
[2023-05-06 10:30:19,962][train_vgg.py][line:207][INFO] Epoch:[39/200]	 loss=223.13324	 acc=76.222
[2023-05-06 10:30:23,365][train_vgg.py][line:215][INFO] Epoch:[39/200]	 Test acc=59.300
[2023-05-06 10:30:23,365][train_vgg.py][line:224][INFO] Best Test acc=70.700
[2023-05-06 10:31:12,996][train_vgg.py][line:207][INFO] Epoch:[40/200]	 loss=220.11382	 acc=76.789
[2023-05-06 10:31:16,399][train_vgg.py][line:215][INFO] Epoch:[40/200]	 Test acc=63.000
[2023-05-06 10:31:16,400][train_vgg.py][line:224][INFO] Best Test acc=70.700
[2023-05-06 10:32:06,263][train_vgg.py][line:207][INFO] Epoch:[41/200]	 loss=218.89863	 acc=76.911
[2023-05-06 10:32:09,794][train_vgg.py][line:215][INFO] Epoch:[41/200]	 Test acc=72.300
[2023-05-06 10:32:09,795][train_vgg.py][line:224][INFO] Best Test acc=72.300
[2023-05-06 10:32:59,954][train_vgg.py][line:207][INFO] Epoch:[42/200]	 loss=217.70633	 acc=76.722
[2023-05-06 10:33:03,334][train_vgg.py][line:215][INFO] Epoch:[42/200]	 Test acc=69.500
[2023-05-06 10:33:03,334][train_vgg.py][line:224][INFO] Best Test acc=72.300
[2023-05-06 10:33:53,436][train_vgg.py][line:207][INFO] Epoch:[43/200]	 loss=217.94358	 acc=76.700
[2023-05-06 10:33:57,248][train_vgg.py][line:215][INFO] Epoch:[43/200]	 Test acc=65.100
[2023-05-06 10:33:57,248][train_vgg.py][line:224][INFO] Best Test acc=72.300
[2023-05-06 10:34:46,908][train_vgg.py][line:207][INFO] Epoch:[44/200]	 loss=213.83175	 acc=77.178
[2023-05-06 10:34:50,326][train_vgg.py][line:215][INFO] Epoch:[44/200]	 Test acc=69.900
[2023-05-06 10:34:50,326][train_vgg.py][line:224][INFO] Best Test acc=72.300
[2023-05-06 10:35:40,647][train_vgg.py][line:207][INFO] Epoch:[45/200]	 loss=207.22485	 acc=78.033
[2023-05-06 10:35:44,028][train_vgg.py][line:215][INFO] Epoch:[45/200]	 Test acc=62.100
[2023-05-06 10:35:44,028][train_vgg.py][line:224][INFO] Best Test acc=72.300
[2023-05-06 10:36:34,201][train_vgg.py][line:207][INFO] Epoch:[46/200]	 loss=213.51579	 acc=77.456
[2023-05-06 10:36:37,668][train_vgg.py][line:215][INFO] Epoch:[46/200]	 Test acc=65.800
[2023-05-06 10:36:37,669][train_vgg.py][line:224][INFO] Best Test acc=72.300
[2023-05-06 10:37:27,426][train_vgg.py][line:207][INFO] Epoch:[47/200]	 loss=207.85177	 acc=78.233
[2023-05-06 10:37:30,824][train_vgg.py][line:215][INFO] Epoch:[47/200]	 Test acc=70.100
[2023-05-06 10:37:30,824][train_vgg.py][line:224][INFO] Best Test acc=72.300
[2023-05-06 10:38:20,791][train_vgg.py][line:207][INFO] Epoch:[48/200]	 loss=206.45692	 acc=78.256
[2023-05-06 10:38:24,182][train_vgg.py][line:215][INFO] Epoch:[48/200]	 Test acc=71.300
[2023-05-06 10:38:24,182][train_vgg.py][line:224][INFO] Best Test acc=72.300
[2023-05-06 10:39:14,148][train_vgg.py][line:207][INFO] Epoch:[49/200]	 loss=209.39467	 acc=78.300
[2023-05-06 10:39:17,537][train_vgg.py][line:215][INFO] Epoch:[49/200]	 Test acc=68.600
[2023-05-06 10:39:17,538][train_vgg.py][line:224][INFO] Best Test acc=72.300
[2023-05-06 10:40:07,333][train_vgg.py][line:207][INFO] Epoch:[50/200]	 loss=205.04677	 acc=78.567
[2023-05-06 10:40:10,725][train_vgg.py][line:215][INFO] Epoch:[50/200]	 Test acc=64.600
[2023-05-06 10:40:10,725][train_vgg.py][line:224][INFO] Best Test acc=72.300
[2023-05-06 10:41:00,673][train_vgg.py][line:207][INFO] Epoch:[51/200]	 loss=195.72741	 acc=79.533
[2023-05-06 10:41:04,184][train_vgg.py][line:215][INFO] Epoch:[51/200]	 Test acc=70.400
[2023-05-06 10:41:04,184][train_vgg.py][line:224][INFO] Best Test acc=72.300
[2023-05-06 10:41:54,156][train_vgg.py][line:207][INFO] Epoch:[52/200]	 loss=195.14357	 acc=79.422
[2023-05-06 10:41:57,512][train_vgg.py][line:215][INFO] Epoch:[52/200]	 Test acc=71.200
[2023-05-06 10:41:57,513][train_vgg.py][line:224][INFO] Best Test acc=72.300
[2023-05-06 10:42:47,239][train_vgg.py][line:207][INFO] Epoch:[53/200]	 loss=195.32619	 acc=80.022
[2023-05-06 10:42:50,667][train_vgg.py][line:215][INFO] Epoch:[53/200]	 Test acc=72.600
[2023-05-06 10:42:50,667][train_vgg.py][line:224][INFO] Best Test acc=72.600
[2023-05-06 10:43:41,173][train_vgg.py][line:207][INFO] Epoch:[54/200]	 loss=193.39605	 acc=79.811
[2023-05-06 10:43:44,662][train_vgg.py][line:215][INFO] Epoch:[54/200]	 Test acc=63.600
[2023-05-06 10:43:44,662][train_vgg.py][line:224][INFO] Best Test acc=72.600
[2023-05-06 10:44:34,355][train_vgg.py][line:207][INFO] Epoch:[55/200]	 loss=190.13590	 acc=80.511
[2023-05-06 10:44:37,957][train_vgg.py][line:215][INFO] Epoch:[55/200]	 Test acc=70.800
[2023-05-06 10:44:37,958][train_vgg.py][line:224][INFO] Best Test acc=72.600
[2023-05-06 10:45:27,537][train_vgg.py][line:207][INFO] Epoch:[56/200]	 loss=192.53294	 acc=80.622
[2023-05-06 10:45:30,943][train_vgg.py][line:215][INFO] Epoch:[56/200]	 Test acc=68.000
[2023-05-06 10:45:30,944][train_vgg.py][line:224][INFO] Best Test acc=72.600
[2023-05-06 10:46:21,382][train_vgg.py][line:207][INFO] Epoch:[57/200]	 loss=193.75029	 acc=80.167
[2023-05-06 10:46:24,770][train_vgg.py][line:215][INFO] Epoch:[57/200]	 Test acc=65.700
[2023-05-06 10:46:24,770][train_vgg.py][line:224][INFO] Best Test acc=72.600
[2023-05-06 10:47:14,263][train_vgg.py][line:207][INFO] Epoch:[58/200]	 loss=190.72294	 acc=80.211
[2023-05-06 10:47:17,666][train_vgg.py][line:215][INFO] Epoch:[58/200]	 Test acc=72.800
[2023-05-06 10:47:17,666][train_vgg.py][line:224][INFO] Best Test acc=72.800
[2023-05-06 10:48:07,611][train_vgg.py][line:207][INFO] Epoch:[59/200]	 loss=187.94573	 acc=80.211
[2023-05-06 10:48:11,031][train_vgg.py][line:215][INFO] Epoch:[59/200]	 Test acc=74.700
[2023-05-06 10:48:11,031][train_vgg.py][line:224][INFO] Best Test acc=74.700
[2023-05-06 10:49:01,235][train_vgg.py][line:207][INFO] Epoch:[60/200]	 loss=184.59777	 acc=81.244
[2023-05-06 10:49:04,612][train_vgg.py][line:215][INFO] Epoch:[60/200]	 Test acc=75.200
[2023-05-06 10:49:04,612][train_vgg.py][line:224][INFO] Best Test acc=75.200
[2023-05-06 10:49:54,791][train_vgg.py][line:207][INFO] Epoch:[61/200]	 loss=177.46612	 acc=81.878
[2023-05-06 10:49:58,164][train_vgg.py][line:215][INFO] Epoch:[61/200]	 Test acc=71.100
[2023-05-06 10:49:58,165][train_vgg.py][line:224][INFO] Best Test acc=75.200
[2023-05-06 10:50:47,647][train_vgg.py][line:207][INFO] Epoch:[62/200]	 loss=181.53427	 acc=81.711
[2023-05-06 10:50:51,027][train_vgg.py][line:215][INFO] Epoch:[62/200]	 Test acc=69.500
[2023-05-06 10:50:51,027][train_vgg.py][line:224][INFO] Best Test acc=75.200
[2023-05-06 10:51:40,535][train_vgg.py][line:207][INFO] Epoch:[63/200]	 loss=178.17874	 acc=81.967
[2023-05-06 10:51:43,912][train_vgg.py][line:215][INFO] Epoch:[63/200]	 Test acc=70.500
[2023-05-06 10:51:43,912][train_vgg.py][line:224][INFO] Best Test acc=75.200
[2023-05-06 10:52:33,514][train_vgg.py][line:207][INFO] Epoch:[64/200]	 loss=180.74429	 acc=81.433
[2023-05-06 10:52:36,907][train_vgg.py][line:215][INFO] Epoch:[64/200]	 Test acc=71.300
[2023-05-06 10:52:36,907][train_vgg.py][line:224][INFO] Best Test acc=75.200
[2023-05-06 10:53:26,456][train_vgg.py][line:207][INFO] Epoch:[65/200]	 loss=169.10034	 acc=83.278
[2023-05-06 10:53:29,851][train_vgg.py][line:215][INFO] Epoch:[65/200]	 Test acc=68.000
[2023-05-06 10:53:29,851][train_vgg.py][line:224][INFO] Best Test acc=75.200
[2023-05-06 10:54:19,902][train_vgg.py][line:207][INFO] Epoch:[66/200]	 loss=171.64340	 acc=82.378
[2023-05-06 10:54:23,282][train_vgg.py][line:215][INFO] Epoch:[66/200]	 Test acc=66.000
[2023-05-06 10:54:23,282][train_vgg.py][line:224][INFO] Best Test acc=75.200
[2023-05-06 10:55:12,976][train_vgg.py][line:207][INFO] Epoch:[67/200]	 loss=169.81924	 acc=82.778
[2023-05-06 10:55:16,393][train_vgg.py][line:215][INFO] Epoch:[67/200]	 Test acc=65.700
[2023-05-06 10:55:16,393][train_vgg.py][line:224][INFO] Best Test acc=75.200
[2023-05-06 10:56:06,106][train_vgg.py][line:207][INFO] Epoch:[68/200]	 loss=171.08142	 acc=83.311
[2023-05-06 10:56:09,504][train_vgg.py][line:215][INFO] Epoch:[68/200]	 Test acc=75.300
[2023-05-06 10:56:09,504][train_vgg.py][line:224][INFO] Best Test acc=75.300
[2023-05-06 10:56:59,889][train_vgg.py][line:207][INFO] Epoch:[69/200]	 loss=167.07043	 acc=83.700
[2023-05-06 10:57:03,340][train_vgg.py][line:215][INFO] Epoch:[69/200]	 Test acc=66.200
[2023-05-06 10:57:03,340][train_vgg.py][line:224][INFO] Best Test acc=75.300
[2023-05-06 10:57:53,369][train_vgg.py][line:207][INFO] Epoch:[70/200]	 loss=163.96520	 acc=83.489
[2023-05-06 10:57:56,787][train_vgg.py][line:215][INFO] Epoch:[70/200]	 Test acc=65.500
[2023-05-06 10:57:56,787][train_vgg.py][line:224][INFO] Best Test acc=75.300
[2023-05-06 10:58:46,899][train_vgg.py][line:207][INFO] Epoch:[71/200]	 loss=161.25300	 acc=83.844
[2023-05-06 10:58:50,293][train_vgg.py][line:215][INFO] Epoch:[71/200]	 Test acc=73.100
[2023-05-06 10:58:50,293][train_vgg.py][line:224][INFO] Best Test acc=75.300
[2023-05-06 10:59:40,297][train_vgg.py][line:207][INFO] Epoch:[72/200]	 loss=160.52761	 acc=83.956
[2023-05-06 10:59:43,685][train_vgg.py][line:215][INFO] Epoch:[72/200]	 Test acc=68.100
[2023-05-06 10:59:43,685][train_vgg.py][line:224][INFO] Best Test acc=75.300
[2023-05-06 11:00:33,975][train_vgg.py][line:207][INFO] Epoch:[73/200]	 loss=160.07682	 acc=84.411
[2023-05-06 11:00:37,350][train_vgg.py][line:215][INFO] Epoch:[73/200]	 Test acc=62.700
[2023-05-06 11:00:37,351][train_vgg.py][line:224][INFO] Best Test acc=75.300
[2023-05-06 11:01:27,045][train_vgg.py][line:207][INFO] Epoch:[74/200]	 loss=158.30033	 acc=84.322
[2023-05-06 11:01:30,456][train_vgg.py][line:215][INFO] Epoch:[74/200]	 Test acc=71.600
[2023-05-06 11:01:30,456][train_vgg.py][line:224][INFO] Best Test acc=75.300
[2023-05-06 11:02:20,224][train_vgg.py][line:207][INFO] Epoch:[75/200]	 loss=158.51122	 acc=84.278
[2023-05-06 11:02:23,607][train_vgg.py][line:215][INFO] Epoch:[75/200]	 Test acc=74.400
[2023-05-06 11:02:23,607][train_vgg.py][line:224][INFO] Best Test acc=75.300
[2023-05-06 11:03:13,532][train_vgg.py][line:207][INFO] Epoch:[76/200]	 loss=150.97857	 acc=85.200
[2023-05-06 11:03:16,941][train_vgg.py][line:215][INFO] Epoch:[76/200]	 Test acc=73.200
[2023-05-06 11:03:16,941][train_vgg.py][line:224][INFO] Best Test acc=75.300
[2023-05-06 11:04:07,214][train_vgg.py][line:207][INFO] Epoch:[77/200]	 loss=144.97777	 acc=86.367
[2023-05-06 11:04:10,606][train_vgg.py][line:215][INFO] Epoch:[77/200]	 Test acc=74.400
[2023-05-06 11:04:10,607][train_vgg.py][line:224][INFO] Best Test acc=75.300
[2023-05-06 11:05:00,355][train_vgg.py][line:207][INFO] Epoch:[78/200]	 loss=147.91441	 acc=85.722
[2023-05-06 11:05:03,756][train_vgg.py][line:215][INFO] Epoch:[78/200]	 Test acc=71.500
[2023-05-06 11:05:03,757][train_vgg.py][line:224][INFO] Best Test acc=75.300
[2023-05-06 11:05:53,514][train_vgg.py][line:207][INFO] Epoch:[79/200]	 loss=148.59256	 acc=85.533
[2023-05-06 11:05:57,060][train_vgg.py][line:215][INFO] Epoch:[79/200]	 Test acc=74.600
[2023-05-06 11:05:57,061][train_vgg.py][line:224][INFO] Best Test acc=75.300
[2023-05-06 11:06:46,920][train_vgg.py][line:207][INFO] Epoch:[80/200]	 loss=146.93512	 acc=85.822
[2023-05-06 11:06:50,329][train_vgg.py][line:215][INFO] Epoch:[80/200]	 Test acc=73.300
[2023-05-06 11:06:50,329][train_vgg.py][line:224][INFO] Best Test acc=75.300
[2023-05-06 11:07:40,897][train_vgg.py][line:207][INFO] Epoch:[81/200]	 loss=140.16257	 acc=86.922
[2023-05-06 11:07:44,247][train_vgg.py][line:215][INFO] Epoch:[81/200]	 Test acc=73.800
[2023-05-06 11:07:44,248][train_vgg.py][line:224][INFO] Best Test acc=75.300
[2023-05-06 11:08:34,360][train_vgg.py][line:207][INFO] Epoch:[82/200]	 loss=140.23971	 acc=86.856
[2023-05-06 11:08:37,939][train_vgg.py][line:215][INFO] Epoch:[82/200]	 Test acc=71.100
[2023-05-06 11:08:37,939][train_vgg.py][line:224][INFO] Best Test acc=75.300
[2023-05-06 11:09:28,190][train_vgg.py][line:207][INFO] Epoch:[83/200]	 loss=139.77103	 acc=86.833
[2023-05-06 11:09:31,804][train_vgg.py][line:215][INFO] Epoch:[83/200]	 Test acc=73.400
[2023-05-06 11:09:31,804][train_vgg.py][line:224][INFO] Best Test acc=75.300
[2023-05-06 11:10:22,007][train_vgg.py][line:207][INFO] Epoch:[84/200]	 loss=134.75817	 acc=87.211
[2023-05-06 11:10:25,410][train_vgg.py][line:215][INFO] Epoch:[84/200]	 Test acc=71.000
[2023-05-06 11:10:25,410][train_vgg.py][line:224][INFO] Best Test acc=75.300
[2023-05-06 11:11:15,171][train_vgg.py][line:207][INFO] Epoch:[85/200]	 loss=140.85328	 acc=86.700
[2023-05-06 11:11:18,561][train_vgg.py][line:215][INFO] Epoch:[85/200]	 Test acc=72.200
[2023-05-06 11:11:18,562][train_vgg.py][line:224][INFO] Best Test acc=75.300
[2023-05-06 11:12:08,328][train_vgg.py][line:207][INFO] Epoch:[86/200]	 loss=137.82033	 acc=87.122
[2023-05-06 11:12:11,709][train_vgg.py][line:215][INFO] Epoch:[86/200]	 Test acc=70.900
[2023-05-06 11:12:11,709][train_vgg.py][line:224][INFO] Best Test acc=75.300
[2023-05-06 11:13:01,426][train_vgg.py][line:207][INFO] Epoch:[87/200]	 loss=128.11847	 acc=88.211
[2023-05-06 11:13:04,837][train_vgg.py][line:215][INFO] Epoch:[87/200]	 Test acc=68.800
[2023-05-06 11:13:04,838][train_vgg.py][line:224][INFO] Best Test acc=75.300
[2023-05-06 11:13:54,871][train_vgg.py][line:207][INFO] Epoch:[88/200]	 loss=129.78190	 acc=88.011
[2023-05-06 11:13:58,266][train_vgg.py][line:215][INFO] Epoch:[88/200]	 Test acc=73.200
[2023-05-06 11:13:58,267][train_vgg.py][line:224][INFO] Best Test acc=75.300
[2023-05-06 11:14:47,662][train_vgg.py][line:207][INFO] Epoch:[89/200]	 loss=124.25357	 acc=88.856
[2023-05-06 11:14:51,103][train_vgg.py][line:215][INFO] Epoch:[89/200]	 Test acc=72.600
[2023-05-06 11:14:51,103][train_vgg.py][line:224][INFO] Best Test acc=75.300
[2023-05-06 11:15:40,665][train_vgg.py][line:207][INFO] Epoch:[90/200]	 loss=130.35939	 acc=87.689
[2023-05-06 11:15:44,230][train_vgg.py][line:215][INFO] Epoch:[90/200]	 Test acc=74.500
[2023-05-06 11:15:44,230][train_vgg.py][line:224][INFO] Best Test acc=75.300
[2023-05-06 11:16:34,016][train_vgg.py][line:207][INFO] Epoch:[91/200]	 loss=116.19721	 acc=89.856
[2023-05-06 11:16:37,390][train_vgg.py][line:215][INFO] Epoch:[91/200]	 Test acc=75.400
[2023-05-06 11:16:37,390][train_vgg.py][line:224][INFO] Best Test acc=75.400
[2023-05-06 11:17:27,618][train_vgg.py][line:207][INFO] Epoch:[92/200]	 loss=120.76002	 acc=89.411
[2023-05-06 11:17:31,074][train_vgg.py][line:215][INFO] Epoch:[92/200]	 Test acc=74.300
[2023-05-06 11:17:31,074][train_vgg.py][line:224][INFO] Best Test acc=75.400
[2023-05-06 11:18:20,555][train_vgg.py][line:207][INFO] Epoch:[93/200]	 loss=120.23525	 acc=89.489
[2023-05-06 11:18:24,027][train_vgg.py][line:215][INFO] Epoch:[93/200]	 Test acc=75.200
[2023-05-06 11:18:24,027][train_vgg.py][line:224][INFO] Best Test acc=75.400
[2023-05-06 11:19:13,738][train_vgg.py][line:207][INFO] Epoch:[94/200]	 loss=125.12401	 acc=88.644
[2023-05-06 11:19:17,117][train_vgg.py][line:215][INFO] Epoch:[94/200]	 Test acc=73.000
[2023-05-06 11:19:17,117][train_vgg.py][line:224][INFO] Best Test acc=75.400
[2023-05-06 11:20:07,046][train_vgg.py][line:207][INFO] Epoch:[95/200]	 loss=111.02793	 acc=90.300
[2023-05-06 11:20:10,415][train_vgg.py][line:215][INFO] Epoch:[95/200]	 Test acc=68.900
[2023-05-06 11:20:10,415][train_vgg.py][line:224][INFO] Best Test acc=75.400
[2023-05-06 11:21:00,199][train_vgg.py][line:207][INFO] Epoch:[96/200]	 loss=109.38223	 acc=90.544
[2023-05-06 11:21:03,613][train_vgg.py][line:215][INFO] Epoch:[96/200]	 Test acc=75.600
[2023-05-06 11:21:03,613][train_vgg.py][line:224][INFO] Best Test acc=75.600
[2023-05-06 11:21:53,885][train_vgg.py][line:207][INFO] Epoch:[97/200]	 loss=103.51081	 acc=91.333
[2023-05-06 11:21:57,270][train_vgg.py][line:215][INFO] Epoch:[97/200]	 Test acc=76.400
[2023-05-06 11:21:57,271][train_vgg.py][line:224][INFO] Best Test acc=76.400
[2023-05-06 11:22:47,504][train_vgg.py][line:207][INFO] Epoch:[98/200]	 loss=105.06965	 acc=90.867
[2023-05-06 11:22:50,916][train_vgg.py][line:215][INFO] Epoch:[98/200]	 Test acc=73.300
[2023-05-06 11:22:50,917][train_vgg.py][line:224][INFO] Best Test acc=76.400
[2023-05-06 11:23:40,563][train_vgg.py][line:207][INFO] Epoch:[99/200]	 loss=103.21011	 acc=91.078
[2023-05-06 11:23:44,057][train_vgg.py][line:215][INFO] Epoch:[99/200]	 Test acc=71.500
[2023-05-06 11:23:44,057][train_vgg.py][line:224][INFO] Best Test acc=76.400
[2023-05-06 11:24:33,634][train_vgg.py][line:207][INFO] Epoch:[100/200]	 loss=101.32208	 acc=91.222
[2023-05-06 11:24:37,082][train_vgg.py][line:215][INFO] Epoch:[100/200]	 Test acc=71.000
[2023-05-06 11:24:37,083][train_vgg.py][line:224][INFO] Best Test acc=76.400
[2023-05-06 11:25:26,751][train_vgg.py][line:207][INFO] Epoch:[101/200]	 loss=98.48074	 acc=91.800
[2023-05-06 11:25:30,209][train_vgg.py][line:215][INFO] Epoch:[101/200]	 Test acc=70.800
[2023-05-06 11:25:30,210][train_vgg.py][line:224][INFO] Best Test acc=76.400
[2023-05-06 11:26:20,011][train_vgg.py][line:207][INFO] Epoch:[102/200]	 loss=98.84126	 acc=91.756
[2023-05-06 11:26:23,373][train_vgg.py][line:215][INFO] Epoch:[102/200]	 Test acc=71.100
[2023-05-06 11:26:23,374][train_vgg.py][line:224][INFO] Best Test acc=76.400
[2023-05-06 11:27:13,257][train_vgg.py][line:207][INFO] Epoch:[103/200]	 loss=94.54557	 acc=92.256
[2023-05-06 11:27:16,650][train_vgg.py][line:215][INFO] Epoch:[103/200]	 Test acc=76.100
[2023-05-06 11:27:16,650][train_vgg.py][line:224][INFO] Best Test acc=76.400
[2023-05-06 11:28:06,375][train_vgg.py][line:207][INFO] Epoch:[104/200]	 loss=92.65730	 acc=92.567
[2023-05-06 11:28:09,775][train_vgg.py][line:215][INFO] Epoch:[104/200]	 Test acc=70.400
[2023-05-06 11:28:09,775][train_vgg.py][line:224][INFO] Best Test acc=76.400
[2023-05-06 11:28:59,414][train_vgg.py][line:207][INFO] Epoch:[105/200]	 loss=100.22557	 acc=91.522
[2023-05-06 11:29:02,797][train_vgg.py][line:215][INFO] Epoch:[105/200]	 Test acc=74.800
[2023-05-06 11:29:02,797][train_vgg.py][line:224][INFO] Best Test acc=76.400
[2023-05-06 11:29:52,741][train_vgg.py][line:207][INFO] Epoch:[106/200]	 loss=88.43554	 acc=93.067
[2023-05-06 11:29:56,144][train_vgg.py][line:215][INFO] Epoch:[106/200]	 Test acc=74.300
[2023-05-06 11:29:56,145][train_vgg.py][line:224][INFO] Best Test acc=76.400
[2023-05-06 11:30:46,095][train_vgg.py][line:207][INFO] Epoch:[107/200]	 loss=87.76515	 acc=93.144
[2023-05-06 11:30:49,466][train_vgg.py][line:215][INFO] Epoch:[107/200]	 Test acc=72.900
[2023-05-06 11:30:49,466][train_vgg.py][line:224][INFO] Best Test acc=76.400
[2023-05-06 11:31:38,912][train_vgg.py][line:207][INFO] Epoch:[108/200]	 loss=86.71453	 acc=93.367
[2023-05-06 11:31:42,291][train_vgg.py][line:215][INFO] Epoch:[108/200]	 Test acc=75.600
[2023-05-06 11:31:42,291][train_vgg.py][line:224][INFO] Best Test acc=76.400
[2023-05-06 11:32:32,179][train_vgg.py][line:207][INFO] Epoch:[109/200]	 loss=89.43463	 acc=92.822
[2023-05-06 11:32:35,581][train_vgg.py][line:215][INFO] Epoch:[109/200]	 Test acc=72.700
[2023-05-06 11:32:35,581][train_vgg.py][line:224][INFO] Best Test acc=76.400
[2023-05-06 11:33:25,157][train_vgg.py][line:207][INFO] Epoch:[110/200]	 loss=78.21020	 acc=94.011
[2023-05-06 11:33:28,543][train_vgg.py][line:215][INFO] Epoch:[110/200]	 Test acc=75.500
[2023-05-06 11:33:28,543][train_vgg.py][line:224][INFO] Best Test acc=76.400
[2023-05-06 11:34:18,179][train_vgg.py][line:207][INFO] Epoch:[111/200]	 loss=73.48718	 acc=94.911
[2023-05-06 11:34:21,619][train_vgg.py][line:215][INFO] Epoch:[111/200]	 Test acc=74.400
[2023-05-06 11:34:21,619][train_vgg.py][line:224][INFO] Best Test acc=76.400
[2023-05-06 11:35:11,609][train_vgg.py][line:207][INFO] Epoch:[112/200]	 loss=76.00410	 acc=94.444
[2023-05-06 11:35:15,176][train_vgg.py][line:215][INFO] Epoch:[112/200]	 Test acc=77.000
[2023-05-06 11:35:15,177][train_vgg.py][line:224][INFO] Best Test acc=77.000
[2023-05-06 11:36:05,288][train_vgg.py][line:207][INFO] Epoch:[113/200]	 loss=69.24854	 acc=95.078
[2023-05-06 11:36:08,648][train_vgg.py][line:215][INFO] Epoch:[113/200]	 Test acc=70.300
[2023-05-06 11:36:08,649][train_vgg.py][line:224][INFO] Best Test acc=77.000
[2023-05-06 11:36:59,213][train_vgg.py][line:207][INFO] Epoch:[114/200]	 loss=69.83499	 acc=95.056
[2023-05-06 11:37:02,729][train_vgg.py][line:215][INFO] Epoch:[114/200]	 Test acc=77.800
[2023-05-06 11:37:02,729][train_vgg.py][line:224][INFO] Best Test acc=77.800
[2023-05-06 11:37:53,577][train_vgg.py][line:207][INFO] Epoch:[115/200]	 loss=63.78408	 acc=95.533
[2023-05-06 11:37:56,980][train_vgg.py][line:215][INFO] Epoch:[115/200]	 Test acc=75.200
[2023-05-06 11:37:56,981][train_vgg.py][line:224][INFO] Best Test acc=77.800
[2023-05-06 11:38:46,588][train_vgg.py][line:207][INFO] Epoch:[116/200]	 loss=67.91655	 acc=95.078
[2023-05-06 11:38:50,144][train_vgg.py][line:215][INFO] Epoch:[116/200]	 Test acc=76.000
[2023-05-06 11:38:50,144][train_vgg.py][line:224][INFO] Best Test acc=77.800
[2023-05-06 11:39:40,155][train_vgg.py][line:207][INFO] Epoch:[117/200]	 loss=66.74467	 acc=95.344
[2023-05-06 11:39:44,010][train_vgg.py][line:215][INFO] Epoch:[117/200]	 Test acc=72.300
[2023-05-06 11:39:44,010][train_vgg.py][line:224][INFO] Best Test acc=77.800
[2023-05-06 11:40:33,979][train_vgg.py][line:207][INFO] Epoch:[118/200]	 loss=65.60089	 acc=95.744
[2023-05-06 11:40:37,392][train_vgg.py][line:215][INFO] Epoch:[118/200]	 Test acc=76.800
[2023-05-06 11:40:37,392][train_vgg.py][line:224][INFO] Best Test acc=77.800
[2023-05-06 11:41:27,379][train_vgg.py][line:207][INFO] Epoch:[119/200]	 loss=55.47964	 acc=96.411
[2023-05-06 11:41:30,774][train_vgg.py][line:215][INFO] Epoch:[119/200]	 Test acc=75.100
[2023-05-06 11:41:30,775][train_vgg.py][line:224][INFO] Best Test acc=77.800
[2023-05-06 11:42:20,764][train_vgg.py][line:207][INFO] Epoch:[120/200]	 loss=59.54853	 acc=95.900
[2023-05-06 11:42:24,203][train_vgg.py][line:215][INFO] Epoch:[120/200]	 Test acc=74.100
[2023-05-06 11:42:24,204][train_vgg.py][line:224][INFO] Best Test acc=77.800
[2023-05-06 11:43:13,908][train_vgg.py][line:207][INFO] Epoch:[121/200]	 loss=56.99395	 acc=96.389
[2023-05-06 11:43:17,322][train_vgg.py][line:215][INFO] Epoch:[121/200]	 Test acc=76.000
[2023-05-06 11:43:17,322][train_vgg.py][line:224][INFO] Best Test acc=77.800
[2023-05-06 11:44:07,009][train_vgg.py][line:207][INFO] Epoch:[122/200]	 loss=53.12673	 acc=96.822
[2023-05-06 11:44:10,370][train_vgg.py][line:215][INFO] Epoch:[122/200]	 Test acc=77.400
[2023-05-06 11:44:10,370][train_vgg.py][line:224][INFO] Best Test acc=77.800
[2023-05-06 11:45:00,172][train_vgg.py][line:207][INFO] Epoch:[123/200]	 loss=51.28849	 acc=96.689
[2023-05-06 11:45:03,590][train_vgg.py][line:215][INFO] Epoch:[123/200]	 Test acc=77.100
[2023-05-06 11:45:03,591][train_vgg.py][line:224][INFO] Best Test acc=77.800
[2023-05-06 11:45:53,553][train_vgg.py][line:207][INFO] Epoch:[124/200]	 loss=50.74396	 acc=96.922
[2023-05-06 11:45:56,957][train_vgg.py][line:215][INFO] Epoch:[124/200]	 Test acc=77.000
[2023-05-06 11:45:56,957][train_vgg.py][line:224][INFO] Best Test acc=77.800
[2023-05-06 11:46:46,702][train_vgg.py][line:207][INFO] Epoch:[125/200]	 loss=48.44687	 acc=97.144
[2023-05-06 11:46:50,072][train_vgg.py][line:215][INFO] Epoch:[125/200]	 Test acc=79.000
[2023-05-06 11:46:50,072][train_vgg.py][line:224][INFO] Best Test acc=79.000
[2023-05-06 11:47:40,581][train_vgg.py][line:207][INFO] Epoch:[126/200]	 loss=39.23030	 acc=97.978
[2023-05-06 11:47:43,957][train_vgg.py][line:215][INFO] Epoch:[126/200]	 Test acc=78.400
[2023-05-06 11:47:43,958][train_vgg.py][line:224][INFO] Best Test acc=79.000
[2023-05-06 11:48:33,856][train_vgg.py][line:207][INFO] Epoch:[127/200]	 loss=41.96094	 acc=97.633
[2023-05-06 11:48:37,257][train_vgg.py][line:215][INFO] Epoch:[127/200]	 Test acc=78.000
[2023-05-06 11:48:37,257][train_vgg.py][line:224][INFO] Best Test acc=79.000
[2023-05-06 11:49:26,967][train_vgg.py][line:207][INFO] Epoch:[128/200]	 loss=36.80228	 acc=98.133
[2023-05-06 11:49:30,381][train_vgg.py][line:215][INFO] Epoch:[128/200]	 Test acc=77.600
[2023-05-06 11:49:30,381][train_vgg.py][line:224][INFO] Best Test acc=79.000
[2023-05-06 11:50:20,799][train_vgg.py][line:207][INFO] Epoch:[129/200]	 loss=42.00077	 acc=97.756
[2023-05-06 11:50:24,280][train_vgg.py][line:215][INFO] Epoch:[129/200]	 Test acc=78.200
[2023-05-06 11:50:24,280][train_vgg.py][line:224][INFO] Best Test acc=79.000
[2023-05-06 11:51:14,471][train_vgg.py][line:207][INFO] Epoch:[130/200]	 loss=36.60029	 acc=98.289
[2023-05-06 11:51:17,939][train_vgg.py][line:215][INFO] Epoch:[130/200]	 Test acc=77.700
[2023-05-06 11:51:17,939][train_vgg.py][line:224][INFO] Best Test acc=79.000
[2023-05-06 11:52:07,685][train_vgg.py][line:207][INFO] Epoch:[131/200]	 loss=37.67160	 acc=98.167
[2023-05-06 11:52:11,064][train_vgg.py][line:215][INFO] Epoch:[131/200]	 Test acc=74.800
[2023-05-06 11:52:11,065][train_vgg.py][line:224][INFO] Best Test acc=79.000
[2023-05-06 11:53:01,320][train_vgg.py][line:207][INFO] Epoch:[132/200]	 loss=31.93265	 acc=98.500
[2023-05-06 11:53:04,706][train_vgg.py][line:215][INFO] Epoch:[132/200]	 Test acc=77.100
[2023-05-06 11:53:04,706][train_vgg.py][line:224][INFO] Best Test acc=79.000
[2023-05-06 11:53:54,220][train_vgg.py][line:207][INFO] Epoch:[133/200]	 loss=26.43868	 acc=98.933
[2023-05-06 11:53:57,635][train_vgg.py][line:215][INFO] Epoch:[133/200]	 Test acc=78.200
[2023-05-06 11:53:57,636][train_vgg.py][line:224][INFO] Best Test acc=79.000
[2023-05-06 11:54:47,202][train_vgg.py][line:207][INFO] Epoch:[134/200]	 loss=24.89926	 acc=99.033
[2023-05-06 11:54:50,623][train_vgg.py][line:215][INFO] Epoch:[134/200]	 Test acc=77.800
[2023-05-06 11:54:50,623][train_vgg.py][line:224][INFO] Best Test acc=79.000
[2023-05-06 11:55:40,144][train_vgg.py][line:207][INFO] Epoch:[135/200]	 loss=31.11992	 acc=98.544
[2023-05-06 11:55:43,526][train_vgg.py][line:215][INFO] Epoch:[135/200]	 Test acc=77.300
[2023-05-06 11:55:43,526][train_vgg.py][line:224][INFO] Best Test acc=79.000
[2023-05-06 11:56:33,314][train_vgg.py][line:207][INFO] Epoch:[136/200]	 loss=23.72828	 acc=99.233
[2023-05-06 11:56:36,692][train_vgg.py][line:215][INFO] Epoch:[136/200]	 Test acc=79.900
[2023-05-06 11:56:36,693][train_vgg.py][line:224][INFO] Best Test acc=79.900
[2023-05-06 11:57:26,680][train_vgg.py][line:207][INFO] Epoch:[137/200]	 loss=19.31436	 acc=99.567
[2023-05-06 11:57:30,062][train_vgg.py][line:215][INFO] Epoch:[137/200]	 Test acc=79.000
[2023-05-06 11:57:30,063][train_vgg.py][line:224][INFO] Best Test acc=79.900
[2023-05-06 11:58:19,883][train_vgg.py][line:207][INFO] Epoch:[138/200]	 loss=17.52496	 acc=99.700
[2023-05-06 11:58:23,288][train_vgg.py][line:215][INFO] Epoch:[138/200]	 Test acc=78.700
[2023-05-06 11:58:23,288][train_vgg.py][line:224][INFO] Best Test acc=79.900
[2023-05-06 11:59:12,882][train_vgg.py][line:207][INFO] Epoch:[139/200]	 loss=18.99236	 acc=99.544
[2023-05-06 11:59:16,674][train_vgg.py][line:215][INFO] Epoch:[139/200]	 Test acc=78.200
[2023-05-06 11:59:16,674][train_vgg.py][line:224][INFO] Best Test acc=79.900
[2023-05-06 12:00:06,083][train_vgg.py][line:207][INFO] Epoch:[140/200]	 loss=16.88165	 acc=99.556
[2023-05-06 12:00:09,483][train_vgg.py][line:215][INFO] Epoch:[140/200]	 Test acc=77.900
[2023-05-06 12:00:09,484][train_vgg.py][line:224][INFO] Best Test acc=79.900
[2023-05-06 12:00:59,221][train_vgg.py][line:207][INFO] Epoch:[141/200]	 loss=13.16047	 acc=99.867
[2023-05-06 12:01:02,674][train_vgg.py][line:215][INFO] Epoch:[141/200]	 Test acc=80.000
[2023-05-06 12:01:02,674][train_vgg.py][line:224][INFO] Best Test acc=80.000
[2023-05-06 12:01:52,960][train_vgg.py][line:207][INFO] Epoch:[142/200]	 loss=13.28071	 acc=99.778
[2023-05-06 12:01:56,335][train_vgg.py][line:215][INFO] Epoch:[142/200]	 Test acc=78.700
[2023-05-06 12:01:56,336][train_vgg.py][line:224][INFO] Best Test acc=80.000
[2023-05-06 12:02:45,937][train_vgg.py][line:207][INFO] Epoch:[143/200]	 loss=12.66221	 acc=99.844
[2023-05-06 12:02:49,326][train_vgg.py][line:215][INFO] Epoch:[143/200]	 Test acc=79.700
[2023-05-06 12:02:49,327][train_vgg.py][line:224][INFO] Best Test acc=80.000
[2023-05-06 12:03:39,063][train_vgg.py][line:207][INFO] Epoch:[144/200]	 loss=11.39656	 acc=99.867
[2023-05-06 12:03:42,715][train_vgg.py][line:215][INFO] Epoch:[144/200]	 Test acc=80.300
[2023-05-06 12:03:42,715][train_vgg.py][line:224][INFO] Best Test acc=80.300
[2023-05-06 12:04:32,912][train_vgg.py][line:207][INFO] Epoch:[145/200]	 loss=9.56422	 acc=99.933
[2023-05-06 12:04:36,347][train_vgg.py][line:215][INFO] Epoch:[145/200]	 Test acc=80.400
[2023-05-06 12:04:36,348][train_vgg.py][line:224][INFO] Best Test acc=80.400
[2023-05-06 12:05:27,147][train_vgg.py][line:207][INFO] Epoch:[146/200]	 loss=8.46532	 acc=99.989
[2023-05-06 12:05:30,690][train_vgg.py][line:215][INFO] Epoch:[146/200]	 Test acc=82.100
[2023-05-06 12:05:30,691][train_vgg.py][line:224][INFO] Best Test acc=82.100
[2023-05-06 12:06:20,961][train_vgg.py][line:207][INFO] Epoch:[147/200]	 loss=7.76410	 acc=99.989
[2023-05-06 12:06:24,349][train_vgg.py][line:215][INFO] Epoch:[147/200]	 Test acc=81.900
[2023-05-06 12:06:24,349][train_vgg.py][line:224][INFO] Best Test acc=82.100
[2023-05-06 12:07:13,857][train_vgg.py][line:207][INFO] Epoch:[148/200]	 loss=7.57334	 acc=99.978
[2023-05-06 12:07:17,309][train_vgg.py][line:215][INFO] Epoch:[148/200]	 Test acc=79.900
[2023-05-06 12:07:17,309][train_vgg.py][line:224][INFO] Best Test acc=82.100
[2023-05-06 12:08:07,928][train_vgg.py][line:207][INFO] Epoch:[149/200]	 loss=7.47868	 acc=99.978
[2023-05-06 12:08:11,657][train_vgg.py][line:215][INFO] Epoch:[149/200]	 Test acc=80.500
[2023-05-06 12:08:11,657][train_vgg.py][line:224][INFO] Best Test acc=82.100
[2023-05-06 12:09:01,934][train_vgg.py][line:207][INFO] Epoch:[150/200]	 loss=7.01678	 acc=100.000
[2023-05-06 12:09:05,453][train_vgg.py][line:215][INFO] Epoch:[150/200]	 Test acc=81.300
[2023-05-06 12:09:05,454][train_vgg.py][line:224][INFO] Best Test acc=82.100
[2023-05-06 12:09:55,116][train_vgg.py][line:207][INFO] Epoch:[151/200]	 loss=6.76778	 acc=100.000
[2023-05-06 12:09:58,488][train_vgg.py][line:215][INFO] Epoch:[151/200]	 Test acc=80.200
[2023-05-06 12:09:58,489][train_vgg.py][line:224][INFO] Best Test acc=82.100
[2023-05-06 12:10:48,119][train_vgg.py][line:207][INFO] Epoch:[152/200]	 loss=7.13272	 acc=99.967
[2023-05-06 12:10:51,531][train_vgg.py][line:215][INFO] Epoch:[152/200]	 Test acc=81.500
[2023-05-06 12:10:51,531][train_vgg.py][line:224][INFO] Best Test acc=82.100
[2023-05-06 12:11:41,266][train_vgg.py][line:207][INFO] Epoch:[153/200]	 loss=6.86399	 acc=99.989
[2023-05-06 12:11:44,656][train_vgg.py][line:215][INFO] Epoch:[153/200]	 Test acc=80.300
[2023-05-06 12:11:44,656][train_vgg.py][line:224][INFO] Best Test acc=82.100
[2023-05-06 12:12:34,596][train_vgg.py][line:207][INFO] Epoch:[154/200]	 loss=6.26871	 acc=100.000
[2023-05-06 12:12:37,984][train_vgg.py][line:215][INFO] Epoch:[154/200]	 Test acc=80.200
[2023-05-06 12:12:37,984][train_vgg.py][line:224][INFO] Best Test acc=82.100
[2023-05-06 12:13:28,552][train_vgg.py][line:207][INFO] Epoch:[155/200]	 loss=5.89522	 acc=99.989
[2023-05-06 12:13:31,927][train_vgg.py][line:215][INFO] Epoch:[155/200]	 Test acc=81.100
[2023-05-06 12:13:31,927][train_vgg.py][line:224][INFO] Best Test acc=82.100
[2023-05-06 12:14:21,422][train_vgg.py][line:207][INFO] Epoch:[156/200]	 loss=5.80861	 acc=99.989
[2023-05-06 12:14:24,997][train_vgg.py][line:215][INFO] Epoch:[156/200]	 Test acc=80.400
[2023-05-06 12:14:24,997][train_vgg.py][line:224][INFO] Best Test acc=82.100
[2023-05-06 12:15:14,724][train_vgg.py][line:207][INFO] Epoch:[157/200]	 loss=5.73969	 acc=100.000
[2023-05-06 12:15:18,238][train_vgg.py][line:215][INFO] Epoch:[157/200]	 Test acc=81.600
[2023-05-06 12:15:18,239][train_vgg.py][line:224][INFO] Best Test acc=82.100
[2023-05-06 12:16:07,870][train_vgg.py][line:207][INFO] Epoch:[158/200]	 loss=6.01607	 acc=100.000
[2023-05-06 12:16:11,247][train_vgg.py][line:215][INFO] Epoch:[158/200]	 Test acc=81.500
[2023-05-06 12:16:11,248][train_vgg.py][line:224][INFO] Best Test acc=82.100
[2023-05-06 12:17:00,935][train_vgg.py][line:207][INFO] Epoch:[159/200]	 loss=5.83127	 acc=100.000
[2023-05-06 12:17:04,411][train_vgg.py][line:215][INFO] Epoch:[159/200]	 Test acc=80.300
[2023-05-06 12:17:04,412][train_vgg.py][line:224][INFO] Best Test acc=82.100
[2023-05-06 12:17:54,019][train_vgg.py][line:207][INFO] Epoch:[160/200]	 loss=5.56931	 acc=100.000
[2023-05-06 12:17:57,399][train_vgg.py][line:215][INFO] Epoch:[160/200]	 Test acc=81.700
[2023-05-06 12:17:57,400][train_vgg.py][line:224][INFO] Best Test acc=82.100
[2023-05-06 12:18:47,007][train_vgg.py][line:207][INFO] Epoch:[161/200]	 loss=5.35372	 acc=99.989
[2023-05-06 12:18:50,407][train_vgg.py][line:215][INFO] Epoch:[161/200]	 Test acc=79.900
[2023-05-06 12:18:50,408][train_vgg.py][line:224][INFO] Best Test acc=82.100
[2023-05-06 12:19:39,885][train_vgg.py][line:207][INFO] Epoch:[162/200]	 loss=5.37756	 acc=100.000
[2023-05-06 12:19:43,260][train_vgg.py][line:215][INFO] Epoch:[162/200]	 Test acc=81.700
[2023-05-06 12:19:43,260][train_vgg.py][line:224][INFO] Best Test acc=82.100
[2023-05-06 12:20:32,696][train_vgg.py][line:207][INFO] Epoch:[163/200]	 loss=5.32569	 acc=100.000
[2023-05-06 12:20:36,081][train_vgg.py][line:215][INFO] Epoch:[163/200]	 Test acc=80.700
[2023-05-06 12:20:36,081][train_vgg.py][line:224][INFO] Best Test acc=82.100
[2023-05-06 12:21:25,538][train_vgg.py][line:207][INFO] Epoch:[164/200]	 loss=5.16483	 acc=100.000
[2023-05-06 12:21:28,924][train_vgg.py][line:215][INFO] Epoch:[164/200]	 Test acc=81.000
[2023-05-06 12:21:28,924][train_vgg.py][line:224][INFO] Best Test acc=82.100
[2023-05-06 12:22:18,897][train_vgg.py][line:207][INFO] Epoch:[165/200]	 loss=5.55975	 acc=99.989
[2023-05-06 12:22:22,293][train_vgg.py][line:215][INFO] Epoch:[165/200]	 Test acc=81.000
[2023-05-06 12:22:22,293][train_vgg.py][line:224][INFO] Best Test acc=82.100
[2023-05-06 12:23:11,889][train_vgg.py][line:207][INFO] Epoch:[166/200]	 loss=5.25124	 acc=99.989
[2023-05-06 12:23:15,323][train_vgg.py][line:215][INFO] Epoch:[166/200]	 Test acc=82.000
[2023-05-06 12:23:15,324][train_vgg.py][line:224][INFO] Best Test acc=82.100
[2023-05-06 12:24:05,457][train_vgg.py][line:207][INFO] Epoch:[167/200]	 loss=5.23423	 acc=100.000
[2023-05-06 12:24:08,844][train_vgg.py][line:215][INFO] Epoch:[167/200]	 Test acc=80.200
[2023-05-06 12:24:08,844][train_vgg.py][line:224][INFO] Best Test acc=82.100
[2023-05-06 12:24:58,706][train_vgg.py][line:207][INFO] Epoch:[168/200]	 loss=5.25659	 acc=100.000
[2023-05-06 12:25:02,159][train_vgg.py][line:215][INFO] Epoch:[168/200]	 Test acc=81.100
[2023-05-06 12:25:02,159][train_vgg.py][line:224][INFO] Best Test acc=82.100
[2023-05-06 12:25:51,877][train_vgg.py][line:207][INFO] Epoch:[169/200]	 loss=5.46074	 acc=100.000
[2023-05-06 12:25:55,252][train_vgg.py][line:215][INFO] Epoch:[169/200]	 Test acc=81.500
[2023-05-06 12:25:55,252][train_vgg.py][line:224][INFO] Best Test acc=82.100
[2023-05-06 12:26:44,924][train_vgg.py][line:207][INFO] Epoch:[170/200]	 loss=5.32110	 acc=100.000
[2023-05-06 12:26:48,326][train_vgg.py][line:215][INFO] Epoch:[170/200]	 Test acc=81.400
[2023-05-06 12:26:48,326][train_vgg.py][line:224][INFO] Best Test acc=82.100
[2023-05-06 12:27:38,219][train_vgg.py][line:207][INFO] Epoch:[171/200]	 loss=5.31733	 acc=100.000
[2023-05-06 12:27:41,593][train_vgg.py][line:215][INFO] Epoch:[171/200]	 Test acc=82.300
[2023-05-06 12:27:41,593][train_vgg.py][line:224][INFO] Best Test acc=82.300
[2023-05-06 12:28:32,010][train_vgg.py][line:207][INFO] Epoch:[172/200]	 loss=5.28264	 acc=100.000
[2023-05-06 12:28:35,389][train_vgg.py][line:215][INFO] Epoch:[172/200]	 Test acc=81.900
[2023-05-06 12:28:35,389][train_vgg.py][line:224][INFO] Best Test acc=82.300
[2023-05-06 12:29:24,991][train_vgg.py][line:207][INFO] Epoch:[173/200]	 loss=5.48944	 acc=100.000
[2023-05-06 12:29:28,464][train_vgg.py][line:215][INFO] Epoch:[173/200]	 Test acc=81.800
[2023-05-06 12:29:28,465][train_vgg.py][line:224][INFO] Best Test acc=82.300
[2023-05-06 12:30:18,727][train_vgg.py][line:207][INFO] Epoch:[174/200]	 loss=5.60748	 acc=100.000
[2023-05-06 12:30:22,207][train_vgg.py][line:215][INFO] Epoch:[174/200]	 Test acc=81.200
[2023-05-06 12:30:22,207][train_vgg.py][line:224][INFO] Best Test acc=82.300
[2023-05-06 12:31:12,151][train_vgg.py][line:207][INFO] Epoch:[175/200]	 loss=6.00169	 acc=100.000
[2023-05-06 12:31:15,560][train_vgg.py][line:215][INFO] Epoch:[175/200]	 Test acc=81.000
[2023-05-06 12:31:15,560][train_vgg.py][line:224][INFO] Best Test acc=82.300
[2023-05-06 12:32:05,427][train_vgg.py][line:207][INFO] Epoch:[176/200]	 loss=5.66593	 acc=100.000
[2023-05-06 12:32:08,817][train_vgg.py][line:215][INFO] Epoch:[176/200]	 Test acc=81.700
[2023-05-06 12:32:08,817][train_vgg.py][line:224][INFO] Best Test acc=82.300
[2023-05-06 12:32:58,430][train_vgg.py][line:207][INFO] Epoch:[177/200]	 loss=5.47682	 acc=100.000
[2023-05-06 12:33:01,820][train_vgg.py][line:215][INFO] Epoch:[177/200]	 Test acc=81.600
[2023-05-06 12:33:01,821][train_vgg.py][line:224][INFO] Best Test acc=82.300
[2023-05-06 12:33:52,055][train_vgg.py][line:207][INFO] Epoch:[178/200]	 loss=5.92675	 acc=99.989
[2023-05-06 12:33:55,426][train_vgg.py][line:215][INFO] Epoch:[178/200]	 Test acc=81.000
[2023-05-06 12:33:55,426][train_vgg.py][line:224][INFO] Best Test acc=82.300
[2023-05-06 12:34:45,245][train_vgg.py][line:207][INFO] Epoch:[179/200]	 loss=6.15755	 acc=100.000
[2023-05-06 12:34:48,651][train_vgg.py][line:215][INFO] Epoch:[179/200]	 Test acc=81.500
[2023-05-06 12:34:48,652][train_vgg.py][line:224][INFO] Best Test acc=82.300
[2023-05-06 12:35:38,494][train_vgg.py][line:207][INFO] Epoch:[180/200]	 loss=5.67783	 acc=100.000
[2023-05-06 12:35:41,884][train_vgg.py][line:215][INFO] Epoch:[180/200]	 Test acc=81.500
[2023-05-06 12:35:41,885][train_vgg.py][line:224][INFO] Best Test acc=82.300
[2023-05-06 12:36:31,717][train_vgg.py][line:207][INFO] Epoch:[181/200]	 loss=5.74722	 acc=100.000
[2023-05-06 12:36:35,145][train_vgg.py][line:215][INFO] Epoch:[181/200]	 Test acc=82.000
[2023-05-06 12:36:35,145][train_vgg.py][line:224][INFO] Best Test acc=82.300
[2023-05-06 12:37:25,209][train_vgg.py][line:207][INFO] Epoch:[182/200]	 loss=5.45085	 acc=100.000
[2023-05-06 12:37:28,615][train_vgg.py][line:215][INFO] Epoch:[182/200]	 Test acc=81.800
[2023-05-06 12:37:28,615][train_vgg.py][line:224][INFO] Best Test acc=82.300
[2023-05-06 12:38:18,269][train_vgg.py][line:207][INFO] Epoch:[183/200]	 loss=5.34886	 acc=100.000
[2023-05-06 12:38:21,684][train_vgg.py][line:215][INFO] Epoch:[183/200]	 Test acc=81.800
[2023-05-06 12:38:21,684][train_vgg.py][line:224][INFO] Best Test acc=82.300
[2023-05-06 12:39:11,361][train_vgg.py][line:207][INFO] Epoch:[184/200]	 loss=5.34877	 acc=100.000
[2023-05-06 12:39:14,975][train_vgg.py][line:215][INFO] Epoch:[184/200]	 Test acc=81.600
[2023-05-06 12:39:14,975][train_vgg.py][line:224][INFO] Best Test acc=82.300
[2023-05-06 12:40:04,820][train_vgg.py][line:207][INFO] Epoch:[185/200]	 loss=5.35974	 acc=100.000
[2023-05-06 12:40:08,196][train_vgg.py][line:215][INFO] Epoch:[185/200]	 Test acc=81.700
[2023-05-06 12:40:08,197][train_vgg.py][line:224][INFO] Best Test acc=82.300
[2023-05-06 12:40:57,863][train_vgg.py][line:207][INFO] Epoch:[186/200]	 loss=5.38990	 acc=100.000
[2023-05-06 12:41:01,322][train_vgg.py][line:215][INFO] Epoch:[186/200]	 Test acc=81.900
[2023-05-06 12:41:01,323][train_vgg.py][line:224][INFO] Best Test acc=82.300
[2023-05-06 12:41:51,373][train_vgg.py][line:207][INFO] Epoch:[187/200]	 loss=5.49314	 acc=100.000
[2023-05-06 12:41:54,777][train_vgg.py][line:215][INFO] Epoch:[187/200]	 Test acc=81.700
[2023-05-06 12:41:54,777][train_vgg.py][line:224][INFO] Best Test acc=82.300
[2023-05-06 12:42:44,643][train_vgg.py][line:207][INFO] Epoch:[188/200]	 loss=5.51022	 acc=100.000
[2023-05-06 12:42:48,046][train_vgg.py][line:215][INFO] Epoch:[188/200]	 Test acc=80.900
[2023-05-06 12:42:48,046][train_vgg.py][line:224][INFO] Best Test acc=82.300
[2023-05-06 12:43:37,685][train_vgg.py][line:207][INFO] Epoch:[189/200]	 loss=5.50505	 acc=100.000
[2023-05-06 12:43:41,052][train_vgg.py][line:215][INFO] Epoch:[189/200]	 Test acc=82.100
[2023-05-06 12:43:41,052][train_vgg.py][line:224][INFO] Best Test acc=82.300
[2023-05-06 12:44:30,738][train_vgg.py][line:207][INFO] Epoch:[190/200]	 loss=5.45825	 acc=99.978
[2023-05-06 12:44:34,204][train_vgg.py][line:215][INFO] Epoch:[190/200]	 Test acc=82.000
[2023-05-06 12:44:34,205][train_vgg.py][line:224][INFO] Best Test acc=82.300
[2023-05-06 12:45:23,874][train_vgg.py][line:207][INFO] Epoch:[191/200]	 loss=5.48315	 acc=100.000
[2023-05-06 12:45:27,291][train_vgg.py][line:215][INFO] Epoch:[191/200]	 Test acc=82.000
[2023-05-06 12:45:27,292][train_vgg.py][line:224][INFO] Best Test acc=82.300
[2023-05-06 12:46:17,013][train_vgg.py][line:207][INFO] Epoch:[192/200]	 loss=5.44683	 acc=100.000
[2023-05-06 12:46:20,493][train_vgg.py][line:215][INFO] Epoch:[192/200]	 Test acc=81.900
[2023-05-06 12:46:20,494][train_vgg.py][line:224][INFO] Best Test acc=82.300
[2023-05-06 12:47:10,527][train_vgg.py][line:207][INFO] Epoch:[193/200]	 loss=5.71357	 acc=100.000
[2023-05-06 12:47:13,964][train_vgg.py][line:215][INFO] Epoch:[193/200]	 Test acc=81.600
[2023-05-06 12:47:13,964][train_vgg.py][line:224][INFO] Best Test acc=82.300
[2023-05-06 12:48:04,257][train_vgg.py][line:207][INFO] Epoch:[194/200]	 loss=5.41915	 acc=99.978
[2023-05-06 12:48:07,781][train_vgg.py][line:215][INFO] Epoch:[194/200]	 Test acc=82.100
[2023-05-06 12:48:07,782][train_vgg.py][line:224][INFO] Best Test acc=82.300
[2023-05-06 12:48:57,383][train_vgg.py][line:207][INFO] Epoch:[195/200]	 loss=5.30792	 acc=100.000
[2023-05-06 12:49:00,790][train_vgg.py][line:215][INFO] Epoch:[195/200]	 Test acc=81.500
[2023-05-06 12:49:00,790][train_vgg.py][line:224][INFO] Best Test acc=82.300
[2023-05-06 12:49:50,554][train_vgg.py][line:207][INFO] Epoch:[196/200]	 loss=5.37174	 acc=100.000
[2023-05-06 12:49:53,961][train_vgg.py][line:215][INFO] Epoch:[196/200]	 Test acc=81.600
[2023-05-06 12:49:53,961][train_vgg.py][line:224][INFO] Best Test acc=82.300
[2023-05-06 12:50:44,002][train_vgg.py][line:207][INFO] Epoch:[197/200]	 loss=5.22421	 acc=100.000
[2023-05-06 12:50:47,395][train_vgg.py][line:215][INFO] Epoch:[197/200]	 Test acc=81.700
[2023-05-06 12:50:47,395][train_vgg.py][line:224][INFO] Best Test acc=82.300
[2023-05-06 12:51:37,115][train_vgg.py][line:207][INFO] Epoch:[198/200]	 loss=5.42599	 acc=99.989
[2023-05-06 12:51:40,508][train_vgg.py][line:215][INFO] Epoch:[198/200]	 Test acc=82.200
[2023-05-06 12:51:40,508][train_vgg.py][line:224][INFO] Best Test acc=82.300
[2023-05-06 12:52:30,544][train_vgg.py][line:207][INFO] Epoch:[199/200]	 loss=5.53495	 acc=100.000
[2023-05-06 12:52:33,927][train_vgg.py][line:215][INFO] Epoch:[199/200]	 Test acc=81.000
[2023-05-06 12:52:33,928][train_vgg.py][line:224][INFO] Best Test acc=82.300
