[2023-05-05 17:48:39,238][train_vgg.py][line:200][INFO] start training!
[2023-05-05 17:50:06,248][train_vgg.py][line:207][INFO] Epoch:[0/200]	 loss=614.73059	 acc=18.922
[2023-05-05 17:50:12,118][train_vgg.py][line:215][INFO] Epoch:[0/200]	 Test acc=34.100
[2023-05-05 17:50:12,118][train_vgg.py][line:224][INFO] Best Test acc=34.100
[2023-05-05 17:51:36,930][train_vgg.py][line:207][INFO] Epoch:[1/200]	 loss=499.56210	 acc=38.644
[2023-05-05 17:51:42,809][train_vgg.py][line:215][INFO] Epoch:[1/200]	 Test acc=34.500
[2023-05-05 17:51:42,809][train_vgg.py][line:224][INFO] Best Test acc=34.500
[2023-05-05 17:53:08,614][train_vgg.py][line:207][INFO] Epoch:[2/200]	 loss=454.55134	 acc=44.678
[2023-05-05 17:53:14,523][train_vgg.py][line:215][INFO] Epoch:[2/200]	 Test acc=52.100
[2023-05-05 17:53:14,523][train_vgg.py][line:224][INFO] Best Test acc=52.100
[2023-05-05 17:54:40,187][train_vgg.py][line:207][INFO] Epoch:[3/200]	 loss=416.80395	 acc=51.322
[2023-05-05 17:54:46,091][train_vgg.py][line:215][INFO] Epoch:[3/200]	 Test acc=34.400
[2023-05-05 17:54:46,092][train_vgg.py][line:224][INFO] Best Test acc=52.100
[2023-05-05 17:56:11,256][train_vgg.py][line:207][INFO] Epoch:[4/200]	 loss=395.43217	 acc=53.978
[2023-05-05 17:56:17,168][train_vgg.py][line:215][INFO] Epoch:[4/200]	 Test acc=46.100
[2023-05-05 17:56:17,168][train_vgg.py][line:224][INFO] Best Test acc=52.100
[2023-05-05 17:57:42,224][train_vgg.py][line:207][INFO] Epoch:[5/200]	 loss=372.91598	 acc=57.422
[2023-05-05 17:57:48,143][train_vgg.py][line:215][INFO] Epoch:[5/200]	 Test acc=59.200
[2023-05-05 17:57:48,144][train_vgg.py][line:224][INFO] Best Test acc=59.200
[2023-05-05 17:59:13,850][train_vgg.py][line:207][INFO] Epoch:[6/200]	 loss=357.01853	 acc=59.622
[2023-05-05 17:59:19,691][train_vgg.py][line:215][INFO] Epoch:[6/200]	 Test acc=53.800
[2023-05-05 17:59:19,691][train_vgg.py][line:224][INFO] Best Test acc=59.200
[2023-05-05 18:00:44,914][train_vgg.py][line:207][INFO] Epoch:[7/200]	 loss=337.64842	 acc=62.444
[2023-05-05 18:00:50,820][train_vgg.py][line:215][INFO] Epoch:[7/200]	 Test acc=63.300
[2023-05-05 18:00:50,820][train_vgg.py][line:224][INFO] Best Test acc=63.300
[2023-05-05 18:02:16,517][train_vgg.py][line:207][INFO] Epoch:[8/200]	 loss=327.69968	 acc=63.322
[2023-05-05 18:02:22,389][train_vgg.py][line:215][INFO] Epoch:[8/200]	 Test acc=63.000
[2023-05-05 18:02:22,389][train_vgg.py][line:224][INFO] Best Test acc=63.300
[2023-05-05 18:03:47,574][train_vgg.py][line:207][INFO] Epoch:[9/200]	 loss=319.32258	 acc=64.922
[2023-05-05 18:03:53,519][train_vgg.py][line:215][INFO] Epoch:[9/200]	 Test acc=61.200
[2023-05-05 18:03:53,520][train_vgg.py][line:224][INFO] Best Test acc=63.300
[2023-05-05 18:05:18,773][train_vgg.py][line:207][INFO] Epoch:[10/200]	 loss=304.34274	 acc=66.944
[2023-05-05 18:05:24,638][train_vgg.py][line:215][INFO] Epoch:[10/200]	 Test acc=58.800
[2023-05-05 18:05:24,638][train_vgg.py][line:224][INFO] Best Test acc=63.300
[2023-05-05 18:06:49,965][train_vgg.py][line:207][INFO] Epoch:[11/200]	 loss=297.81343	 acc=67.822
[2023-05-05 18:06:55,900][train_vgg.py][line:215][INFO] Epoch:[11/200]	 Test acc=54.100
[2023-05-05 18:06:55,900][train_vgg.py][line:224][INFO] Best Test acc=63.300
[2023-05-05 18:08:21,140][train_vgg.py][line:207][INFO] Epoch:[12/200]	 loss=293.19299	 acc=67.989
[2023-05-05 18:08:27,075][train_vgg.py][line:215][INFO] Epoch:[12/200]	 Test acc=65.200
[2023-05-05 18:08:27,075][train_vgg.py][line:224][INFO] Best Test acc=65.200
[2023-05-05 18:09:52,816][train_vgg.py][line:207][INFO] Epoch:[13/200]	 loss=287.11445	 acc=68.978
[2023-05-05 18:09:58,700][train_vgg.py][line:215][INFO] Epoch:[13/200]	 Test acc=70.800
[2023-05-05 18:09:58,701][train_vgg.py][line:224][INFO] Best Test acc=70.800
[2023-05-05 18:11:24,612][train_vgg.py][line:207][INFO] Epoch:[14/200]	 loss=279.01182	 acc=70.389
[2023-05-05 18:11:30,516][train_vgg.py][line:215][INFO] Epoch:[14/200]	 Test acc=58.000
[2023-05-05 18:11:30,516][train_vgg.py][line:224][INFO] Best Test acc=70.800
[2023-05-05 18:12:55,897][train_vgg.py][line:207][INFO] Epoch:[15/200]	 loss=274.07010	 acc=70.778
[2023-05-05 18:13:01,736][train_vgg.py][line:215][INFO] Epoch:[15/200]	 Test acc=67.600
[2023-05-05 18:13:01,737][train_vgg.py][line:224][INFO] Best Test acc=70.800
[2023-05-05 18:14:27,291][train_vgg.py][line:207][INFO] Epoch:[16/200]	 loss=267.92519	 acc=71.256
[2023-05-05 18:14:33,140][train_vgg.py][line:215][INFO] Epoch:[16/200]	 Test acc=65.800
[2023-05-05 18:14:33,141][train_vgg.py][line:224][INFO] Best Test acc=70.800
[2023-05-05 18:15:58,269][train_vgg.py][line:207][INFO] Epoch:[17/200]	 loss=262.58441	 acc=72.389
[2023-05-05 18:16:04,229][train_vgg.py][line:215][INFO] Epoch:[17/200]	 Test acc=65.000
[2023-05-05 18:16:04,230][train_vgg.py][line:224][INFO] Best Test acc=70.800
[2023-05-05 18:17:29,433][train_vgg.py][line:207][INFO] Epoch:[18/200]	 loss=260.53674	 acc=72.244
[2023-05-05 18:17:35,349][train_vgg.py][line:215][INFO] Epoch:[18/200]	 Test acc=59.700
[2023-05-05 18:17:35,349][train_vgg.py][line:224][INFO] Best Test acc=70.800
[2023-05-05 18:19:00,524][train_vgg.py][line:207][INFO] Epoch:[19/200]	 loss=260.23492	 acc=72.400
[2023-05-05 18:19:06,442][train_vgg.py][line:215][INFO] Epoch:[19/200]	 Test acc=61.800
[2023-05-05 18:19:06,443][train_vgg.py][line:224][INFO] Best Test acc=70.800
[2023-05-05 18:20:31,724][train_vgg.py][line:207][INFO] Epoch:[20/200]	 loss=253.66617	 acc=72.867
[2023-05-05 18:20:37,606][train_vgg.py][line:215][INFO] Epoch:[20/200]	 Test acc=63.500
[2023-05-05 18:20:37,606][train_vgg.py][line:224][INFO] Best Test acc=70.800
[2023-05-05 18:22:03,268][train_vgg.py][line:207][INFO] Epoch:[21/200]	 loss=246.55756	 acc=74.378
[2023-05-05 18:22:09,197][train_vgg.py][line:215][INFO] Epoch:[21/200]	 Test acc=65.900
[2023-05-05 18:22:09,197][train_vgg.py][line:224][INFO] Best Test acc=70.800
[2023-05-05 18:23:34,493][train_vgg.py][line:207][INFO] Epoch:[22/200]	 loss=245.60264	 acc=74.067
[2023-05-05 18:23:40,361][train_vgg.py][line:215][INFO] Epoch:[22/200]	 Test acc=63.800
[2023-05-05 18:23:40,361][train_vgg.py][line:224][INFO] Best Test acc=70.800
[2023-05-05 18:25:05,580][train_vgg.py][line:207][INFO] Epoch:[23/200]	 loss=240.52791	 acc=74.589
[2023-05-05 18:25:11,471][train_vgg.py][line:215][INFO] Epoch:[23/200]	 Test acc=61.100
[2023-05-05 18:25:11,471][train_vgg.py][line:224][INFO] Best Test acc=70.800
[2023-05-05 18:26:36,739][train_vgg.py][line:207][INFO] Epoch:[24/200]	 loss=234.84117	 acc=76.011
[2023-05-05 18:26:42,538][train_vgg.py][line:215][INFO] Epoch:[24/200]	 Test acc=70.700
[2023-05-05 18:26:42,538][train_vgg.py][line:224][INFO] Best Test acc=70.800
[2023-05-05 18:28:07,723][train_vgg.py][line:207][INFO] Epoch:[25/200]	 loss=233.49606	 acc=75.511
[2023-05-05 18:28:13,576][train_vgg.py][line:215][INFO] Epoch:[25/200]	 Test acc=63.300
[2023-05-05 18:28:13,576][train_vgg.py][line:224][INFO] Best Test acc=70.800
[2023-05-05 18:29:38,894][train_vgg.py][line:207][INFO] Epoch:[26/200]	 loss=231.26213	 acc=76.278
[2023-05-05 18:29:44,852][train_vgg.py][line:215][INFO] Epoch:[26/200]	 Test acc=68.200
[2023-05-05 18:29:44,853][train_vgg.py][line:224][INFO] Best Test acc=70.800
[2023-05-05 18:31:10,545][train_vgg.py][line:207][INFO] Epoch:[27/200]	 loss=229.76704	 acc=76.633
[2023-05-05 18:31:16,448][train_vgg.py][line:215][INFO] Epoch:[27/200]	 Test acc=65.200
[2023-05-05 18:31:16,448][train_vgg.py][line:224][INFO] Best Test acc=70.800
[2023-05-05 18:32:41,908][train_vgg.py][line:207][INFO] Epoch:[28/200]	 loss=227.31021	 acc=76.744
[2023-05-05 18:32:47,792][train_vgg.py][line:215][INFO] Epoch:[28/200]	 Test acc=64.500
[2023-05-05 18:32:47,792][train_vgg.py][line:224][INFO] Best Test acc=70.800
[2023-05-05 18:34:13,002][train_vgg.py][line:207][INFO] Epoch:[29/200]	 loss=220.37717	 acc=77.411
[2023-05-05 18:34:18,940][train_vgg.py][line:215][INFO] Epoch:[29/200]	 Test acc=59.400
[2023-05-05 18:34:18,940][train_vgg.py][line:224][INFO] Best Test acc=70.800
[2023-05-05 18:35:44,220][train_vgg.py][line:207][INFO] Epoch:[30/200]	 loss=223.92714	 acc=76.811
[2023-05-05 18:35:50,072][train_vgg.py][line:215][INFO] Epoch:[30/200]	 Test acc=73.000
[2023-05-05 18:35:50,073][train_vgg.py][line:224][INFO] Best Test acc=73.000
[2023-05-05 18:37:15,727][train_vgg.py][line:207][INFO] Epoch:[31/200]	 loss=219.77367	 acc=77.633
[2023-05-05 18:37:21,593][train_vgg.py][line:215][INFO] Epoch:[31/200]	 Test acc=71.900
[2023-05-05 18:37:21,594][train_vgg.py][line:224][INFO] Best Test acc=73.000
[2023-05-05 18:38:46,925][train_vgg.py][line:207][INFO] Epoch:[32/200]	 loss=213.94012	 acc=78.367
[2023-05-05 18:38:52,886][train_vgg.py][line:215][INFO] Epoch:[32/200]	 Test acc=73.400
[2023-05-05 18:38:52,886][train_vgg.py][line:224][INFO] Best Test acc=73.400
[2023-05-05 18:40:18,501][train_vgg.py][line:207][INFO] Epoch:[33/200]	 loss=214.01070	 acc=78.100
[2023-05-05 18:40:24,442][train_vgg.py][line:215][INFO] Epoch:[33/200]	 Test acc=68.700
[2023-05-05 18:40:24,443][train_vgg.py][line:224][INFO] Best Test acc=73.400
[2023-05-05 18:41:49,466][train_vgg.py][line:207][INFO] Epoch:[34/200]	 loss=210.50598	 acc=79.044
[2023-05-05 18:41:55,394][train_vgg.py][line:215][INFO] Epoch:[34/200]	 Test acc=64.500
[2023-05-05 18:41:55,395][train_vgg.py][line:224][INFO] Best Test acc=73.400
[2023-05-05 18:43:20,476][train_vgg.py][line:207][INFO] Epoch:[35/200]	 loss=208.85960	 acc=79.244
[2023-05-05 18:43:26,387][train_vgg.py][line:215][INFO] Epoch:[35/200]	 Test acc=67.400
[2023-05-05 18:43:26,387][train_vgg.py][line:224][INFO] Best Test acc=73.400
[2023-05-05 18:44:51,416][train_vgg.py][line:207][INFO] Epoch:[36/200]	 loss=208.96889	 acc=79.389
[2023-05-05 18:44:57,294][train_vgg.py][line:215][INFO] Epoch:[36/200]	 Test acc=71.900
[2023-05-05 18:44:57,294][train_vgg.py][line:224][INFO] Best Test acc=73.400
[2023-05-05 18:46:22,576][train_vgg.py][line:207][INFO] Epoch:[37/200]	 loss=205.42659	 acc=80.122
[2023-05-05 18:46:28,519][train_vgg.py][line:215][INFO] Epoch:[37/200]	 Test acc=73.800
[2023-05-05 18:46:28,520][train_vgg.py][line:224][INFO] Best Test acc=73.800
[2023-05-05 18:47:54,197][train_vgg.py][line:207][INFO] Epoch:[38/200]	 loss=199.32564	 acc=80.000
[2023-05-05 18:48:00,099][train_vgg.py][line:215][INFO] Epoch:[38/200]	 Test acc=71.100
[2023-05-05 18:48:00,099][train_vgg.py][line:224][INFO] Best Test acc=73.800
[2023-05-05 18:49:25,285][train_vgg.py][line:207][INFO] Epoch:[39/200]	 loss=195.23384	 acc=80.833
[2023-05-05 18:49:31,295][train_vgg.py][line:215][INFO] Epoch:[39/200]	 Test acc=72.200
[2023-05-05 18:49:31,295][train_vgg.py][line:224][INFO] Best Test acc=73.800
[2023-05-05 18:50:56,575][train_vgg.py][line:207][INFO] Epoch:[40/200]	 loss=200.42710	 acc=80.200
[2023-05-05 18:51:02,429][train_vgg.py][line:215][INFO] Epoch:[40/200]	 Test acc=72.600
[2023-05-05 18:51:02,430][train_vgg.py][line:224][INFO] Best Test acc=73.800
[2023-05-05 18:52:27,576][train_vgg.py][line:207][INFO] Epoch:[41/200]	 loss=198.45818	 acc=80.333
[2023-05-05 18:52:33,412][train_vgg.py][line:215][INFO] Epoch:[41/200]	 Test acc=77.500
[2023-05-05 18:52:33,413][train_vgg.py][line:224][INFO] Best Test acc=77.500
[2023-05-05 18:53:59,078][train_vgg.py][line:207][INFO] Epoch:[42/200]	 loss=188.43801	 acc=81.833
[2023-05-05 18:54:04,914][train_vgg.py][line:215][INFO] Epoch:[42/200]	 Test acc=64.300
[2023-05-05 18:54:04,914][train_vgg.py][line:224][INFO] Best Test acc=77.500
[2023-05-05 18:55:30,186][train_vgg.py][line:207][INFO] Epoch:[43/200]	 loss=189.72870	 acc=81.944
[2023-05-05 18:55:36,049][train_vgg.py][line:215][INFO] Epoch:[43/200]	 Test acc=68.500
[2023-05-05 18:55:36,049][train_vgg.py][line:224][INFO] Best Test acc=77.500
[2023-05-05 18:57:01,284][train_vgg.py][line:207][INFO] Epoch:[44/200]	 loss=191.79158	 acc=81.067
[2023-05-05 18:57:07,165][train_vgg.py][line:215][INFO] Epoch:[44/200]	 Test acc=71.700
[2023-05-05 18:57:07,165][train_vgg.py][line:224][INFO] Best Test acc=77.500
[2023-05-05 18:58:32,184][train_vgg.py][line:207][INFO] Epoch:[45/200]	 loss=184.05432	 acc=82.556
[2023-05-05 18:58:38,133][train_vgg.py][line:215][INFO] Epoch:[45/200]	 Test acc=71.700
[2023-05-05 18:58:38,133][train_vgg.py][line:224][INFO] Best Test acc=77.500
[2023-05-05 19:00:03,377][train_vgg.py][line:207][INFO] Epoch:[46/200]	 loss=186.72126	 acc=82.311
[2023-05-05 19:00:09,300][train_vgg.py][line:215][INFO] Epoch:[46/200]	 Test acc=60.500
[2023-05-05 19:00:09,301][train_vgg.py][line:224][INFO] Best Test acc=77.500
[2023-05-05 19:01:34,482][train_vgg.py][line:207][INFO] Epoch:[47/200]	 loss=184.93986	 acc=82.311
[2023-05-05 19:01:40,397][train_vgg.py][line:215][INFO] Epoch:[47/200]	 Test acc=74.000
[2023-05-05 19:01:40,397][train_vgg.py][line:224][INFO] Best Test acc=77.500
[2023-05-05 19:03:05,574][train_vgg.py][line:207][INFO] Epoch:[48/200]	 loss=184.60723	 acc=82.278
[2023-05-05 19:03:11,587][train_vgg.py][line:215][INFO] Epoch:[48/200]	 Test acc=73.400
[2023-05-05 19:03:11,587][train_vgg.py][line:224][INFO] Best Test acc=77.500
[2023-05-05 19:04:36,792][train_vgg.py][line:207][INFO] Epoch:[49/200]	 loss=180.21110	 acc=83.033
[2023-05-05 19:04:42,648][train_vgg.py][line:215][INFO] Epoch:[49/200]	 Test acc=69.400
[2023-05-05 19:04:42,648][train_vgg.py][line:224][INFO] Best Test acc=77.500
[2023-05-05 19:06:08,227][train_vgg.py][line:207][INFO] Epoch:[50/200]	 loss=180.19353	 acc=82.789
[2023-05-05 19:06:14,192][train_vgg.py][line:215][INFO] Epoch:[50/200]	 Test acc=69.000
[2023-05-05 19:06:14,193][train_vgg.py][line:224][INFO] Best Test acc=77.500
[2023-05-05 19:07:39,417][train_vgg.py][line:207][INFO] Epoch:[51/200]	 loss=169.98363	 acc=84.122
[2023-05-05 19:07:45,326][train_vgg.py][line:215][INFO] Epoch:[51/200]	 Test acc=75.200
[2023-05-05 19:07:45,326][train_vgg.py][line:224][INFO] Best Test acc=77.500
[2023-05-05 19:09:10,411][train_vgg.py][line:207][INFO] Epoch:[52/200]	 loss=170.79942	 acc=83.956
[2023-05-05 19:09:16,279][train_vgg.py][line:215][INFO] Epoch:[52/200]	 Test acc=71.800
[2023-05-05 19:09:16,280][train_vgg.py][line:224][INFO] Best Test acc=77.500
[2023-05-05 19:10:41,568][train_vgg.py][line:207][INFO] Epoch:[53/200]	 loss=169.63350	 acc=84.300
[2023-05-05 19:10:47,430][train_vgg.py][line:215][INFO] Epoch:[53/200]	 Test acc=73.600
[2023-05-05 19:10:47,430][train_vgg.py][line:224][INFO] Best Test acc=77.500
[2023-05-05 19:12:12,681][train_vgg.py][line:207][INFO] Epoch:[54/200]	 loss=170.45479	 acc=84.289
[2023-05-05 19:12:18,565][train_vgg.py][line:215][INFO] Epoch:[54/200]	 Test acc=65.700
[2023-05-05 19:12:18,565][train_vgg.py][line:224][INFO] Best Test acc=77.500
[2023-05-05 19:13:43,817][train_vgg.py][line:207][INFO] Epoch:[55/200]	 loss=167.20920	 acc=84.878
[2023-05-05 19:13:49,733][train_vgg.py][line:215][INFO] Epoch:[55/200]	 Test acc=68.800
[2023-05-05 19:13:49,733][train_vgg.py][line:224][INFO] Best Test acc=77.500
[2023-05-05 19:15:14,877][train_vgg.py][line:207][INFO] Epoch:[56/200]	 loss=164.52490	 acc=85.011
[2023-05-05 19:15:20,793][train_vgg.py][line:215][INFO] Epoch:[56/200]	 Test acc=77.700
[2023-05-05 19:15:20,794][train_vgg.py][line:224][INFO] Best Test acc=77.700
[2023-05-05 19:16:46,602][train_vgg.py][line:207][INFO] Epoch:[57/200]	 loss=167.25607	 acc=84.233
[2023-05-05 19:16:52,479][train_vgg.py][line:215][INFO] Epoch:[57/200]	 Test acc=68.500
[2023-05-05 19:16:52,479][train_vgg.py][line:224][INFO] Best Test acc=77.700
[2023-05-05 19:18:17,706][train_vgg.py][line:207][INFO] Epoch:[58/200]	 loss=163.78423	 acc=84.600
[2023-05-05 19:18:23,633][train_vgg.py][line:215][INFO] Epoch:[58/200]	 Test acc=73.900
[2023-05-05 19:18:23,633][train_vgg.py][line:224][INFO] Best Test acc=77.700
[2023-05-05 19:19:48,644][train_vgg.py][line:207][INFO] Epoch:[59/200]	 loss=161.93688	 acc=85.322
[2023-05-05 19:19:54,470][train_vgg.py][line:215][INFO] Epoch:[59/200]	 Test acc=77.300
[2023-05-05 19:19:54,470][train_vgg.py][line:224][INFO] Best Test acc=77.700
[2023-05-05 19:21:19,606][train_vgg.py][line:207][INFO] Epoch:[60/200]	 loss=157.96735	 acc=85.733
[2023-05-05 19:21:25,497][train_vgg.py][line:215][INFO] Epoch:[60/200]	 Test acc=77.500
[2023-05-05 19:21:25,497][train_vgg.py][line:224][INFO] Best Test acc=77.700
[2023-05-05 19:22:50,575][train_vgg.py][line:207][INFO] Epoch:[61/200]	 loss=156.56019	 acc=85.956
[2023-05-05 19:22:56,485][train_vgg.py][line:215][INFO] Epoch:[61/200]	 Test acc=72.900
[2023-05-05 19:22:56,486][train_vgg.py][line:224][INFO] Best Test acc=77.700
[2023-05-05 19:24:21,631][train_vgg.py][line:207][INFO] Epoch:[62/200]	 loss=158.51270	 acc=86.011
[2023-05-05 19:24:27,599][train_vgg.py][line:215][INFO] Epoch:[62/200]	 Test acc=74.200
[2023-05-05 19:24:27,599][train_vgg.py][line:224][INFO] Best Test acc=77.700
[2023-05-05 19:25:52,857][train_vgg.py][line:207][INFO] Epoch:[63/200]	 loss=150.26253	 acc=86.433
[2023-05-05 19:25:58,806][train_vgg.py][line:215][INFO] Epoch:[63/200]	 Test acc=76.500
[2023-05-05 19:25:58,806][train_vgg.py][line:224][INFO] Best Test acc=77.700
[2023-05-05 19:27:23,849][train_vgg.py][line:207][INFO] Epoch:[64/200]	 loss=157.42241	 acc=85.244
[2023-05-05 19:27:29,710][train_vgg.py][line:215][INFO] Epoch:[64/200]	 Test acc=73.400
[2023-05-05 19:27:29,710][train_vgg.py][line:224][INFO] Best Test acc=77.700
[2023-05-05 19:28:54,908][train_vgg.py][line:207][INFO] Epoch:[65/200]	 loss=145.31139	 acc=87.589
[2023-05-05 19:29:00,791][train_vgg.py][line:215][INFO] Epoch:[65/200]	 Test acc=75.700
[2023-05-05 19:29:00,791][train_vgg.py][line:224][INFO] Best Test acc=77.700
[2023-05-05 19:30:25,714][train_vgg.py][line:207][INFO] Epoch:[66/200]	 loss=152.46633	 acc=86.344
[2023-05-05 19:30:31,647][train_vgg.py][line:215][INFO] Epoch:[66/200]	 Test acc=75.800
[2023-05-05 19:30:31,647][train_vgg.py][line:224][INFO] Best Test acc=77.700
[2023-05-05 19:31:56,698][train_vgg.py][line:207][INFO] Epoch:[67/200]	 loss=145.31528	 acc=87.100
[2023-05-05 19:32:02,543][train_vgg.py][line:215][INFO] Epoch:[67/200]	 Test acc=70.000
[2023-05-05 19:32:02,544][train_vgg.py][line:224][INFO] Best Test acc=77.700
[2023-05-05 19:33:27,644][train_vgg.py][line:207][INFO] Epoch:[68/200]	 loss=141.28309	 acc=87.867
[2023-05-05 19:33:33,522][train_vgg.py][line:215][INFO] Epoch:[68/200]	 Test acc=70.800
[2023-05-05 19:33:33,523][train_vgg.py][line:224][INFO] Best Test acc=77.700
[2023-05-05 19:34:58,749][train_vgg.py][line:207][INFO] Epoch:[69/200]	 loss=142.38990	 acc=87.744
[2023-05-05 19:35:04,711][train_vgg.py][line:215][INFO] Epoch:[69/200]	 Test acc=73.400
[2023-05-05 19:35:04,711][train_vgg.py][line:224][INFO] Best Test acc=77.700
[2023-05-05 19:36:29,868][train_vgg.py][line:207][INFO] Epoch:[70/200]	 loss=140.31992	 acc=87.844
[2023-05-05 19:36:35,777][train_vgg.py][line:215][INFO] Epoch:[70/200]	 Test acc=73.200
[2023-05-05 19:36:35,778][train_vgg.py][line:224][INFO] Best Test acc=77.700
[2023-05-05 19:38:00,950][train_vgg.py][line:207][INFO] Epoch:[71/200]	 loss=138.10970	 acc=88.200
[2023-05-05 19:38:06,970][train_vgg.py][line:215][INFO] Epoch:[71/200]	 Test acc=75.700
[2023-05-05 19:38:06,970][train_vgg.py][line:224][INFO] Best Test acc=77.700
[2023-05-05 19:39:32,192][train_vgg.py][line:207][INFO] Epoch:[72/200]	 loss=133.79533	 acc=88.678
[2023-05-05 19:39:38,156][train_vgg.py][line:215][INFO] Epoch:[72/200]	 Test acc=75.200
[2023-05-05 19:39:38,157][train_vgg.py][line:224][INFO] Best Test acc=77.700
[2023-05-05 19:41:03,186][train_vgg.py][line:207][INFO] Epoch:[73/200]	 loss=135.88286	 acc=88.533
[2023-05-05 19:41:09,023][train_vgg.py][line:215][INFO] Epoch:[73/200]	 Test acc=72.600
[2023-05-05 19:41:09,024][train_vgg.py][line:224][INFO] Best Test acc=77.700
[2023-05-05 19:42:34,132][train_vgg.py][line:207][INFO] Epoch:[74/200]	 loss=131.31507	 acc=89.056
[2023-05-05 19:42:39,994][train_vgg.py][line:215][INFO] Epoch:[74/200]	 Test acc=71.200
[2023-05-05 19:42:39,995][train_vgg.py][line:224][INFO] Best Test acc=77.700
[2023-05-05 19:44:05,017][train_vgg.py][line:207][INFO] Epoch:[75/200]	 loss=131.28411	 acc=88.978
[2023-05-05 19:44:10,893][train_vgg.py][line:215][INFO] Epoch:[75/200]	 Test acc=73.300
[2023-05-05 19:44:10,893][train_vgg.py][line:224][INFO] Best Test acc=77.700
[2023-05-05 19:45:36,032][train_vgg.py][line:207][INFO] Epoch:[76/200]	 loss=129.35395	 acc=89.400
[2023-05-05 19:45:42,088][train_vgg.py][line:215][INFO] Epoch:[76/200]	 Test acc=75.200
[2023-05-05 19:45:42,089][train_vgg.py][line:224][INFO] Best Test acc=77.700
[2023-05-05 19:47:07,405][train_vgg.py][line:207][INFO] Epoch:[77/200]	 loss=122.35220	 acc=90.211
[2023-05-05 19:47:13,373][train_vgg.py][line:215][INFO] Epoch:[77/200]	 Test acc=74.600
[2023-05-05 19:47:13,373][train_vgg.py][line:224][INFO] Best Test acc=77.700
[2023-05-05 19:48:38,483][train_vgg.py][line:207][INFO] Epoch:[78/200]	 loss=123.24642	 acc=89.611
[2023-05-05 19:48:44,318][train_vgg.py][line:215][INFO] Epoch:[78/200]	 Test acc=72.900
[2023-05-05 19:48:44,318][train_vgg.py][line:224][INFO] Best Test acc=77.700
[2023-05-05 19:50:09,735][train_vgg.py][line:207][INFO] Epoch:[79/200]	 loss=128.14964	 acc=89.778
[2023-05-05 19:50:15,816][train_vgg.py][line:215][INFO] Epoch:[79/200]	 Test acc=74.400
[2023-05-05 19:50:15,816][train_vgg.py][line:224][INFO] Best Test acc=77.700
[2023-05-05 19:51:41,186][train_vgg.py][line:207][INFO] Epoch:[80/200]	 loss=125.28265	 acc=89.900
[2023-05-05 19:51:47,033][train_vgg.py][line:215][INFO] Epoch:[80/200]	 Test acc=77.200
[2023-05-05 19:51:47,033][train_vgg.py][line:224][INFO] Best Test acc=77.700
[2023-05-05 19:53:12,318][train_vgg.py][line:207][INFO] Epoch:[81/200]	 loss=117.14413	 acc=90.678
[2023-05-05 19:53:18,222][train_vgg.py][line:215][INFO] Epoch:[81/200]	 Test acc=77.200
[2023-05-05 19:53:18,223][train_vgg.py][line:224][INFO] Best Test acc=77.700
[2023-05-05 19:54:43,384][train_vgg.py][line:207][INFO] Epoch:[82/200]	 loss=120.85006	 acc=90.700
[2023-05-05 19:54:49,282][train_vgg.py][line:215][INFO] Epoch:[82/200]	 Test acc=74.100
[2023-05-05 19:54:49,282][train_vgg.py][line:224][INFO] Best Test acc=77.700
[2023-05-05 19:56:14,733][train_vgg.py][line:207][INFO] Epoch:[83/200]	 loss=117.17881	 acc=90.511
[2023-05-05 19:56:20,720][train_vgg.py][line:215][INFO] Epoch:[83/200]	 Test acc=74.400
[2023-05-05 19:56:20,720][train_vgg.py][line:224][INFO] Best Test acc=77.700
[2023-05-05 19:57:45,880][train_vgg.py][line:207][INFO] Epoch:[84/200]	 loss=111.49933	 acc=91.511
[2023-05-05 19:57:51,783][train_vgg.py][line:215][INFO] Epoch:[84/200]	 Test acc=72.300
[2023-05-05 19:57:51,784][train_vgg.py][line:224][INFO] Best Test acc=77.700
[2023-05-05 19:59:17,043][train_vgg.py][line:207][INFO] Epoch:[85/200]	 loss=112.31131	 acc=91.333
[2023-05-05 19:59:22,905][train_vgg.py][line:215][INFO] Epoch:[85/200]	 Test acc=75.300
[2023-05-05 19:59:22,905][train_vgg.py][line:224][INFO] Best Test acc=77.700
[2023-05-05 20:00:48,571][train_vgg.py][line:207][INFO] Epoch:[86/200]	 loss=111.51921	 acc=91.522
[2023-05-05 20:00:54,502][train_vgg.py][line:215][INFO] Epoch:[86/200]	 Test acc=75.600
[2023-05-05 20:00:54,503][train_vgg.py][line:224][INFO] Best Test acc=77.700
[2023-05-05 20:02:19,946][train_vgg.py][line:207][INFO] Epoch:[87/200]	 loss=103.55845	 acc=92.322
[2023-05-05 20:02:25,801][train_vgg.py][line:215][INFO] Epoch:[87/200]	 Test acc=79.000
[2023-05-05 20:02:25,801][train_vgg.py][line:224][INFO] Best Test acc=79.000
[2023-05-05 20:03:51,786][train_vgg.py][line:207][INFO] Epoch:[88/200]	 loss=107.35006	 acc=91.689
[2023-05-05 20:03:57,796][train_vgg.py][line:215][INFO] Epoch:[88/200]	 Test acc=74.800
[2023-05-05 20:03:57,796][train_vgg.py][line:224][INFO] Best Test acc=79.000
[2023-05-05 20:05:23,107][train_vgg.py][line:207][INFO] Epoch:[89/200]	 loss=102.99050	 acc=92.500
[2023-05-05 20:05:29,077][train_vgg.py][line:215][INFO] Epoch:[89/200]	 Test acc=77.000
[2023-05-05 20:05:29,077][train_vgg.py][line:224][INFO] Best Test acc=79.000
[2023-05-05 20:06:54,286][train_vgg.py][line:207][INFO] Epoch:[90/200]	 loss=104.36689	 acc=92.222
[2023-05-05 20:07:00,338][train_vgg.py][line:215][INFO] Epoch:[90/200]	 Test acc=77.500
[2023-05-05 20:07:00,339][train_vgg.py][line:224][INFO] Best Test acc=79.000
[2023-05-05 20:08:25,393][train_vgg.py][line:207][INFO] Epoch:[91/200]	 loss=97.14298	 acc=92.944
[2023-05-05 20:08:31,381][train_vgg.py][line:215][INFO] Epoch:[91/200]	 Test acc=74.600
[2023-05-05 20:08:31,381][train_vgg.py][line:224][INFO] Best Test acc=79.000
[2023-05-05 20:09:56,383][train_vgg.py][line:207][INFO] Epoch:[92/200]	 loss=99.89824	 acc=93.100
[2023-05-05 20:10:02,358][train_vgg.py][line:215][INFO] Epoch:[92/200]	 Test acc=69.900
[2023-05-05 20:10:02,358][train_vgg.py][line:224][INFO] Best Test acc=79.000
[2023-05-05 20:11:27,495][train_vgg.py][line:207][INFO] Epoch:[93/200]	 loss=104.75963	 acc=92.489
[2023-05-05 20:11:33,501][train_vgg.py][line:215][INFO] Epoch:[93/200]	 Test acc=76.000
[2023-05-05 20:11:33,501][train_vgg.py][line:224][INFO] Best Test acc=79.000
[2023-05-05 20:12:58,570][train_vgg.py][line:207][INFO] Epoch:[94/200]	 loss=104.51006	 acc=92.667
[2023-05-05 20:13:04,473][train_vgg.py][line:215][INFO] Epoch:[94/200]	 Test acc=76.700
[2023-05-05 20:13:04,473][train_vgg.py][line:224][INFO] Best Test acc=79.000
[2023-05-05 20:14:29,552][train_vgg.py][line:207][INFO] Epoch:[95/200]	 loss=91.22636	 acc=93.856
[2023-05-05 20:14:35,410][train_vgg.py][line:215][INFO] Epoch:[95/200]	 Test acc=76.200
[2023-05-05 20:14:35,411][train_vgg.py][line:224][INFO] Best Test acc=79.000
[2023-05-05 20:16:00,523][train_vgg.py][line:207][INFO] Epoch:[96/200]	 loss=85.23588	 acc=94.656
[2023-05-05 20:16:06,465][train_vgg.py][line:215][INFO] Epoch:[96/200]	 Test acc=79.400
[2023-05-05 20:16:06,466][train_vgg.py][line:224][INFO] Best Test acc=79.400
[2023-05-05 20:17:32,030][train_vgg.py][line:207][INFO] Epoch:[97/200]	 loss=88.89589	 acc=94.244
[2023-05-05 20:17:38,031][train_vgg.py][line:215][INFO] Epoch:[97/200]	 Test acc=78.000
[2023-05-05 20:17:38,031][train_vgg.py][line:224][INFO] Best Test acc=79.400
[2023-05-05 20:19:03,191][train_vgg.py][line:207][INFO] Epoch:[98/200]	 loss=84.74793	 acc=94.622
[2023-05-05 20:19:09,178][train_vgg.py][line:215][INFO] Epoch:[98/200]	 Test acc=71.000
[2023-05-05 20:19:09,179][train_vgg.py][line:224][INFO] Best Test acc=79.400
[2023-05-05 20:20:34,406][train_vgg.py][line:207][INFO] Epoch:[99/200]	 loss=82.91205	 acc=94.633
[2023-05-05 20:20:40,555][train_vgg.py][line:215][INFO] Epoch:[99/200]	 Test acc=70.300
[2023-05-05 20:20:40,555][train_vgg.py][line:224][INFO] Best Test acc=79.400
[2023-05-05 20:22:05,711][train_vgg.py][line:207][INFO] Epoch:[100/200]	 loss=83.69769	 acc=94.611
[2023-05-05 20:22:11,604][train_vgg.py][line:215][INFO] Epoch:[100/200]	 Test acc=78.200
[2023-05-05 20:22:11,604][train_vgg.py][line:224][INFO] Best Test acc=79.400
[2023-05-05 20:23:36,729][train_vgg.py][line:207][INFO] Epoch:[101/200]	 loss=80.31242	 acc=94.878
[2023-05-05 20:23:42,653][train_vgg.py][line:215][INFO] Epoch:[101/200]	 Test acc=78.500
[2023-05-05 20:23:42,653][train_vgg.py][line:224][INFO] Best Test acc=79.400
[2023-05-05 20:25:07,811][train_vgg.py][line:207][INFO] Epoch:[102/200]	 loss=78.49457	 acc=95.422
[2023-05-05 20:25:13,699][train_vgg.py][line:215][INFO] Epoch:[102/200]	 Test acc=77.200
[2023-05-05 20:25:13,699][train_vgg.py][line:224][INFO] Best Test acc=79.400
[2023-05-05 20:26:38,823][train_vgg.py][line:207][INFO] Epoch:[103/200]	 loss=74.05007	 acc=95.556
[2023-05-05 20:26:44,654][train_vgg.py][line:215][INFO] Epoch:[103/200]	 Test acc=74.900
[2023-05-05 20:26:44,655][train_vgg.py][line:224][INFO] Best Test acc=79.400
[2023-05-05 20:28:09,649][train_vgg.py][line:207][INFO] Epoch:[104/200]	 loss=85.64044	 acc=94.278
[2023-05-05 20:28:15,514][train_vgg.py][line:215][INFO] Epoch:[104/200]	 Test acc=78.800
[2023-05-05 20:28:15,515][train_vgg.py][line:224][INFO] Best Test acc=79.400
[2023-05-05 20:29:40,667][train_vgg.py][line:207][INFO] Epoch:[105/200]	 loss=76.27923	 acc=95.178
[2023-05-05 20:29:46,504][train_vgg.py][line:215][INFO] Epoch:[105/200]	 Test acc=75.600
[2023-05-05 20:29:46,505][train_vgg.py][line:224][INFO] Best Test acc=79.400
[2023-05-05 20:31:11,740][train_vgg.py][line:207][INFO] Epoch:[106/200]	 loss=72.28823	 acc=95.689
[2023-05-05 20:31:17,614][train_vgg.py][line:215][INFO] Epoch:[106/200]	 Test acc=79.400
[2023-05-05 20:31:17,614][train_vgg.py][line:224][INFO] Best Test acc=79.400
[2023-05-05 20:32:42,867][train_vgg.py][line:207][INFO] Epoch:[107/200]	 loss=73.90375	 acc=95.778
[2023-05-05 20:32:48,847][train_vgg.py][line:215][INFO] Epoch:[107/200]	 Test acc=74.900
[2023-05-05 20:32:48,847][train_vgg.py][line:224][INFO] Best Test acc=79.400
[2023-05-05 20:34:14,050][train_vgg.py][line:207][INFO] Epoch:[108/200]	 loss=70.33989	 acc=96.067
[2023-05-05 20:34:19,897][train_vgg.py][line:215][INFO] Epoch:[108/200]	 Test acc=75.900
[2023-05-05 20:34:19,897][train_vgg.py][line:224][INFO] Best Test acc=79.400
[2023-05-05 20:35:45,264][train_vgg.py][line:207][INFO] Epoch:[109/200]	 loss=69.93150	 acc=96.333
[2023-05-05 20:35:51,122][train_vgg.py][line:215][INFO] Epoch:[109/200]	 Test acc=78.400
[2023-05-05 20:35:51,122][train_vgg.py][line:224][INFO] Best Test acc=79.400
[2023-05-05 20:37:16,269][train_vgg.py][line:207][INFO] Epoch:[110/200]	 loss=60.91664	 acc=96.933
[2023-05-05 20:37:22,179][train_vgg.py][line:215][INFO] Epoch:[110/200]	 Test acc=77.300
[2023-05-05 20:37:22,179][train_vgg.py][line:224][INFO] Best Test acc=79.400
[2023-05-05 20:38:47,259][train_vgg.py][line:207][INFO] Epoch:[111/200]	 loss=55.38691	 acc=97.411
[2023-05-05 20:38:53,205][train_vgg.py][line:215][INFO] Epoch:[111/200]	 Test acc=81.400
[2023-05-05 20:38:53,206][train_vgg.py][line:224][INFO] Best Test acc=81.400
[2023-05-05 20:40:19,248][train_vgg.py][line:207][INFO] Epoch:[112/200]	 loss=58.14208	 acc=97.200
[2023-05-05 20:40:25,097][train_vgg.py][line:215][INFO] Epoch:[112/200]	 Test acc=78.600
[2023-05-05 20:40:25,097][train_vgg.py][line:224][INFO] Best Test acc=81.400
[2023-05-05 20:41:50,411][train_vgg.py][line:207][INFO] Epoch:[113/200]	 loss=56.88204	 acc=97.389
[2023-05-05 20:41:56,276][train_vgg.py][line:215][INFO] Epoch:[113/200]	 Test acc=71.900
[2023-05-05 20:41:56,277][train_vgg.py][line:224][INFO] Best Test acc=81.400
[2023-05-05 20:43:21,669][train_vgg.py][line:207][INFO] Epoch:[114/200]	 loss=57.99217	 acc=97.256
[2023-05-05 20:43:27,611][train_vgg.py][line:215][INFO] Epoch:[114/200]	 Test acc=73.100
[2023-05-05 20:43:27,612][train_vgg.py][line:224][INFO] Best Test acc=81.400
[2023-05-05 20:44:52,822][train_vgg.py][line:207][INFO] Epoch:[115/200]	 loss=57.51440	 acc=97.222
[2023-05-05 20:44:58,767][train_vgg.py][line:215][INFO] Epoch:[115/200]	 Test acc=77.300
[2023-05-05 20:44:58,768][train_vgg.py][line:224][INFO] Best Test acc=81.400
[2023-05-05 20:46:23,992][train_vgg.py][line:207][INFO] Epoch:[116/200]	 loss=59.70571	 acc=96.922
[2023-05-05 20:46:29,870][train_vgg.py][line:215][INFO] Epoch:[116/200]	 Test acc=78.700
[2023-05-05 20:46:29,870][train_vgg.py][line:224][INFO] Best Test acc=81.400
[2023-05-05 20:47:55,237][train_vgg.py][line:207][INFO] Epoch:[117/200]	 loss=53.64870	 acc=97.678
[2023-05-05 20:48:01,136][train_vgg.py][line:215][INFO] Epoch:[117/200]	 Test acc=81.100
[2023-05-05 20:48:01,137][train_vgg.py][line:224][INFO] Best Test acc=81.400
[2023-05-05 20:49:26,284][train_vgg.py][line:207][INFO] Epoch:[118/200]	 loss=48.31066	 acc=97.856
[2023-05-05 20:49:32,154][train_vgg.py][line:215][INFO] Epoch:[118/200]	 Test acc=79.100
[2023-05-05 20:49:32,154][train_vgg.py][line:224][INFO] Best Test acc=81.400
[2023-05-05 20:50:57,115][train_vgg.py][line:207][INFO] Epoch:[119/200]	 loss=51.90323	 acc=97.689
[2023-05-05 20:51:02,989][train_vgg.py][line:215][INFO] Epoch:[119/200]	 Test acc=78.700
[2023-05-05 20:51:02,989][train_vgg.py][line:224][INFO] Best Test acc=81.400
[2023-05-05 20:52:27,901][train_vgg.py][line:207][INFO] Epoch:[120/200]	 loss=50.91028	 acc=97.700
[2023-05-05 20:52:33,866][train_vgg.py][line:215][INFO] Epoch:[120/200]	 Test acc=80.200
[2023-05-05 20:52:33,866][train_vgg.py][line:224][INFO] Best Test acc=81.400
[2023-05-05 20:53:59,466][train_vgg.py][line:207][INFO] Epoch:[121/200]	 loss=45.00942	 acc=98.378
[2023-05-05 20:54:05,368][train_vgg.py][line:215][INFO] Epoch:[121/200]	 Test acc=79.400
[2023-05-05 20:54:05,369][train_vgg.py][line:224][INFO] Best Test acc=81.400
[2023-05-05 20:55:30,430][train_vgg.py][line:207][INFO] Epoch:[122/200]	 loss=38.54066	 acc=98.811
[2023-05-05 20:55:36,343][train_vgg.py][line:215][INFO] Epoch:[122/200]	 Test acc=80.300
[2023-05-05 20:55:36,344][train_vgg.py][line:224][INFO] Best Test acc=81.400
[2023-05-05 20:57:01,428][train_vgg.py][line:207][INFO] Epoch:[123/200]	 loss=36.90658	 acc=98.900
[2023-05-05 20:57:07,263][train_vgg.py][line:215][INFO] Epoch:[123/200]	 Test acc=79.700
[2023-05-05 20:57:07,264][train_vgg.py][line:224][INFO] Best Test acc=81.400
[2023-05-05 20:58:32,729][train_vgg.py][line:207][INFO] Epoch:[124/200]	 loss=33.30956	 acc=99.178
[2023-05-05 20:58:38,781][train_vgg.py][line:215][INFO] Epoch:[124/200]	 Test acc=81.300
[2023-05-05 20:58:38,782][train_vgg.py][line:224][INFO] Best Test acc=81.400
[2023-05-05 21:00:03,802][train_vgg.py][line:207][INFO] Epoch:[125/200]	 loss=33.95249	 acc=99.122
[2023-05-05 21:00:09,702][train_vgg.py][line:215][INFO] Epoch:[125/200]	 Test acc=80.100
[2023-05-05 21:00:09,703][train_vgg.py][line:224][INFO] Best Test acc=81.400
[2023-05-05 21:01:34,769][train_vgg.py][line:207][INFO] Epoch:[126/200]	 loss=33.67261	 acc=99.022
[2023-05-05 21:01:41,313][train_vgg.py][line:215][INFO] Epoch:[126/200]	 Test acc=81.100
[2023-05-05 21:01:41,314][train_vgg.py][line:224][INFO] Best Test acc=81.400
[2023-05-05 21:03:06,476][train_vgg.py][line:207][INFO] Epoch:[127/200]	 loss=24.70559	 acc=99.544
[2023-05-05 21:03:12,355][train_vgg.py][line:215][INFO] Epoch:[127/200]	 Test acc=81.200
[2023-05-05 21:03:12,355][train_vgg.py][line:224][INFO] Best Test acc=81.400
[2023-05-05 21:04:37,499][train_vgg.py][line:207][INFO] Epoch:[128/200]	 loss=25.61166	 acc=99.400
[2023-05-05 21:04:43,341][train_vgg.py][line:215][INFO] Epoch:[128/200]	 Test acc=82.300
[2023-05-05 21:04:43,341][train_vgg.py][line:224][INFO] Best Test acc=82.300
[2023-05-05 21:06:08,843][train_vgg.py][line:207][INFO] Epoch:[129/200]	 loss=26.01997	 acc=99.511
[2023-05-05 21:06:14,688][train_vgg.py][line:215][INFO] Epoch:[129/200]	 Test acc=82.100
[2023-05-05 21:06:14,688][train_vgg.py][line:224][INFO] Best Test acc=82.300
[2023-05-05 21:07:39,842][train_vgg.py][line:207][INFO] Epoch:[130/200]	 loss=30.49431	 acc=99.200
[2023-05-05 21:07:45,775][train_vgg.py][line:215][INFO] Epoch:[130/200]	 Test acc=81.200
[2023-05-05 21:07:45,775][train_vgg.py][line:224][INFO] Best Test acc=82.300
[2023-05-05 21:09:10,875][train_vgg.py][line:207][INFO] Epoch:[131/200]	 loss=35.77761	 acc=98.889
[2023-05-05 21:09:16,733][train_vgg.py][line:215][INFO] Epoch:[131/200]	 Test acc=79.100
[2023-05-05 21:09:16,733][train_vgg.py][line:224][INFO] Best Test acc=82.300
[2023-05-05 21:10:41,848][train_vgg.py][line:207][INFO] Epoch:[132/200]	 loss=28.27630	 acc=99.556
[2023-05-05 21:10:47,756][train_vgg.py][line:215][INFO] Epoch:[132/200]	 Test acc=81.500
[2023-05-05 21:10:47,756][train_vgg.py][line:224][INFO] Best Test acc=82.300
[2023-05-05 21:12:12,831][train_vgg.py][line:207][INFO] Epoch:[133/200]	 loss=27.06351	 acc=99.311
[2023-05-05 21:12:18,812][train_vgg.py][line:215][INFO] Epoch:[133/200]	 Test acc=80.600
[2023-05-05 21:12:18,812][train_vgg.py][line:224][INFO] Best Test acc=82.300
[2023-05-05 21:13:43,914][train_vgg.py][line:207][INFO] Epoch:[134/200]	 loss=24.58223	 acc=99.556
[2023-05-05 21:13:49,742][train_vgg.py][line:215][INFO] Epoch:[134/200]	 Test acc=81.600
[2023-05-05 21:13:49,743][train_vgg.py][line:224][INFO] Best Test acc=82.300
[2023-05-05 21:15:14,820][train_vgg.py][line:207][INFO] Epoch:[135/200]	 loss=25.62380	 acc=99.444
[2023-05-05 21:15:20,717][train_vgg.py][line:215][INFO] Epoch:[135/200]	 Test acc=81.200
[2023-05-05 21:15:20,717][train_vgg.py][line:224][INFO] Best Test acc=82.300
[2023-05-05 21:16:46,158][train_vgg.py][line:207][INFO] Epoch:[136/200]	 loss=22.47015	 acc=99.611
[2023-05-05 21:16:52,003][train_vgg.py][line:215][INFO] Epoch:[136/200]	 Test acc=81.800
[2023-05-05 21:16:52,003][train_vgg.py][line:224][INFO] Best Test acc=82.300
[2023-05-05 21:18:17,125][train_vgg.py][line:207][INFO] Epoch:[137/200]	 loss=16.78878	 acc=99.900
[2023-05-05 21:18:23,114][train_vgg.py][line:215][INFO] Epoch:[137/200]	 Test acc=82.500
[2023-05-05 21:18:23,114][train_vgg.py][line:224][INFO] Best Test acc=82.500
[2023-05-05 21:19:48,775][train_vgg.py][line:207][INFO] Epoch:[138/200]	 loss=13.07913	 acc=99.956
[2023-05-05 21:19:54,673][train_vgg.py][line:215][INFO] Epoch:[138/200]	 Test acc=83.000
[2023-05-05 21:19:54,674][train_vgg.py][line:224][INFO] Best Test acc=83.000
[2023-05-05 21:21:20,478][train_vgg.py][line:207][INFO] Epoch:[139/200]	 loss=14.64799	 acc=99.878
[2023-05-05 21:21:26,486][train_vgg.py][line:215][INFO] Epoch:[139/200]	 Test acc=82.500
[2023-05-05 21:21:26,487][train_vgg.py][line:224][INFO] Best Test acc=83.000
[2023-05-05 21:22:51,680][train_vgg.py][line:207][INFO] Epoch:[140/200]	 loss=14.89362	 acc=99.844
[2023-05-05 21:22:57,570][train_vgg.py][line:215][INFO] Epoch:[140/200]	 Test acc=81.900
[2023-05-05 21:22:57,570][train_vgg.py][line:224][INFO] Best Test acc=83.000
[2023-05-05 21:24:22,825][train_vgg.py][line:207][INFO] Epoch:[141/200]	 loss=13.60007	 acc=99.867
[2023-05-05 21:24:28,688][train_vgg.py][line:215][INFO] Epoch:[141/200]	 Test acc=84.300
[2023-05-05 21:24:28,688][train_vgg.py][line:224][INFO] Best Test acc=84.300
[2023-05-05 21:25:54,603][train_vgg.py][line:207][INFO] Epoch:[142/200]	 loss=12.43201	 acc=99.933
[2023-05-05 21:26:00,461][train_vgg.py][line:215][INFO] Epoch:[142/200]	 Test acc=83.900
[2023-05-05 21:26:00,462][train_vgg.py][line:224][INFO] Best Test acc=84.300
[2023-05-05 21:27:25,697][train_vgg.py][line:207][INFO] Epoch:[143/200]	 loss=12.05522	 acc=99.978
[2023-05-05 21:27:31,836][train_vgg.py][line:215][INFO] Epoch:[143/200]	 Test acc=83.200
[2023-05-05 21:27:31,837][train_vgg.py][line:224][INFO] Best Test acc=84.300
[2023-05-05 21:28:56,928][train_vgg.py][line:207][INFO] Epoch:[144/200]	 loss=10.36157	 acc=99.944
[2023-05-05 21:29:02,723][train_vgg.py][line:215][INFO] Epoch:[144/200]	 Test acc=83.400
[2023-05-05 21:29:02,723][train_vgg.py][line:224][INFO] Best Test acc=84.300
[2023-05-05 21:30:27,917][train_vgg.py][line:207][INFO] Epoch:[145/200]	 loss=8.59931	 acc=99.989
[2023-05-05 21:30:33,908][train_vgg.py][line:215][INFO] Epoch:[145/200]	 Test acc=84.000
[2023-05-05 21:30:33,908][train_vgg.py][line:224][INFO] Best Test acc=84.300
[2023-05-05 21:31:58,996][train_vgg.py][line:207][INFO] Epoch:[146/200]	 loss=7.92487	 acc=100.000
[2023-05-05 21:32:04,843][train_vgg.py][line:215][INFO] Epoch:[146/200]	 Test acc=83.800
[2023-05-05 21:32:04,843][train_vgg.py][line:224][INFO] Best Test acc=84.300
[2023-05-05 21:33:29,969][train_vgg.py][line:207][INFO] Epoch:[147/200]	 loss=7.39231	 acc=100.000
[2023-05-05 21:33:35,791][train_vgg.py][line:215][INFO] Epoch:[147/200]	 Test acc=83.800
[2023-05-05 21:33:35,791][train_vgg.py][line:224][INFO] Best Test acc=84.300
[2023-05-05 21:35:00,958][train_vgg.py][line:207][INFO] Epoch:[148/200]	 loss=7.51091	 acc=100.000
[2023-05-05 21:35:06,898][train_vgg.py][line:215][INFO] Epoch:[148/200]	 Test acc=84.500
[2023-05-05 21:35:06,899][train_vgg.py][line:224][INFO] Best Test acc=84.500
[2023-05-05 21:36:32,628][train_vgg.py][line:207][INFO] Epoch:[149/200]	 loss=6.88108	 acc=100.000
[2023-05-05 21:36:38,662][train_vgg.py][line:215][INFO] Epoch:[149/200]	 Test acc=84.600
[2023-05-05 21:36:38,662][train_vgg.py][line:224][INFO] Best Test acc=84.600
[2023-05-05 21:38:04,176][train_vgg.py][line:207][INFO] Epoch:[150/200]	 loss=6.59490	 acc=100.000
[2023-05-05 21:38:10,038][train_vgg.py][line:215][INFO] Epoch:[150/200]	 Test acc=84.000
[2023-05-05 21:38:10,039][train_vgg.py][line:224][INFO] Best Test acc=84.600
[2023-05-05 21:39:35,026][train_vgg.py][line:207][INFO] Epoch:[151/200]	 loss=6.77446	 acc=99.989
[2023-05-05 21:39:40,938][train_vgg.py][line:215][INFO] Epoch:[151/200]	 Test acc=84.200
[2023-05-05 21:39:40,938][train_vgg.py][line:224][INFO] Best Test acc=84.600
[2023-05-05 21:41:06,262][train_vgg.py][line:207][INFO] Epoch:[152/200]	 loss=6.55568	 acc=99.989
[2023-05-05 21:41:12,124][train_vgg.py][line:215][INFO] Epoch:[152/200]	 Test acc=84.100
[2023-05-05 21:41:12,125][train_vgg.py][line:224][INFO] Best Test acc=84.600
[2023-05-05 21:42:37,875][train_vgg.py][line:207][INFO] Epoch:[153/200]	 loss=6.21907	 acc=100.000
[2023-05-05 21:42:43,817][train_vgg.py][line:215][INFO] Epoch:[153/200]	 Test acc=84.000
[2023-05-05 21:42:43,817][train_vgg.py][line:224][INFO] Best Test acc=84.600
[2023-05-05 21:44:09,258][train_vgg.py][line:207][INFO] Epoch:[154/200]	 loss=6.23442	 acc=100.000
[2023-05-05 21:44:15,737][train_vgg.py][line:215][INFO] Epoch:[154/200]	 Test acc=84.300
[2023-05-05 21:44:15,738][train_vgg.py][line:224][INFO] Best Test acc=84.600
[2023-05-05 21:45:41,002][train_vgg.py][line:207][INFO] Epoch:[155/200]	 loss=5.81149	 acc=100.000
[2023-05-05 21:45:46,900][train_vgg.py][line:215][INFO] Epoch:[155/200]	 Test acc=84.500
[2023-05-05 21:45:46,900][train_vgg.py][line:224][INFO] Best Test acc=84.600
[2023-05-05 21:47:12,170][train_vgg.py][line:207][INFO] Epoch:[156/200]	 loss=5.43430	 acc=100.000
[2023-05-05 21:47:18,069][train_vgg.py][line:215][INFO] Epoch:[156/200]	 Test acc=85.100
[2023-05-05 21:47:18,069][train_vgg.py][line:224][INFO] Best Test acc=85.100
[2023-05-05 21:48:43,876][train_vgg.py][line:207][INFO] Epoch:[157/200]	 loss=5.49297	 acc=100.000
[2023-05-05 21:48:49,795][train_vgg.py][line:215][INFO] Epoch:[157/200]	 Test acc=84.700
[2023-05-05 21:48:49,796][train_vgg.py][line:224][INFO] Best Test acc=85.100
[2023-05-05 21:50:14,958][train_vgg.py][line:207][INFO] Epoch:[158/200]	 loss=5.37550	 acc=100.000
[2023-05-05 21:50:20,862][train_vgg.py][line:215][INFO] Epoch:[158/200]	 Test acc=84.200
[2023-05-05 21:50:20,862][train_vgg.py][line:224][INFO] Best Test acc=85.100
[2023-05-05 21:51:45,961][train_vgg.py][line:207][INFO] Epoch:[159/200]	 loss=5.28703	 acc=100.000
[2023-05-05 21:51:51,861][train_vgg.py][line:215][INFO] Epoch:[159/200]	 Test acc=85.300
[2023-05-05 21:51:51,861][train_vgg.py][line:224][INFO] Best Test acc=85.300
[2023-05-05 21:53:17,434][train_vgg.py][line:207][INFO] Epoch:[160/200]	 loss=5.13604	 acc=100.000
[2023-05-05 21:53:23,357][train_vgg.py][line:215][INFO] Epoch:[160/200]	 Test acc=85.300
[2023-05-05 21:53:23,357][train_vgg.py][line:224][INFO] Best Test acc=85.300
[2023-05-05 21:54:48,544][train_vgg.py][line:207][INFO] Epoch:[161/200]	 loss=5.15179	 acc=100.000
[2023-05-05 21:54:54,561][train_vgg.py][line:215][INFO] Epoch:[161/200]	 Test acc=84.600
[2023-05-05 21:54:54,561][train_vgg.py][line:224][INFO] Best Test acc=85.300
[2023-05-05 21:56:19,783][train_vgg.py][line:207][INFO] Epoch:[162/200]	 loss=5.12211	 acc=100.000
[2023-05-05 21:56:25,784][train_vgg.py][line:215][INFO] Epoch:[162/200]	 Test acc=85.100
[2023-05-05 21:56:25,785][train_vgg.py][line:224][INFO] Best Test acc=85.300
[2023-05-05 21:57:51,130][train_vgg.py][line:207][INFO] Epoch:[163/200]	 loss=4.94504	 acc=100.000
[2023-05-05 21:57:57,055][train_vgg.py][line:215][INFO] Epoch:[163/200]	 Test acc=84.300
[2023-05-05 21:57:57,056][train_vgg.py][line:224][INFO] Best Test acc=85.300
[2023-05-05 21:59:22,245][train_vgg.py][line:207][INFO] Epoch:[164/200]	 loss=5.05973	 acc=100.000
[2023-05-05 21:59:28,313][train_vgg.py][line:215][INFO] Epoch:[164/200]	 Test acc=84.900
[2023-05-05 21:59:28,314][train_vgg.py][line:224][INFO] Best Test acc=85.300
[2023-05-05 22:00:53,437][train_vgg.py][line:207][INFO] Epoch:[165/200]	 loss=5.02896	 acc=100.000
[2023-05-05 22:00:59,280][train_vgg.py][line:215][INFO] Epoch:[165/200]	 Test acc=85.000
[2023-05-05 22:00:59,280][train_vgg.py][line:224][INFO] Best Test acc=85.300
[2023-05-05 22:02:24,549][train_vgg.py][line:207][INFO] Epoch:[166/200]	 loss=4.84992	 acc=100.000
[2023-05-05 22:02:30,402][train_vgg.py][line:215][INFO] Epoch:[166/200]	 Test acc=85.200
[2023-05-05 22:02:30,403][train_vgg.py][line:224][INFO] Best Test acc=85.300
[2023-05-05 22:03:55,420][train_vgg.py][line:207][INFO] Epoch:[167/200]	 loss=5.01393	 acc=100.000
[2023-05-05 22:04:01,318][train_vgg.py][line:215][INFO] Epoch:[167/200]	 Test acc=84.400
[2023-05-05 22:04:01,318][train_vgg.py][line:224][INFO] Best Test acc=85.300
[2023-05-05 22:05:26,410][train_vgg.py][line:207][INFO] Epoch:[168/200]	 loss=4.73210	 acc=100.000
[2023-05-05 22:05:32,288][train_vgg.py][line:215][INFO] Epoch:[168/200]	 Test acc=85.100
[2023-05-05 22:05:32,289][train_vgg.py][line:224][INFO] Best Test acc=85.300
[2023-05-05 22:06:57,636][train_vgg.py][line:207][INFO] Epoch:[169/200]	 loss=4.60745	 acc=100.000
[2023-05-05 22:07:03,543][train_vgg.py][line:215][INFO] Epoch:[169/200]	 Test acc=84.900
[2023-05-05 22:07:03,543][train_vgg.py][line:224][INFO] Best Test acc=85.300
[2023-05-05 22:08:28,692][train_vgg.py][line:207][INFO] Epoch:[170/200]	 loss=4.76450	 acc=100.000
[2023-05-05 22:08:34,521][train_vgg.py][line:215][INFO] Epoch:[170/200]	 Test acc=84.900
[2023-05-05 22:08:34,521][train_vgg.py][line:224][INFO] Best Test acc=85.300
[2023-05-05 22:09:59,887][train_vgg.py][line:207][INFO] Epoch:[171/200]	 loss=4.99479	 acc=100.000
[2023-05-05 22:10:05,779][train_vgg.py][line:215][INFO] Epoch:[171/200]	 Test acc=85.000
[2023-05-05 22:10:05,780][train_vgg.py][line:224][INFO] Best Test acc=85.300
[2023-05-05 22:11:30,921][train_vgg.py][line:207][INFO] Epoch:[172/200]	 loss=4.84946	 acc=100.000
[2023-05-05 22:11:36,784][train_vgg.py][line:215][INFO] Epoch:[172/200]	 Test acc=84.700
[2023-05-05 22:11:36,785][train_vgg.py][line:224][INFO] Best Test acc=85.300
[2023-05-05 22:13:01,895][train_vgg.py][line:207][INFO] Epoch:[173/200]	 loss=4.82618	 acc=100.000
[2023-05-05 22:13:07,732][train_vgg.py][line:215][INFO] Epoch:[173/200]	 Test acc=84.400
[2023-05-05 22:13:07,733][train_vgg.py][line:224][INFO] Best Test acc=85.300
[2023-05-05 22:14:32,859][train_vgg.py][line:207][INFO] Epoch:[174/200]	 loss=4.73892	 acc=100.000
[2023-05-05 22:14:38,795][train_vgg.py][line:215][INFO] Epoch:[174/200]	 Test acc=84.900
[2023-05-05 22:14:38,795][train_vgg.py][line:224][INFO] Best Test acc=85.300
[2023-05-05 22:16:03,848][train_vgg.py][line:207][INFO] Epoch:[175/200]	 loss=4.80410	 acc=100.000
[2023-05-05 22:16:09,743][train_vgg.py][line:215][INFO] Epoch:[175/200]	 Test acc=84.500
[2023-05-05 22:16:09,744][train_vgg.py][line:224][INFO] Best Test acc=85.300
[2023-05-05 22:17:34,864][train_vgg.py][line:207][INFO] Epoch:[176/200]	 loss=4.82976	 acc=100.000
[2023-05-05 22:17:41,046][train_vgg.py][line:215][INFO] Epoch:[176/200]	 Test acc=84.800
[2023-05-05 22:17:41,047][train_vgg.py][line:224][INFO] Best Test acc=85.300
[2023-05-05 22:19:06,094][train_vgg.py][line:207][INFO] Epoch:[177/200]	 loss=4.78546	 acc=100.000
[2023-05-05 22:19:11,978][train_vgg.py][line:215][INFO] Epoch:[177/200]	 Test acc=85.000
[2023-05-05 22:19:11,979][train_vgg.py][line:224][INFO] Best Test acc=85.300
[2023-05-05 22:20:37,211][train_vgg.py][line:207][INFO] Epoch:[178/200]	 loss=5.12788	 acc=100.000
[2023-05-05 22:20:43,115][train_vgg.py][line:215][INFO] Epoch:[178/200]	 Test acc=84.400
[2023-05-05 22:20:43,115][train_vgg.py][line:224][INFO] Best Test acc=85.300
[2023-05-05 22:22:08,190][train_vgg.py][line:207][INFO] Epoch:[179/200]	 loss=4.74186	 acc=100.000
[2023-05-05 22:22:14,079][train_vgg.py][line:215][INFO] Epoch:[179/200]	 Test acc=84.700
[2023-05-05 22:22:14,080][train_vgg.py][line:224][INFO] Best Test acc=85.300
[2023-05-05 22:23:39,371][train_vgg.py][line:207][INFO] Epoch:[180/200]	 loss=4.55361	 acc=100.000
[2023-05-05 22:23:45,235][train_vgg.py][line:215][INFO] Epoch:[180/200]	 Test acc=84.600
[2023-05-05 22:23:45,235][train_vgg.py][line:224][INFO] Best Test acc=85.300
[2023-05-05 22:25:10,370][train_vgg.py][line:207][INFO] Epoch:[181/200]	 loss=4.65770	 acc=100.000
[2023-05-05 22:25:16,273][train_vgg.py][line:215][INFO] Epoch:[181/200]	 Test acc=84.400
[2023-05-05 22:25:16,274][train_vgg.py][line:224][INFO] Best Test acc=85.300
[2023-05-05 22:26:41,290][train_vgg.py][line:207][INFO] Epoch:[182/200]	 loss=4.71125	 acc=100.000
[2023-05-05 22:26:47,142][train_vgg.py][line:215][INFO] Epoch:[182/200]	 Test acc=85.200
[2023-05-05 22:26:47,143][train_vgg.py][line:224][INFO] Best Test acc=85.300
[2023-05-05 22:28:12,299][train_vgg.py][line:207][INFO] Epoch:[183/200]	 loss=4.77175	 acc=100.000
[2023-05-05 22:28:18,197][train_vgg.py][line:215][INFO] Epoch:[183/200]	 Test acc=85.000
[2023-05-05 22:28:18,198][train_vgg.py][line:224][INFO] Best Test acc=85.300
[2023-05-05 22:29:43,415][train_vgg.py][line:207][INFO] Epoch:[184/200]	 loss=4.69457	 acc=100.000
[2023-05-05 22:29:49,321][train_vgg.py][line:215][INFO] Epoch:[184/200]	 Test acc=85.100
[2023-05-05 22:29:49,322][train_vgg.py][line:224][INFO] Best Test acc=85.300
[2023-05-05 22:31:14,728][train_vgg.py][line:207][INFO] Epoch:[185/200]	 loss=4.66324	 acc=100.000
[2023-05-05 22:31:20,846][train_vgg.py][line:215][INFO] Epoch:[185/200]	 Test acc=84.200
[2023-05-05 22:31:20,846][train_vgg.py][line:224][INFO] Best Test acc=85.300
[2023-05-05 22:32:45,869][train_vgg.py][line:207][INFO] Epoch:[186/200]	 loss=4.65352	 acc=100.000
[2023-05-05 22:32:51,795][train_vgg.py][line:215][INFO] Epoch:[186/200]	 Test acc=84.700
[2023-05-05 22:32:51,796][train_vgg.py][line:224][INFO] Best Test acc=85.300
[2023-05-05 22:34:16,938][train_vgg.py][line:207][INFO] Epoch:[187/200]	 loss=4.63498	 acc=100.000
[2023-05-05 22:34:22,876][train_vgg.py][line:215][INFO] Epoch:[187/200]	 Test acc=84.300
[2023-05-05 22:34:22,876][train_vgg.py][line:224][INFO] Best Test acc=85.300
[2023-05-05 22:35:48,088][train_vgg.py][line:207][INFO] Epoch:[188/200]	 loss=4.62965	 acc=100.000
[2023-05-05 22:35:53,906][train_vgg.py][line:215][INFO] Epoch:[188/200]	 Test acc=84.400
[2023-05-05 22:35:53,906][train_vgg.py][line:224][INFO] Best Test acc=85.300
[2023-05-05 22:37:19,061][train_vgg.py][line:207][INFO] Epoch:[189/200]	 loss=4.61628	 acc=100.000
[2023-05-05 22:37:25,164][train_vgg.py][line:215][INFO] Epoch:[189/200]	 Test acc=84.700
[2023-05-05 22:37:25,165][train_vgg.py][line:224][INFO] Best Test acc=85.300
[2023-05-05 22:38:50,528][train_vgg.py][line:207][INFO] Epoch:[190/200]	 loss=4.55060	 acc=100.000
[2023-05-05 22:38:56,391][train_vgg.py][line:215][INFO] Epoch:[190/200]	 Test acc=84.700
[2023-05-05 22:38:56,391][train_vgg.py][line:224][INFO] Best Test acc=85.300
[2023-05-05 22:40:21,575][train_vgg.py][line:207][INFO] Epoch:[191/200]	 loss=4.65322	 acc=100.000
[2023-05-05 22:40:27,486][train_vgg.py][line:215][INFO] Epoch:[191/200]	 Test acc=84.700
[2023-05-05 22:40:27,486][train_vgg.py][line:224][INFO] Best Test acc=85.300
[2023-05-05 22:41:52,566][train_vgg.py][line:207][INFO] Epoch:[192/200]	 loss=4.56061	 acc=100.000
[2023-05-05 22:41:58,661][train_vgg.py][line:215][INFO] Epoch:[192/200]	 Test acc=84.300
[2023-05-05 22:41:58,662][train_vgg.py][line:224][INFO] Best Test acc=85.300
[2023-05-05 22:43:23,838][train_vgg.py][line:207][INFO] Epoch:[193/200]	 loss=4.63291	 acc=100.000
[2023-05-05 22:43:29,726][train_vgg.py][line:215][INFO] Epoch:[193/200]	 Test acc=84.400
[2023-05-05 22:43:29,726][train_vgg.py][line:224][INFO] Best Test acc=85.300
[2023-05-05 22:44:54,923][train_vgg.py][line:207][INFO] Epoch:[194/200]	 loss=4.53379	 acc=100.000
[2023-05-05 22:45:00,903][train_vgg.py][line:215][INFO] Epoch:[194/200]	 Test acc=84.600
[2023-05-05 22:45:00,904][train_vgg.py][line:224][INFO] Best Test acc=85.300
[2023-05-05 22:46:26,103][train_vgg.py][line:207][INFO] Epoch:[195/200]	 loss=4.61285	 acc=100.000
[2023-05-05 22:46:31,996][train_vgg.py][line:215][INFO] Epoch:[195/200]	 Test acc=84.500
[2023-05-05 22:46:31,996][train_vgg.py][line:224][INFO] Best Test acc=85.300
[2023-05-05 22:47:57,141][train_vgg.py][line:207][INFO] Epoch:[196/200]	 loss=4.50402	 acc=100.000
[2023-05-05 22:48:02,961][train_vgg.py][line:215][INFO] Epoch:[196/200]	 Test acc=84.900
[2023-05-05 22:48:02,962][train_vgg.py][line:224][INFO] Best Test acc=85.300
[2023-05-05 22:49:27,918][train_vgg.py][line:207][INFO] Epoch:[197/200]	 loss=4.53858	 acc=100.000
[2023-05-05 22:49:33,932][train_vgg.py][line:215][INFO] Epoch:[197/200]	 Test acc=84.400
[2023-05-05 22:49:33,932][train_vgg.py][line:224][INFO] Best Test acc=85.300
[2023-05-05 22:50:59,298][train_vgg.py][line:207][INFO] Epoch:[198/200]	 loss=4.60332	 acc=100.000
[2023-05-05 22:51:05,506][train_vgg.py][line:215][INFO] Epoch:[198/200]	 Test acc=84.400
[2023-05-05 22:51:05,507][train_vgg.py][line:224][INFO] Best Test acc=85.300
[2023-05-05 22:52:31,104][train_vgg.py][line:207][INFO] Epoch:[199/200]	 loss=4.59826	 acc=100.000
[2023-05-05 22:52:36,990][train_vgg.py][line:215][INFO] Epoch:[199/200]	 Test acc=84.400
[2023-05-05 22:52:36,991][train_vgg.py][line:224][INFO] Best Test acc=85.300
